<?xml version="1.0" encoding="UTF-8"?>
<coverage generated="1723058484770" clover="3.2.0">
  <project timestamp="1723058484770" name="All files">
    <metrics statements="587" coveredstatements="586" conditionals="604" coveredconditionals="590" methods="59" coveredmethods="59" elements="1250" coveredelements="1235" complexity="0" loc="587" ncloc="587" packages="3" files="25" classes="25"/>
    <package name="src">
      <metrics statements="406" coveredstatements="405" conditionals="363" coveredconditionals="356" methods="43" coveredmethods="43"/>
      <file name="boolean-string.mjs" path="/Users/zane/playground/string-input/src/boolean-string.mjs">
        <metrics statements="37" coveredstatements="37" conditionals="44" coveredconditionals="44" methods="1" coveredmethods="1"/>
        <line num="1" count="1" type="stmt"/>
        <line num="3" count="1" type="stmt"/>
        <line num="4" count="1" type="stmt"/>
        <line num="5" count="1" type="stmt"/>
        <line num="6" count="1" type="stmt"/>
        <line num="7" count="1" type="stmt"/>
        <line num="26" count="34" type="cond" truecount="6" falsecount="0"/>
        <line num="29" count="34" type="cond" truecount="2" falsecount="0"/>
        <line num="30" count="34" type="cond" truecount="2" falsecount="0"/>
        <line num="31" count="34" type="cond" truecount="2" falsecount="0"/>
        <line num="32" count="34" type="cond" truecount="2" falsecount="0"/>
        <line num="33" count="34" type="stmt"/>
        <line num="35" count="34" type="stmt"/>
        <line num="36" count="34" type="stmt"/>
        <line num="38" count="34" type="stmt"/>
        <line num="40" count="34" type="cond" truecount="6" falsecount="0"/>
        <line num="41" count="5" type="stmt"/>
        <line num="44" count="29" type="cond" truecount="6" falsecount="0"/>
        <line num="45" count="5" type="stmt"/>
        <line num="49" count="24" type="cond" truecount="2" falsecount="0"/>
        <line num="50" count="6" type="stmt"/>
        <line num="51" count="18" type="cond" truecount="2" falsecount="0"/>
        <line num="52" count="5" type="stmt"/>
        <line num="54" count="13" type="stmt"/>
        <line num="55" count="13" type="cond" truecount="4" falsecount="0"/>
        <line num="56" count="3" type="stmt"/>
        <line num="57" count="10" type="cond" truecount="3" falsecount="0"/>
        <line num="59" count="3" type="stmt"/>
        <line num="61" count="7" type="cond" truecount="5" falsecount="0"/>
        <line num="62" count="3" type="stmt"/>
        <line num="63" count="4" type="cond" truecount="2" falsecount="0"/>
        <line num="64" count="3" type="stmt"/>
        <line num="66" count="1" type="stmt"/>
        <line num="70" count="17" type="stmt"/>
        <line num="71" count="17" type="stmt"/>
        <line num="72" count="17" type="stmt"/>
        <line num="74" count="17" type="stmt"/>
      </file>
      <file name="card-number.mjs" path="/Users/zane/playground/string-input/src/card-number.mjs">
        <metrics statements="43" coveredstatements="43" conditionals="25" coveredconditionals="24" methods="2" coveredmethods="2"/>
        <line num="1" count="1" type="stmt"/>
        <line num="3" count="1" type="stmt"/>
        <line num="4" count="1" type="stmt"/>
        <line num="5" count="1" type="stmt"/>
        <line num="6" count="1" type="stmt"/>
        <line num="8" count="1" type="stmt"/>
        <line num="9" count="1" type="stmt"/>
        <line num="10" count="1" type="stmt"/>
        <line num="28" count="46" type="cond" truecount="6" falsecount="0"/>
        <line num="32" count="46" type="cond" truecount="1" falsecount="1"/>
        <line num="33" count="46" type="stmt"/>
        <line num="35" count="46" type="stmt"/>
        <line num="36" count="46" type="stmt"/>
        <line num="38" count="42" type="cond" truecount="1" falsecount="0"/>
        <line num="39" count="2" type="stmt"/>
        <line num="42" count="40" type="stmt"/>
        <line num="43" count="40" type="cond" truecount="3" falsecount="0"/>
        <line num="44" count="4" type="stmt"/>
        <line num="47" count="36" type="cond" truecount="3" falsecount="0"/>
        <line num="48" count="19" type="cond" truecount="1" falsecount="0"/>
        <line num="49" count="5" type="cond" truecount="1" falsecount="0"/>
        <line num="50" count="2" type="stmt"/>
        <line num="52" count="3" type="stmt"/>
        <line num="54" count="14" type="stmt"/>
        <line num="55" count="14" type="cond" truecount="2" falsecount="0"/>
        <line num="56" count="6" type="stmt"/>
        <line num="57" count="8" type="cond" truecount="2" falsecount="0"/>
        <line num="58" count="6" type="stmt"/>
        <line num="59" count="6" type="cond" truecount="1" falsecount="0"/>
        <line num="60" count="2" type="stmt"/>
        <line num="62" count="4" type="stmt"/>
        <line num="63" count="4" type="stmt"/>
        <line num="64" count="4" type="stmt"/>
        <line num="65" count="4" type="stmt"/>
        <line num="66" count="4" type="cond" truecount="2" falsecount="0"/>
        <line num="68" count="2" type="stmt"/>
        <line num="71" count="8" type="stmt"/>
        <line num="74" count="22" type="stmt"/>
        <line num="75" count="22" type="stmt"/>
        <line num="77" count="18" type="cond" truecount="1" falsecount="0"/>
        <line num="78" count="2" type="stmt"/>
        <line num="81" count="16" type="stmt"/>
        <line num="83" count="12" type="stmt"/>
      </file>
      <file name="date-time.mjs" path="/Users/zane/playground/string-input/src/date-time.mjs">
        <metrics statements="77" coveredstatements="77" conditionals="38" coveredconditionals="38" methods="16" coveredmethods="16"/>
        <line num="1" count="1" type="stmt"/>
        <line num="3" count="1" type="stmt"/>
        <line num="4" count="1" type="stmt"/>
        <line num="5" count="1" type="stmt"/>
        <line num="6" count="1" type="stmt"/>
        <line num="7" count="1" type="stmt"/>
        <line num="8" count="1" type="stmt"/>
        <line num="9" count="1" type="stmt"/>
        <line num="10" count="1" type="stmt"/>
        <line num="11" count="1" type="stmt"/>
        <line num="12" count="1" type="stmt"/>
        <line num="57" count="83" type="cond" truecount="6" falsecount="0"/>
        <line num="58" count="83" type="stmt"/>
        <line num="59" count="83" type="stmt"/>
        <line num="61" count="83" type="stmt"/>
        <line num="62" count="83" type="stmt"/>
        <line num="66" count="77" type="stmt"/>
        <line num="67" count="77" type="cond" truecount="1" falsecount="0"/>
        <line num="68" count="1" type="stmt"/>
        <line num="71" count="77" type="stmt"/>
        <line num="72" count="77" type="cond" truecount="1" falsecount="0"/>
        <line num="73" count="1" type="stmt"/>
        <line num="76" count="77" type="cond" truecount="1" falsecount="0"/>
        <line num="77" count="75" type="stmt"/>
        <line num="80" count="66" type="cond" truecount="3" falsecount="0"/>
        <line num="81" count="2" type="stmt"/>
        <line num="84" count="64" type="stmt"/>
        <line num="85" count="64" type="stmt"/>
        <line num="90" count="62" type="cond" truecount="2" falsecount="0"/>
        <line num="91" count="6" type="stmt"/>
        <line num="92" count="56" type="cond" truecount="2" falsecount="0"/>
        <line num="93" count="1" type="stmt"/>
        <line num="94" count="1" type="stmt"/>
        <line num="95" count="55" type="cond" truecount="2" falsecount="0"/>
        <line num="96" count="3" type="stmt"/>
        <line num="97" count="52" type="cond" truecount="7" falsecount="0"/>
        <line num="98" count="2" type="stmt"/>
        <line num="100" count="58" type="cond" truecount="2" falsecount="0"/>
        <line num="101" count="6" type="stmt"/>
        <line num="102" count="52" type="cond" truecount="2" falsecount="0"/>
        <line num="103" count="1" type="stmt"/>
        <line num="104" count="1" type="stmt"/>
        <line num="105" count="51" type="cond" truecount="2" falsecount="0"/>
        <line num="106" count="3" type="stmt"/>
        <line num="107" count="48" type="cond" truecount="7" falsecount="0"/>
        <line num="108" count="2" type="stmt"/>
        <line num="110" count="54" type="stmt"/>
        <line num="112" count="42" type="stmt"/>
        <line num="114" count="40" type="stmt"/>
        <line num="117" count="1" type="stmt"/>
        <line num="118" count="12" type="stmt"/>
        <line num="119" count="12" type="stmt"/>
        <line num="120" count="12" type="stmt"/>
        <line num="121" count="12" type="stmt"/>
        <line num="122" count="12" type="stmt"/>
        <line num="123" count="12" type="stmt"/>
        <line num="124" count="12" type="stmt"/>
        <line num="125" count="12" type="stmt"/>
        <line num="127" count="12" type="stmt"/>
        <line num="130" count="66" type="stmt"/>
        <line num="131" count="66" type="stmt"/>
        <line num="132" count="66" type="stmt"/>
        <line num="133" count="66" type="stmt"/>
        <line num="135" count="66" type="stmt"/>
        <line num="136" count="6" type="stmt"/>
        <line num="137" count="33" type="stmt"/>
        <line num="138" count="30" type="stmt"/>
        <line num="139" count="30" type="stmt"/>
        <line num="140" count="20" type="stmt"/>
        <line num="141" count="30" type="stmt"/>
        <line num="142" count="30" type="stmt"/>
        <line num="143" count="30" type="stmt"/>
        <line num="144" count="30" type="stmt"/>
        <line num="145" count="18" type="stmt"/>
        <line num="146" count="18" type="stmt"/>
        <line num="147" count="3" type="stmt"/>
        <line num="151" count="44" type="stmt"/>
      </file>
      <file name="day.mjs" path="/Users/zane/playground/string-input/src/day.mjs">
        <metrics statements="59" coveredstatements="59" conditionals="95" coveredconditionals="92" methods="9" coveredmethods="9"/>
        <line num="1" count="1" type="stmt"/>
        <line num="3" count="1" type="stmt"/>
        <line num="4" count="1" type="stmt"/>
        <line num="5" count="1" type="stmt"/>
        <line num="6" count="1" type="stmt"/>
        <line num="7" count="1" type="stmt"/>
        <line num="8" count="1" type="stmt"/>
        <line num="37" count="77" type="cond" truecount="6" falsecount="0"/>
        <line num="38" count="77" type="stmt"/>
        <line num="39" count="77" type="stmt"/>
        <line num="41" count="77" type="stmt"/>
        <line num="42" count="77" type="stmt"/>
        <line num="44" count="70" type="stmt"/>
        <line num="45" count="70" type="stmt"/>
        <line num="46" count="70" type="stmt"/>
        <line num="48" count="70" type="cond" truecount="2" falsecount="0"/>
        <line num="52" count="70" type="cond" truecount="2" falsecount="0"/>
        <line num="53" count="2" type="stmt"/>
        <line num="54" count="68" type="cond" truecount="1" falsecount="0"/>
        <line num="55" count="6" type="stmt"/>
        <line num="58" count="62" type="stmt"/>
        <line num="59" count="62" type="stmt"/>
        <line num="61" count="60" type="cond" truecount="11" falsecount="0"/>
        <line num="62" count="60" type="cond" truecount="14" falsecount="1"/>
        <line num="64" count="60" type="cond" truecount="2" falsecount="0"/>
        <line num="65" count="50" type="stmt"/>
        <line num="67" count="10" type="cond" truecount="9" falsecount="1"/>
        <line num="69" count="60" type="cond" truecount="14" falsecount="1"/>
        <line num="73" count="60" type="stmt"/>
        <line num="75" count="60" type="cond" truecount="2" falsecount="0"/>
        <line num="76" count="6" type="stmt"/>
        <line num="77" count="54" type="cond" truecount="2" falsecount="0"/>
        <line num="78" count="3" type="stmt"/>
        <line num="79" count="51" type="cond" truecount="6" falsecount="0"/>
        <line num="80" count="3" type="stmt"/>
        <line num="81" count="48" type="cond" truecount="3" falsecount="0"/>
        <line num="82" count="2" type="stmt"/>
        <line num="84" count="56" type="cond" truecount="2" falsecount="0"/>
        <line num="85" count="6" type="stmt"/>
        <line num="86" count="50" type="cond" truecount="2" falsecount="0"/>
        <line num="87" count="3" type="stmt"/>
        <line num="88" count="47" type="cond" truecount="6" falsecount="0"/>
        <line num="89" count="3" type="stmt"/>
        <line num="90" count="44" type="cond" truecount="3" falsecount="0"/>
        <line num="91" count="2" type="stmt"/>
        <line num="93" count="52" type="stmt"/>
        <line num="95" count="16" type="stmt"/>
        <line num="103" count="36" type="cond" truecount="1" falsecount="0"/>
        <line num="104" count="2" type="stmt"/>
        <line num="107" count="34" type="stmt"/>
        <line num="109" count="34" type="stmt"/>
        <line num="111" count="32" type="stmt"/>
        <line num="114" count="34" type="stmt"/>
        <line num="115" count="6" type="stmt"/>
        <line num="116" count="19" type="stmt"/>
        <line num="117" count="19" type="stmt"/>
        <line num="118" count="22" type="stmt"/>
        <line num="119" count="14" type="stmt"/>
        <line num="120" count="1" type="stmt"/>
      </file>
      <file name="ein.mjs" path="/Users/zane/playground/string-input/src/ein.mjs">
        <metrics statements="17" coveredstatements="17" conditionals="7" coveredconditionals="7" methods="1" coveredmethods="1"/>
        <line num="1" count="1" type="stmt"/>
        <line num="3" count="1" type="stmt"/>
        <line num="4" count="1" type="stmt"/>
        <line num="5" count="1" type="stmt"/>
        <line num="6" count="1" type="stmt"/>
        <line num="19" count="18" type="cond" truecount="6" falsecount="0"/>
        <line num="20" count="18" type="stmt"/>
        <line num="22" count="18" type="stmt"/>
        <line num="23" count="18" type="stmt"/>
        <line num="25" count="18" type="stmt"/>
        <line num="26" count="18" type="cond" truecount="1" falsecount="0"/>
        <line num="27" count="6" type="stmt"/>
        <line num="29" count="12" type="stmt"/>
        <line num="30" count="12" type="stmt"/>
        <line num="32" count="8" type="stmt"/>
        <line num="34" count="8" type="stmt"/>
        <line num="36" count="4" type="stmt"/>
      </file>
      <file name="email.mjs" path="/Users/zane/playground/string-input/src/email.mjs">
        <metrics statements="18" coveredstatements="17" conditionals="9" coveredconditionals="8" methods="1" coveredmethods="1"/>
        <line num="1" count="1" type="stmt"/>
        <line num="3" count="1" type="stmt"/>
        <line num="4" count="1" type="stmt"/>
        <line num="104" count="46" type="cond" truecount="6" falsecount="0"/>
        <line num="105" count="46" type="stmt"/>
        <line num="107" count="46" type="stmt"/>
        <line num="109" count="46" type="stmt"/>
        <line num="111" count="46" type="cond" truecount="1" falsecount="0"/>
        <line num="112" count="9" type="stmt"/>
        <line num="115" count="46" type="stmt"/>
        <line num="116" count="46" type="stmt"/>
        <line num="117" count="46" type="stmt"/>
        <line num="118" count="46" type="stmt"/>
        <line num="120" count="46" type="cond" truecount="1" falsecount="0"/>
        <line num="121" count="36" type="cond" truecount="0" falsecount="1"/>
        <line num="122" count="0" type="stmt"/>
        <line num="124" count="36" type="stmt"/>
        <line num="127" count="10" type="stmt"/>
      </file>
      <file name="integer.mjs" path="/Users/zane/playground/string-input/src/integer.mjs">
        <metrics statements="27" coveredstatements="27" conditionals="17" coveredconditionals="17" methods="1" coveredmethods="1"/>
        <line num="1" count="1" type="stmt"/>
        <line num="3" count="1" type="stmt"/>
        <line num="4" count="1" type="stmt"/>
        <line num="5" count="1" type="stmt"/>
        <line num="6" count="1" type="stmt"/>
        <line num="7" count="1" type="stmt"/>
        <line num="9" count="1" type="stmt"/>
        <line num="27" count="33" type="cond" truecount="6" falsecount="0"/>
        <line num="34" count="33" type="stmt"/>
        <line num="36" count="33" type="stmt"/>
        <line num="37" count="33" type="stmt"/>
        <line num="39" count="27" type="cond" truecount="4" falsecount="0"/>
        <line num="40" count="6" type="stmt"/>
        <line num="41" count="6" type="cond" truecount="1" falsecount="0"/>
        <line num="42" count="2" type="stmt"/>
        <line num="44" count="6" type="stmt"/>
        <line num="45" count="21" type="cond" truecount="3" falsecount="0"/>
        <line num="46" count="2" type="stmt"/>
        <line num="47" count="2" type="stmt"/>
        <line num="50" count="19" type="stmt"/>
        <line num="51" count="19" type="stmt"/>
        <line num="52" count="17" type="stmt"/>
        <line num="53" count="17" type="stmt"/>
        <line num="54" count="13" type="cond" truecount="3" falsecount="0"/>
        <line num="55" count="2" type="stmt"/>
        <line num="57" count="11" type="stmt"/>
        <line num="59" count="9" type="stmt"/>
      </file>
      <file name="numeric.mjs" path="/Users/zane/playground/string-input/src/numeric.mjs">
        <metrics statements="22" coveredstatements="22" conditionals="14" coveredconditionals="14" methods="1" coveredmethods="1"/>
        <line num="1" count="1" type="stmt"/>
        <line num="2" count="1" type="stmt"/>
        <line num="3" count="1" type="stmt"/>
        <line num="4" count="1" type="stmt"/>
        <line num="5" count="1" type="stmt"/>
        <line num="7" count="1" type="stmt"/>
        <line num="25" count="27" type="cond" truecount="6" falsecount="0"/>
        <line num="26" count="27" type="stmt"/>
        <line num="28" count="27" type="stmt"/>
        <line num="29" count="27" type="stmt"/>
        <line num="31" count="27" type="cond" truecount="4" falsecount="0"/>
        <line num="32" count="2" type="stmt"/>
        <line num="33" count="25" type="cond" truecount="1" falsecount="0"/>
        <line num="34" count="4" type="stmt"/>
        <line num="37" count="21" type="stmt"/>
        <line num="38" count="21" type="stmt"/>
        <line num="40" count="21" type="stmt"/>
        <line num="41" count="21" type="stmt"/>
        <line num="42" count="17" type="cond" truecount="3" falsecount="0"/>
        <line num="43" count="2" type="stmt"/>
        <line num="46" count="15" type="stmt"/>
        <line num="48" count="15" type="stmt"/>
      </file>
      <file name="ssn.mjs" path="/Users/zane/playground/string-input/src/ssn.mjs">
        <metrics statements="17" coveredstatements="17" conditionals="7" coveredconditionals="7" methods="1" coveredmethods="1"/>
        <line num="1" count="1" type="stmt"/>
        <line num="3" count="1" type="stmt"/>
        <line num="4" count="1" type="stmt"/>
        <line num="5" count="1" type="stmt"/>
        <line num="6" count="1" type="stmt"/>
        <line num="19" count="18" type="cond" truecount="6" falsecount="0"/>
        <line num="20" count="18" type="stmt"/>
        <line num="22" count="18" type="stmt"/>
        <line num="23" count="18" type="stmt"/>
        <line num="25" count="18" type="stmt"/>
        <line num="26" count="18" type="cond" truecount="1" falsecount="0"/>
        <line num="27" count="10" type="stmt"/>
        <line num="29" count="8" type="stmt"/>
        <line num="30" count="8" type="stmt"/>
        <line num="32" count="6" type="stmt"/>
        <line num="34" count="6" type="stmt"/>
        <line num="36" count="4" type="stmt"/>
      </file>
      <file name="time-of-day.mjs" path="/Users/zane/playground/string-input/src/time-of-day.mjs">
        <metrics statements="57" coveredstatements="57" conditionals="77" coveredconditionals="75" methods="9" coveredmethods="9"/>
        <line num="1" count="1" type="stmt"/>
        <line num="3" count="1" type="stmt"/>
        <line num="4" count="1" type="stmt"/>
        <line num="5" count="1" type="stmt"/>
        <line num="6" count="1" type="stmt"/>
        <line num="7" count="1" type="stmt"/>
        <line num="38" count="39" type="cond" truecount="6" falsecount="0"/>
        <line num="39" count="39" type="stmt"/>
        <line num="40" count="39" type="stmt"/>
        <line num="42" count="39" type="stmt"/>
        <line num="43" count="39" type="stmt"/>
        <line num="45" count="35" type="stmt"/>
        <line num="46" count="35" type="stmt"/>
        <line num="47" count="35" type="stmt"/>
        <line num="49" count="35" type="cond" truecount="4" falsecount="0"/>
        <line num="50" count="3" type="stmt"/>
        <line num="53" count="32" type="cond" truecount="10" falsecount="0"/>
        <line num="54" count="32" type="cond" truecount="1" falsecount="0"/>
        <line num="55" count="1" type="stmt"/>
        <line num="58" count="31" type="stmt"/>
        <line num="59" count="31" type="stmt"/>
        <line num="61" count="30" type="stmt"/>
        <line num="63" count="30" type="cond" truecount="1" falsecount="0"/>
        <line num="64" count="4" type="stmt"/>
        <line num="66" count="29" type="cond" truecount="1" falsecount="0"/>
        <line num="67" count="4" type="stmt"/>
        <line num="69" count="28" type="stmt"/>
        <line num="71" count="26" type="stmt"/>
        <line num="73" count="25" type="stmt"/>
        <line num="76" count="1" type="stmt"/>
        <line num="77" count="2" type="stmt"/>
        <line num="78" count="2" type="stmt"/>
        <line num="79" count="2" type="stmt"/>
        <line num="80" count="2" type="stmt"/>
        <line num="82" count="2" type="stmt"/>
        <line num="85" count="30" type="stmt"/>
        <line num="87" count="30" type="cond" truecount="2" falsecount="0"/>
        <line num="88" count="3" type="stmt"/>
        <line num="89" count="3" type="stmt"/>
        <line num="90" count="3" type="stmt"/>
        <line num="91" count="3" type="stmt"/>
        <line num="93" count="27" type="cond" truecount="2" falsecount="0"/>
        <line num="94" count="5" type="cond" truecount="2" falsecount="0"/>
        <line num="95" count="5" type="cond" truecount="1" falsecount="0"/>
        <line num="96" count="1" type="stmt"/>
        <line num="99" count="22" type="cond" truecount="9" falsecount="1"/>
        <line num="101" count="27" type="cond" truecount="14" falsecount="1"/>
        <line num="102" count="27" type="cond" truecount="11" falsecount="0"/>
        <line num="103" count="27" type="cond" truecount="11" falsecount="0"/>
        <line num="104" count="27" type="stmt"/>
        <line num="107" count="30" type="stmt"/>
        <line num="108" count="19" type="stmt"/>
        <line num="109" count="18" type="stmt"/>
        <line num="110" count="18" type="stmt"/>
        <line num="111" count="20" type="stmt"/>
        <line num="112" count="18" type="stmt"/>
        <line num="113" count="12" type="stmt"/>
      </file>
      <file name="validated-string.mjs" path="/Users/zane/playground/string-input/src/validated-string.mjs">
        <metrics statements="32" coveredstatements="32" conditionals="30" coveredconditionals="30" methods="1" coveredmethods="1"/>
        <line num="1" count="1" type="stmt"/>
        <line num="2" count="1" type="stmt"/>
        <line num="3" count="1" type="stmt"/>
        <line num="4" count="1" type="stmt"/>
        <line num="26" count="34" type="cond" truecount="6" falsecount="0"/>
        <line num="36" count="34" type="stmt"/>
        <line num="37" count="34" type="stmt"/>
        <line num="39" count="34" type="stmt"/>
        <line num="40" count="34" type="stmt"/>
        <line num="42" count="34" type="cond" truecount="3" falsecount="0"/>
        <line num="43" count="2" type="stmt"/>
        <line num="45" count="32" type="cond" truecount="3" falsecount="0"/>
        <line num="46" count="2" type="stmt"/>
        <line num="49" count="30" type="cond" truecount="3" falsecount="0"/>
        <line num="50" count="2" type="stmt"/>
        <line num="52" count="28" type="cond" truecount="3" falsecount="0"/>
        <line num="53" count="2" type="stmt"/>
        <line num="56" count="26" type="cond" truecount="1" falsecount="0"/>
        <line num="57" count="4" type="cond" truecount="1" falsecount="0"/>
        <line num="58" count="3" type="stmt"/>
        <line num="60" count="4" type="cond" truecount="1" falsecount="0"/>
        <line num="61" count="2" type="stmt"/>
        <line num="65" count="24" type="cond" truecount="3" falsecount="0"/>
        <line num="66" count="2" type="stmt"/>
        <line num="68" count="22" type="cond" truecount="3" falsecount="0"/>
        <line num="69" count="2" type="stmt"/>
        <line num="72" count="20" type="cond" truecount="3" falsecount="0"/>
        <line num="73" count="2" type="stmt"/>
        <line num="76" count="18" type="stmt"/>
        <line num="77" count="18" type="stmt"/>
        <line num="78" count="16" type="stmt"/>
        <line num="80" count="14" type="stmt"/>
      </file>
    </package>
    <package name="src.lib">
      <metrics statements="39" coveredstatements="39" conditionals="31" coveredconditionals="29" methods="8" coveredmethods="8"/>
      <file name="check-max-min.mjs" path="/Users/zane/playground/string-input/src/lib/check-max-min.mjs">
        <metrics statements="5" coveredstatements="5" conditionals="8" coveredconditionals="8" methods="2" coveredmethods="2"/>
        <line num="1" count="172" type="cond" truecount="2" falsecount="0"/>
        <line num="2" count="172" type="cond" truecount="3" falsecount="0"/>
        <line num="3" count="19" type="stmt"/>
        <line num="5" count="153" type="cond" truecount="3" falsecount="0"/>
        <line num="6" count="19" type="stmt"/>
      </file>
      <file name="check-validate-input.mjs" path="/Users/zane/playground/string-input/src/lib/check-validate-input.mjs">
        <metrics statements="3" coveredstatements="3" conditionals="4" coveredconditionals="3" methods="1" coveredmethods="1"/>
        <line num="1" count="10" type="stmt"/>
        <line num="3" count="274" type="cond" truecount="3" falsecount="1"/>
        <line num="4" count="274" type="stmt"/>
      </file>
      <file name="check-validate-value.mjs" path="/Users/zane/playground/string-input/src/lib/check-validate-value.mjs">
        <metrics statements="3" coveredstatements="3" conditionals="4" coveredconditionals="3" methods="1" coveredmethods="1"/>
        <line num="1" count="10" type="stmt"/>
        <line num="3" count="191" type="cond" truecount="3" falsecount="1"/>
        <line num="4" count="191" type="stmt"/>
      </file>
      <file name="describe-input.mjs" path="/Users/zane/playground/string-input/src/lib/describe-input.mjs">
        <metrics statements="1" coveredstatements="1" conditionals="2" coveredconditionals="2" methods="1" coveredmethods="1"/>
        <line num="1" count="455" type="cond" truecount="2" falsecount="0"/>
      </file>
      <file name="possible-boolean-values.mjs" path="/Users/zane/playground/string-input/src/lib/possible-boolean-values.mjs">
        <metrics statements="14" coveredstatements="14" conditionals="5" coveredconditionals="5" methods="1" coveredmethods="1"/>
        <line num="1" count="22" type="stmt"/>
        <line num="2" count="22" type="stmt"/>
        <line num="3" count="22" type="cond" truecount="1" falsecount="0"/>
        <line num="4" count="16" type="stmt"/>
        <line num="6" count="22" type="cond" truecount="1" falsecount="0"/>
        <line num="7" count="16" type="stmt"/>
        <line num="8" count="16" type="cond" truecount="1" falsecount="0"/>
        <line num="9" count="10" type="stmt"/>
        <line num="12" count="22" type="cond" truecount="1" falsecount="0"/>
        <line num="13" count="18" type="stmt"/>
        <line num="14" count="18" type="cond" truecount="1" falsecount="0"/>
        <line num="15" count="1" type="stmt"/>
        <line num="17" count="18" type="stmt"/>
        <line num="19" count="22" type="stmt"/>
      </file>
      <file name="type-checks.mjs" path="/Users/zane/playground/string-input/src/lib/type-checks.mjs">
        <metrics statements="5" coveredstatements="5" conditionals="4" coveredconditionals="4" methods="1" coveredmethods="1"/>
        <line num="1" count="11" type="stmt"/>
        <line num="2" count="455" type="cond" truecount="3" falsecount="0"/>
        <line num="3" count="20" type="stmt"/>
        <line num="5" count="435" type="cond" truecount="1" falsecount="0"/>
        <line num="6" count="7" type="stmt"/>
      </file>
      <file name="validate-helper.mjs" path="/Users/zane/playground/string-input/src/lib/validate-helper.mjs">
        <metrics statements="8" coveredstatements="8" conditionals="4" coveredconditionals="4" methods="1" coveredmethods="1"/>
        <line num="1" count="465" type="stmt"/>
        <line num="2" count="465" type="cond" truecount="1" falsecount="0"/>
        <line num="4" count="56" type="stmt"/>
        <line num="5" count="56" type="stmt"/>
        <line num="6" count="56" type="cond" truecount="2" falsecount="0"/>
        <line num="7" count="8" type="stmt"/>
        <line num="8" count="48" type="cond" truecount="1" falsecount="0"/>
        <line num="9" count="30" type="stmt"/>
      </file>
    </package>
    <package name="src.lib.date-time">
      <metrics statements="142" coveredstatements="142" conditionals="210" coveredconditionals="205" methods="8" coveredmethods="8"/>
      <file name="convert-month-name.mjs" path="/Users/zane/playground/string-input/src/lib/date-time/convert-month-name.mjs">
        <metrics statements="14" coveredstatements="14" conditionals="12" coveredconditionals="12" methods="1" coveredmethods="1"/>
        <line num="1" count="5" type="stmt"/>
        <line num="2" count="76" type="cond" truecount="12" falsecount="0"/>
        <line num="3" count="65" type="stmt"/>
        <line num="4" count="1" type="stmt"/>
        <line num="5" count="1" type="stmt"/>
        <line num="6" count="1" type="stmt"/>
        <line num="7" count="1" type="stmt"/>
        <line num="8" count="1" type="stmt"/>
        <line num="9" count="1" type="stmt"/>
        <line num="10" count="1" type="stmt"/>
        <line num="11" count="1" type="stmt"/>
        <line num="12" count="1" type="stmt"/>
        <line num="13" count="1" type="stmt"/>
        <line num="14" count="1" type="stmt"/>
      </file>
      <file name="convert-timezone-offset-to-string.mjs" path="/Users/zane/playground/string-input/src/lib/date-time/convert-timezone-offset-to-string.mjs">
        <metrics statements="5" coveredstatements="5" conditionals="2" coveredconditionals="2" methods="1" coveredmethods="1"/>
        <line num="1" count="2" type="stmt"/>
        <line num="2" count="80" type="stmt"/>
        <line num="3" count="80" type="stmt"/>
        <line num="7" count="80" type="cond" truecount="2" falsecount="0"/>
        <line num="11" count="80" type="stmt"/>
      </file>
      <file name="get-timezone-offset.mjs" path="/Users/zane/playground/string-input/src/lib/date-time/get-timezone-offset.mjs">
        <metrics statements="18" coveredstatements="18" conditionals="11" coveredconditionals="11" methods="1" coveredmethods="1"/>
        <line num="1" count="5" type="stmt"/>
        <line num="3" count="109" type="stmt"/>
        <line num="4" count="109" type="cond" truecount="2" falsecount="0"/>
        <line num="7" count="41" type="stmt"/>
        <line num="8" count="68" type="cond" truecount="4" falsecount="0"/>
        <line num="9" count="39" type="stmt"/>
        <line num="11" count="29" type="stmt"/>
        <line num="12" count="29" type="cond" truecount="2" falsecount="0"/>
        <line num="13" count="25" type="cond" truecount="2" falsecount="0"/>
        <line num="14" count="25" type="stmt"/>
        <line num="15" count="25" type="stmt"/>
        <line num="16" count="25" type="stmt"/>
        <line num="18" count="4" type="stmt"/>
        <line num="19" count="4" type="stmt"/>
        <line num="20" count="4" type="cond" truecount="1" falsecount="0"/>
        <line num="21" count="1" type="stmt"/>
        <line num="23" count="3" type="stmt"/>
        <line num="24" count="3" type="stmt"/>
      </file>
      <file name="make-date-time-string.mjs" path="/Users/zane/playground/string-input/src/lib/date-time/make-date-time-string.mjs">
        <metrics statements="5" coveredstatements="5" conditionals="3" coveredconditionals="3" methods="1" coveredmethods="1"/>
        <line num="1" count="119" type="stmt"/>
        <line num="3" count="119" type="stmt"/>
        <line num="7" count="119" type="cond" truecount="1" falsecount="0"/>
        <line num="8" count="74" type="stmt"/>
        <line num="11" count="119" type="stmt"/>
      </file>
      <file name="process-idiomatic-date-time.mjs" path="/Users/zane/playground/string-input/src/lib/date-time/process-idiomatic-date-time.mjs">
        <metrics statements="48" coveredstatements="48" conditionals="154" coveredconditionals="149" methods="1" coveredmethods="1"/>
        <line num="1" count="2" type="stmt"/>
        <line num="11" count="2" type="stmt"/>
        <line num="12" count="2" type="stmt"/>
        <line num="14" count="2" type="stmt"/>
        <line num="16" count="92" type="stmt"/>
        <line num="17" count="92" type="stmt"/>
        <line num="18" count="92" type="stmt"/>
        <line num="19" count="92" type="stmt"/>
        <line num="20" count="92" type="stmt"/>
        <line num="21" count="92" type="stmt"/>
        <line num="23" count="92" type="cond" truecount="2" falsecount="0"/>
        <line num="27" count="92" type="cond" truecount="1" falsecount="0"/>
        <line num="28" count="10" type="stmt"/>
        <line num="32" count="82" type="stmt"/>
        <line num="33" count="82" type="stmt"/>
        <line num="34" count="82" type="stmt"/>
        <line num="35" count="82" type="stmt"/>
        <line num="37" count="82" type="stmt"/>
        <line num="38" count="82" type="stmt"/>
        <line num="40" count="82" type="cond" truecount="2" falsecount="0"/>
        <line num="44" count="82" type="cond" truecount="2" falsecount="0"/>
        <line num="45" count="3" type="stmt"/>
        <line num="46" count="79" type="cond" truecount="1" falsecount="0"/>
        <line num="47" count="1" type="stmt"/>
        <line num="50" count="78" type="cond" truecount="11" falsecount="0"/>
        <line num="51" count="78" type="cond" truecount="14" falsecount="1"/>
        <line num="53" count="78" type="cond" truecount="2" falsecount="0"/>
        <line num="54" count="8" type="stmt"/>
        <line num="55" count="8" type="stmt"/>
        <line num="57" count="70" type="cond" truecount="9" falsecount="1"/>
        <line num="59" count="78" type="cond" truecount="14" falsecount="1"/>
        <line num="61" count="78" type="cond" truecount="11" falsecount="0"/>
        <line num="63" count="78" type="cond" truecount="2" falsecount="0"/>
        <line num="64" count="4" type="stmt"/>
        <line num="65" count="4" type="stmt"/>
        <line num="66" count="4" type="stmt"/>
        <line num="67" count="4" type="stmt"/>
        <line num="69" count="74" type="cond" truecount="14" falsecount="1"/>
        <line num="70" count="74" type="cond" truecount="1" falsecount="0"/>
        <line num="71" count="2" type="cond" truecount="2" falsecount="0"/>
        <line num="72" count="2" type="cond" truecount="1" falsecount="0"/>
        <line num="73" count="1" type="stmt"/>
        <line num="76" count="74" type="cond" truecount="14" falsecount="1"/>
        <line num="77" count="74" type="cond" truecount="11" falsecount="0"/>
        <line num="78" count="74" type="cond" truecount="11" falsecount="0"/>
        <line num="81" count="78" type="cond" truecount="16" falsecount="0"/>
        <line num="83" count="78" type="stmt"/>
        <line num="85" count="78" type="stmt"/>
      </file>
      <file name="process-iso-8601-date-time.mjs" path="/Users/zane/playground/string-input/src/lib/date-time/process-iso-8601-date-time.mjs">
        <metrics statements="39" coveredstatements="39" conditionals="26" coveredconditionals="26" methods="2" coveredmethods="2"/>
        <line num="1" count="2" type="stmt"/>
        <line num="3" count="2" type="stmt"/>
        <line num="5" count="2" type="stmt"/>
        <line num="6" count="19" type="cond" truecount="2" falsecount="0"/>
        <line num="7" count="1" type="stmt"/>
        <line num="8" count="18" type="cond" truecount="1" falsecount="0"/>
        <line num="9" count="1" type="stmt"/>
        <line num="12" count="17" type="stmt"/>
        <line num="13" count="17" type="cond" truecount="2" falsecount="0"/>
        <line num="14" count="17" type="cond" truecount="2" falsecount="0"/>
        <line num="15" count="17" type="stmt"/>
        <line num="16" count="17" type="cond" truecount="2" falsecount="0"/>
        <line num="19" count="17" type="cond" truecount="5" falsecount="0"/>
        <line num="20" count="4" type="stmt"/>
        <line num="21" count="4" type="stmt"/>
        <line num="22" count="4" type="stmt"/>
        <line num="23" count="13" type="cond" truecount="2" falsecount="0"/>
        <line num="24" count="3" type="stmt"/>
        <line num="25" count="3" type="stmt"/>
        <line num="26" count="3" type="stmt"/>
        <line num="27" count="3" type="stmt"/>
        <line num="28" count="3" type="stmt"/>
        <line num="29" count="3" type="stmt"/>
        <line num="31" count="3" type="stmt"/>
        <line num="33" count="10" type="stmt"/>
        <line num="34" count="10" type="cond" truecount="4" falsecount="0"/>
        <line num="35" count="1" type="stmt"/>
        <line num="36" count="1" type="stmt"/>
        <line num="37" count="9" type="cond" truecount="2" falsecount="0"/>
        <line num="38" count="2" type="stmt"/>
        <line num="39" count="2" type="stmt"/>
        <line num="40" count="2" type="stmt"/>
        <line num="42" count="2" type="stmt"/>
        <line num="44" count="7" type="stmt"/>
        <line num="45" count="7" type="cond" truecount="2" falsecount="0"/>
        <line num="49" count="17" type="cond" truecount="2" falsecount="0"/>
        <line num="51" count="17" type="stmt"/>
        <line num="53" count="17" type="stmt"/>
        <line num="56" count="5" type="stmt"/>
      </file>
      <file name="process-rfc-2822-date-time.mjs" path="/Users/zane/playground/string-input/src/lib/date-time/process-rfc-2822-date-time.mjs">
        <metrics statements="13" coveredstatements="13" conditionals="2" coveredconditionals="2" methods="1" coveredmethods="1"/>
        <line num="1" count="2" type="stmt"/>
        <line num="2" count="2" type="stmt"/>
        <line num="4" count="2" type="stmt"/>
        <line num="5" count="6" type="stmt"/>
        <line num="6" count="6" type="stmt"/>
        <line num="7" count="6" type="stmt"/>
        <line num="8" count="6" type="stmt"/>
        <line num="9" count="6" type="stmt"/>
        <line num="10" count="6" type="stmt"/>
        <line num="11" count="6" type="stmt"/>
        <line num="12" count="6" type="cond" truecount="2" falsecount="0"/>
        <line num="15" count="6" type="stmt"/>
        <line num="17" count="6" type="stmt"/>
      </file>
    </package>
  </project>
</coverage>
