{"/Users/zane/playground/specify-input/src/card-number.mjs": {"path":"/Users/zane/playground/specify-input/src/card-number.mjs","statementMap":{"0":{"start":{"line":1,"column":0},"end":{"line":1,"column":null}},"1":{"start":{"line":3,"column":0},"end":{"line":3,"column":null}},"2":{"start":{"line":4,"column":0},"end":{"line":4,"column":null}},"3":{"start":{"line":5,"column":0},"end":{"line":5,"column":null}},"4":{"start":{"line":6,"column":0},"end":{"line":6,"column":null}},"5":{"start":{"line":8,"column":13},"end":{"line":8,"column":19}},"6":{"start":{"line":9,"column":26},"end":{"line":9,"column":61}},"7":{"start":{"line":10,"column":20},"end":{"line":10,"column":41}},"8":{"start":{"line":12,"column":16},"end":{"line":70,"column":1}},"9":{"start":{"line":21,"column":2},"end":{"line":20,"column":8}},"10":{"start":{"line":20,"column":8},"end":{"line":15,"column":8}},"11":{"start":{"line":15,"column":8},"end":{"line":15,"column":null}},"12":{"start":{"line":15,"column":21},"end":{"line":16,"column":8}},"13":{"start":{"line":16,"column":8},"end":{"line":16,"column":null}},"14":{"start":{"line":16,"column":21},"end":{"line":17,"column":11}},"15":{"start":{"line":17,"column":11},"end":{"line":17,"column":null}},"16":{"start":{"line":17,"column":63},"end":{"line":18,"column":17}},"17":{"start":{"line":18,"column":17},"end":{"line":18,"column":null}},"18":{"start":{"line":18,"column":39},"end":{"line":19,"column":17}},"19":{"start":{"line":19,"column":17},"end":{"line":19,"column":null}},"20":{"start":{"line":22,"column":26},"end":{"line":22,"column":60}},"21":{"start":{"line":23,"column":2},"end":{"line":23,"column":null}},"22":{"start":{"line":25,"column":2},"end":{"line":27,"column":null}},"23":{"start":{"line":26,"column":4},"end":{"line":26,"column":null}},"24":{"start":{"line":29,"column":23},"end":{"line":29,"column":56}},"25":{"start":{"line":30,"column":2},"end":{"line":32,"column":null}},"26":{"start":{"line":31,"column":4},"end":{"line":31,"column":null}},"27":{"start":{"line":34,"column":2},"end":{"line":59,"column":null}},"28":{"start":{"line":35,"column":4},"end":{"line":40,"column":5}},"29":{"start":{"line":36,"column":6},"end":{"line":38,"column":null}},"30":{"start":{"line":37,"column":8},"end":{"line":37,"column":null}},"31":{"start":{"line":39,"column":6},"end":{"line":39,"column":null}},"32":{"start":{"line":41,"column":18},"end":{"line":41,"column":39}},"33":{"start":{"line":42,"column":4},"end":{"line":56,"column":null}},"34":{"start":{"line":43,"column":6},"end":{"line":43,"column":null}},"35":{"start":{"line":44,"column":11},"end":{"line":56,"column":null}},"36":{"start":{"line":45,"column":26},"end":{"line":45,"column":41}},"37":{"start":{"line":46,"column":6},"end":{"line":48,"column":null}},"38":{"start":{"line":47,"column":8},"end":{"line":47,"column":null}},"39":{"start":{"line":49,"column":18},"end":{"line":49,"column":36}},"40":{"start":{"line":50,"column":18},"end":{"line":50,"column":36}},"41":{"start":{"line":51,"column":23},"end":{"line":51,"column":57}},"42":{"start":{"line":52,"column":26},"end":{"line":52,"column":44}},"43":{"start":{"line":53,"column":6},"end":{"line":53,"column":null}},"44":{"start":{"line":55,"column":6},"end":{"line":55,"column":null}},"45":{"start":{"line":58,"column":4},"end":{"line":58,"column":null}},"46":{"start":{"line":61,"column":2},"end":{"line":61,"column":null}},"47":{"start":{"line":63,"column":2},"end":{"line":65,"column":null}},"48":{"start":{"line":64,"column":4},"end":{"line":64,"column":null}},"49":{"start":{"line":67,"column":2},"end":{"line":67,"column":null}},"50":{"start":{"line":69,"column":2},"end":{"line":69,"column":null}}},"fnMap":{"0":{"name":"CardNumber","decl":{"start":{"line":12,"column":6},"end":{"line":12,"column":16}},"loc":{"start":{"line":21,"column":2},"end":{"line":70,"column":1}}},"1":{"name":"(anonymous_1)","decl":{"start":{"line":34,"column":38},"end":{"line":34,"column":39}},"loc":{"start":{"line":34,"column":47},"end":{"line":57,"column":3}}}},"branchMap":{"0":{"loc":{"start":{"line":21,"column":2},"end":{"line":20,"column":8}},"type":"cond-expr","locations":[{"start":{"line":21,"column":2},"end":{"line":21,"column":null}},{"start":{"line":20,"column":6},"end":{"line":20,"column":8}}]},"1":{"loc":{"start":{"line":21,"column":2},"end":{"line":21,"column":null}},"type":"binary-expr","locations":[{"start":{"line":21,"column":2},"end":{"line":21,"column":null}},{"start":{"line":21,"column":2},"end":{"line":21,"column":null}}]},"2":{"loc":{"start":{"line":15,"column":8},"end":{"line":15,"column":null}},"type":"cond-expr","locations":[{"start":{"line":15,"column":11},"end":{"line":15,"column":21}},{"start":{"line":15,"column":21},"end":{"line":15,"column":null}}]},"3":{"loc":{"start":{"line":15,"column":11},"end":{"line":15,"column":21}},"type":"cond-expr","locations":[{"start":{"line":15,"column":15},"end":{"line":15,"column":17}},{"start":{"line":15,"column":11},"end":{"line":15,"column":21}}]},"4":{"loc":{"start":{"line":15,"column":11},"end":{"line":15,"column":17}},"type":"binary-expr","locations":[{"start":{"line":15,"column":11},"end":{"line":15,"column":17}},{"start":{"line":15,"column":11},"end":{"line":15,"column":17}}]},"5":{"loc":{"start":{"line":16,"column":8},"end":{"line":16,"column":null}},"type":"cond-expr","locations":[{"start":{"line":16,"column":11},"end":{"line":16,"column":21}},{"start":{"line":16,"column":21},"end":{"line":16,"column":null}}]},"6":{"loc":{"start":{"line":16,"column":11},"end":{"line":16,"column":21}},"type":"cond-expr","locations":[{"start":{"line":16,"column":15},"end":{"line":16,"column":17}},{"start":{"line":16,"column":11},"end":{"line":16,"column":21}}]},"7":{"loc":{"start":{"line":16,"column":11},"end":{"line":16,"column":17}},"type":"binary-expr","locations":[{"start":{"line":16,"column":11},"end":{"line":16,"column":17}},{"start":{"line":16,"column":11},"end":{"line":16,"column":17}}]},"8":{"loc":{"start":{"line":17,"column":11},"end":{"line":17,"column":null}},"type":"cond-expr","locations":[{"start":{"line":17,"column":14},"end":{"line":17,"column":63}},{"start":{"line":17,"column":63},"end":{"line":17,"column":null}}]},"9":{"loc":{"start":{"line":17,"column":14},"end":{"line":17,"column":63}},"type":"binary-expr","locations":[{"start":{"line":17,"column":14},"end":{"line":17,"column":27}},{"start":{"line":17,"column":31},"end":{"line":17,"column":63}}]},"10":{"loc":{"start":{"line":17,"column":14},"end":{"line":17,"column":27}},"type":"cond-expr","locations":[{"start":{"line":17,"column":18},"end":{"line":17,"column":20}},{"start":{"line":17,"column":14},"end":{"line":17,"column":27}}]},"11":{"loc":{"start":{"line":17,"column":14},"end":{"line":17,"column":20}},"type":"binary-expr","locations":[{"start":{"line":17,"column":14},"end":{"line":17,"column":20}},{"start":{"line":17,"column":14},"end":{"line":17,"column":20}}]},"12":{"loc":{"start":{"line":18,"column":17},"end":{"line":18,"column":null}},"type":"cond-expr","locations":[{"start":{"line":18,"column":20},"end":{"line":18,"column":39}},{"start":{"line":18,"column":39},"end":{"line":18,"column":null}}]},"13":{"loc":{"start":{"line":18,"column":20},"end":{"line":18,"column":39}},"type":"cond-expr","locations":[{"start":{"line":18,"column":24},"end":{"line":18,"column":26}},{"start":{"line":18,"column":20},"end":{"line":18,"column":39}}]},"14":{"loc":{"start":{"line":18,"column":20},"end":{"line":18,"column":26}},"type":"binary-expr","locations":[{"start":{"line":18,"column":20},"end":{"line":18,"column":26}},{"start":{"line":18,"column":20},"end":{"line":18,"column":26}}]},"15":{"loc":{"start":{"line":19,"column":17},"end":{"line":19,"column":null}},"type":"cond-expr","locations":[{"start":{"line":19,"column":20},"end":{"line":19,"column":39}},{"start":{"line":19,"column":39},"end":{"line":19,"column":null}}]},"16":{"loc":{"start":{"line":19,"column":20},"end":{"line":19,"column":39}},"type":"cond-expr","locations":[{"start":{"line":19,"column":24},"end":{"line":19,"column":26}},{"start":{"line":19,"column":20},"end":{"line":19,"column":39}}]},"17":{"loc":{"start":{"line":19,"column":20},"end":{"line":19,"column":26}},"type":"binary-expr","locations":[{"start":{"line":19,"column":20},"end":{"line":19,"column":26}},{"start":{"line":19,"column":20},"end":{"line":19,"column":26}}]},"18":{"loc":{"start":{"line":25,"column":2},"end":{"line":27,"column":null}},"type":"if","locations":[{"start":{"line":25,"column":2},"end":{"line":27,"column":null}}]},"19":{"loc":{"start":{"line":30,"column":2},"end":{"line":32,"column":null}},"type":"if","locations":[{"start":{"line":30,"column":2},"end":{"line":32,"column":null}}]},"20":{"loc":{"start":{"line":30,"column":6},"end":{"line":30,"column":69}},"type":"binary-expr","locations":[{"start":{"line":30,"column":6},"end":{"line":30,"column":27}},{"start":{"line":30,"column":31},"end":{"line":30,"column":69}}]},"21":{"loc":{"start":{"line":34,"column":2},"end":{"line":59,"column":null}},"type":"if","locations":[{"start":{"line":34,"column":2},"end":{"line":59,"column":null}}]},"22":{"loc":{"start":{"line":34,"column":6},"end":{"line":57,"column":13}},"type":"binary-expr","locations":[{"start":{"line":34,"column":6},"end":{"line":34,"column":24}},{"start":{"line":34,"column":28},"end":{"line":57,"column":13}}]},"23":{"loc":{"start":{"line":35,"column":4},"end":{"line":40,"column":5}},"type":"if","locations":[{"start":{"line":35,"column":4},"end":{"line":40,"column":5}}]},"24":{"loc":{"start":{"line":36,"column":6},"end":{"line":38,"column":null}},"type":"if","locations":[{"start":{"line":36,"column":6},"end":{"line":38,"column":null}}]},"25":{"loc":{"start":{"line":42,"column":4},"end":{"line":56,"column":null}},"type":"if","locations":[{"start":{"line":42,"column":4},"end":{"line":56,"column":null}},{"start":{"line":44,"column":11},"end":{"line":56,"column":null}}]},"26":{"loc":{"start":{"line":44,"column":11},"end":{"line":56,"column":null}},"type":"if","locations":[{"start":{"line":44,"column":11},"end":{"line":56,"column":null}},{"start":{"line":54,"column":11},"end":{"line":56,"column":null}}]},"27":{"loc":{"start":{"line":46,"column":6},"end":{"line":48,"column":null}},"type":"if","locations":[{"start":{"line":46,"column":6},"end":{"line":48,"column":null}}]},"28":{"loc":{"start":{"line":53,"column":13},"end":{"line":53,"column":53}},"type":"binary-expr","locations":[{"start":{"line":53,"column":13},"end":{"line":53,"column":31}},{"start":{"line":53,"column":35},"end":{"line":53,"column":53}}]},"29":{"loc":{"start":{"line":63,"column":2},"end":{"line":65,"column":null}},"type":"if","locations":[{"start":{"line":63,"column":2},"end":{"line":65,"column":null}}]}},"s":{"0":1,"1":1,"2":1,"3":1,"4":1,"5":1,"6":1,"7":1,"8":1,"9":42,"10":42,"11":42,"12":42,"13":42,"14":42,"15":42,"16":42,"17":42,"18":42,"19":42,"20":42,"21":42,"22":38,"23":2,"24":36,"25":36,"26":4,"27":32,"28":19,"29":5,"30":2,"31":3,"32":14,"33":14,"34":6,"35":8,"36":6,"37":6,"38":2,"39":4,"40":4,"41":4,"42":4,"43":4,"44":2,"45":8,"46":18,"47":16,"48":2,"49":14,"50":12},"f":{"0":42,"1":19},"b":{"0":[22,20],"1":[42,27],"2":[27,15],"3":[12,15],"4":[27,27],"5":[30,12],"6":[15,15],"7":[30,30],"8":[42,0],"9":[42,42],"10":[27,15],"11":[42,42],"12":[40,2],"13":[25,15],"14":[40,40],"15":[40,2],"16":[25,15],"17":[40,40],"18":[2],"19":[4],"20":[36,36],"21":[8],"22":[32,19],"23":[5],"24":[2],"25":[6,8],"26":[6,2],"27":[2],"28":[4,2],"29":[2]}}
,"/Users/zane/playground/specify-input/src/date-time.mjs": {"path":"/Users/zane/playground/specify-input/src/date-time.mjs","statementMap":{"0":{"start":{"line":1,"column":0},"end":{"line":1,"column":null}},"1":{"start":{"line":3,"column":0},"end":{"line":3,"column":null}},"2":{"start":{"line":4,"column":0},"end":{"line":4,"column":null}},"3":{"start":{"line":5,"column":0},"end":{"line":5,"column":null}},"4":{"start":{"line":6,"column":0},"end":{"line":6,"column":null}},"5":{"start":{"line":7,"column":0},"end":{"line":7,"column":null}},"6":{"start":{"line":8,"column":0},"end":{"line":8,"column":null}},"7":{"start":{"line":9,"column":0},"end":{"line":9,"column":null}},"8":{"start":{"line":10,"column":0},"end":{"line":10,"column":null}},"9":{"start":{"line":11,"column":0},"end":{"line":11,"column":null}},"10":{"start":{"line":12,"column":0},"end":{"line":12,"column":null}},"11":{"start":{"line":14,"column":14},"end":{"line":78,"column":1}},"12":{"start":{"line":24,"column":10},"end":{"line":24,"column":8}},"13":{"start":{"line":24,"column":8},"end":{"line":17,"column":8}},"14":{"start":{"line":17,"column":8},"end":{"line":17,"column":null}},"15":{"start":{"line":17,"column":21},"end":{"line":18,"column":17}},"16":{"start":{"line":18,"column":17},"end":{"line":18,"column":null}},"17":{"start":{"line":18,"column":39},"end":{"line":19,"column":7}},"18":{"start":{"line":19,"column":7},"end":{"line":19,"column":null}},"19":{"start":{"line":19,"column":19},"end":{"line":20,"column":7}},"20":{"start":{"line":20,"column":7},"end":{"line":20,"column":null}},"21":{"start":{"line":20,"column":19},"end":{"line":21,"column":9}},"22":{"start":{"line":21,"column":9},"end":{"line":21,"column":null}},"23":{"start":{"line":21,"column":23},"end":{"line":22,"column":17}},"24":{"start":{"line":22,"column":17},"end":{"line":22,"column":null}},"25":{"start":{"line":22,"column":39},"end":{"line":23,"column":17}},"26":{"start":{"line":23,"column":17},"end":{"line":23,"column":null}},"27":{"start":{"line":25,"column":26},"end":{"line":25,"column":58}},"28":{"start":{"line":26,"column":2},"end":{"line":26,"column":null}},"29":{"start":{"line":30,"column":23},"end":{"line":30,"column":53}},"30":{"start":{"line":31,"column":2},"end":{"line":33,"column":null}},"31":{"start":{"line":32,"column":4},"end":{"line":32,"column":null}},"32":{"start":{"line":35,"column":23},"end":{"line":35,"column":49}},"33":{"start":{"line":36,"column":2},"end":{"line":38,"column":null}},"34":{"start":{"line":37,"column":4},"end":{"line":37,"column":null}},"35":{"start":{"line":40,"column":2},"end":{"line":42,"column":null}},"36":{"start":{"line":41,"column":4},"end":{"line":41,"column":null}},"37":{"start":{"line":44,"column":2},"end":{"line":46,"column":null}},"38":{"start":{"line":45,"column":4},"end":{"line":45,"column":null}},"39":{"start":{"line":48,"column":2},"end":{"line":48,"column":null}},"40":{"start":{"line":53,"column":2},"end":{"line":62,"column":null}},"41":{"start":{"line":54,"column":4},"end":{"line":54,"column":null}},"42":{"start":{"line":55,"column":9},"end":{"line":62,"column":null}},"43":{"start":{"line":56,"column":20},"end":{"line":56,"column":33}},"44":{"start":{"line":57,"column":4},"end":{"line":57,"column":null}},"45":{"start":{"line":58,"column":9},"end":{"line":62,"column":null}},"46":{"start":{"line":59,"column":4},"end":{"line":59,"column":null}},"47":{"start":{"line":60,"column":9},"end":{"line":62,"column":null}},"48":{"start":{"line":61,"column":4},"end":{"line":61,"column":null}},"49":{"start":{"line":63,"column":2},"end":{"line":72,"column":null}},"50":{"start":{"line":64,"column":4},"end":{"line":64,"column":null}},"51":{"start":{"line":65,"column":9},"end":{"line":72,"column":null}},"52":{"start":{"line":66,"column":20},"end":{"line":66,"column":33}},"53":{"start":{"line":67,"column":4},"end":{"line":67,"column":null}},"54":{"start":{"line":68,"column":9},"end":{"line":72,"column":null}},"55":{"start":{"line":69,"column":4},"end":{"line":69,"column":null}},"56":{"start":{"line":70,"column":9},"end":{"line":72,"column":null}},"57":{"start":{"line":71,"column":4},"end":{"line":71,"column":null}},"58":{"start":{"line":73,"column":2},"end":{"line":73,"column":null}},"59":{"start":{"line":75,"column":2},"end":{"line":75,"column":null}},"60":{"start":{"line":77,"column":2},"end":{"line":77,"column":null}},"61":{"start":{"line":80,"column":22},"end":{"line":91,"column":1}},"62":{"start":{"line":81,"column":15},"end":{"line":81,"column":30}},"63":{"start":{"line":82,"column":16},"end":{"line":82,"column":32}},"64":{"start":{"line":83,"column":14},"end":{"line":83,"column":35}},"65":{"start":{"line":84,"column":16},"end":{"line":84,"column":32}},"66":{"start":{"line":85,"column":18},"end":{"line":85,"column":36}},"67":{"start":{"line":86,"column":18},"end":{"line":86,"column":36}},"68":{"start":{"line":87,"column":22},"end":{"line":87,"column":50}},"69":{"start":{"line":88,"column":13},"end":{"line":88,"column":69}},"70":{"start":{"line":90,"column":2},"end":{"line":90,"column":null}},"71":{"start":{"line":93,"column":20},"end":{"line":116,"column":1}},"72":{"start":{"line":93,"column":105},"end":{"line":93,"column":null}},"73":{"start":{"line":93,"column":26},"end":{"line":93,"column":28}},"74":{"start":{"line":93,"column":33},"end":{"line":93,"column":35}},"75":{"start":{"line":93,"column":38},"end":{"line":93,"column":40}},"76":{"start":{"line":93,"column":45},"end":{"line":93,"column":47}},"77":{"start":{"line":93,"column":52},"end":{"line":93,"column":54}},"78":{"start":{"line":93,"column":61},"end":{"line":93,"column":63}},"79":{"start":{"line":93,"column":70},"end":{"line":93,"column":72}},"80":{"start":{"line":93,"column":83},"end":{"line":93,"column":85}},"81":{"start":{"line":93,"column":99},"end":{"line":93,"column":105}},"82":{"start":{"line":94,"column":13},"end":{"line":94,"column":58}},"83":{"start":{"line":95,"column":21},"end":{"line":95,"column":101}},"84":{"start":{"line":96,"column":15},"end":{"line":96,"column":35}},"85":{"start":{"line":98,"column":2},"end":{"line":115,"column":null}},"86":{"start":{"line":99,"column":27},"end":{"line":99,"column":null}},"87":{"start":{"line":100,"column":27},"end":{"line":100,"column":null}},"88":{"start":{"line":101,"column":27},"end":{"line":101,"column":null}},"89":{"start":{"line":102,"column":27},"end":{"line":102,"column":null}},"90":{"start":{"line":103,"column":27},"end":{"line":103,"column":null}},"91":{"start":{"line":104,"column":27},"end":{"line":104,"column":null}},"92":{"start":{"line":105,"column":27},"end":{"line":105,"column":null}},"93":{"start":{"line":106,"column":27},"end":{"line":106,"column":null}},"94":{"start":{"line":107,"column":27},"end":{"line":107,"column":null}},"95":{"start":{"line":108,"column":27},"end":{"line":108,"column":null}},"96":{"start":{"line":109,"column":27},"end":{"line":109,"column":null}},"97":{"start":{"line":110,"column":27},"end":{"line":110,"column":null}},"98":{"start":{"line":114,"column":27},"end":{"line":114,"column":null}}},"fnMap":{"0":{"name":"DateTime","decl":{"start":{"line":14,"column":6},"end":{"line":14,"column":14}},"loc":{"start":{"line":24,"column":10},"end":{"line":78,"column":1}}},"1":{"name":"limitToString","decl":{"start":{"line":80,"column":6},"end":{"line":80,"column":19}},"loc":{"start":{"line":80,"column":33},"end":{"line":91,"column":1}}},"2":{"name":"createValue","decl":{"start":{"line":93,"column":6},"end":{"line":93,"column":17}},"loc":{"start":{"line":93,"column":105},"end":{"line":116,"column":1}}},"3":{"name":"isDateTimeObject","decl":{"start":{"line":99,"column":27},"end":{"line":99,"column":33}},"loc":{"start":{"line":99,"column":27},"end":{"line":99,"column":null}}},"4":{"name":"getYear","decl":{"start":{"line":100,"column":27},"end":{"line":100,"column":33}},"loc":{"start":{"line":100,"column":27},"end":{"line":100,"column":null}}},"5":{"name":"getMonth","decl":{"start":{"line":101,"column":27},"end":{"line":101,"column":33}},"loc":{"start":{"line":101,"column":27},"end":{"line":101,"column":null}}},"6":{"name":"getDayOfMonth","decl":{"start":{"line":102,"column":27},"end":{"line":102,"column":33}},"loc":{"start":{"line":102,"column":27},"end":{"line":102,"column":null}}},"7":{"name":"isEOD","decl":{"start":{"line":103,"column":27},"end":{"line":103,"column":33}},"loc":{"start":{"line":103,"column":27},"end":{"line":103,"column":null}}},"8":{"name":"getHours","decl":{"start":{"line":104,"column":27},"end":{"line":104,"column":33}},"loc":{"start":{"line":104,"column":27},"end":{"line":104,"column":null}}},"9":{"name":"getMinutes","decl":{"start":{"line":105,"column":27},"end":{"line":105,"column":33}},"loc":{"start":{"line":105,"column":27},"end":{"line":105,"column":null}}},"10":{"name":"getSeconds","decl":{"start":{"line":106,"column":27},"end":{"line":106,"column":33}},"loc":{"start":{"line":106,"column":27},"end":{"line":106,"column":null}}},"11":{"name":"getFractionalSeconds","decl":{"start":{"line":107,"column":27},"end":{"line":107,"column":33}},"loc":{"start":{"line":107,"column":27},"end":{"line":107,"column":null}}},"12":{"name":"getMilliseconds","decl":{"start":{"line":108,"column":27},"end":{"line":108,"column":33}},"loc":{"start":{"line":108,"column":27},"end":{"line":108,"column":null}}},"13":{"name":"getTimezoneOffset","decl":{"start":{"line":109,"column":27},"end":{"line":109,"column":33}},"loc":{"start":{"line":109,"column":27},"end":{"line":109,"column":null}}},"14":{"name":"getDate","decl":{"start":{"line":110,"column":27},"end":{"line":110,"column":33}},"loc":{"start":{"line":110,"column":27},"end":{"line":110,"column":null}}},"15":{"name":"valueOf","decl":{"start":{"line":114,"column":27},"end":{"line":114,"column":33}},"loc":{"start":{"line":114,"column":27},"end":{"line":114,"column":null}}}},"branchMap":{"0":{"loc":{"start":{"line":24,"column":10},"end":{"line":24,"column":8}},"type":"cond-expr","locations":[{"start":{"line":24,"column":10},"end":{"line":24,"column":null}},{"start":{"line":24,"column":6},"end":{"line":24,"column":8}}]},"1":{"loc":{"start":{"line":24,"column":10},"end":{"line":24,"column":null}},"type":"binary-expr","locations":[{"start":{"line":24,"column":10},"end":{"line":24,"column":null}},{"start":{"line":24,"column":10},"end":{"line":24,"column":null}}]},"2":{"loc":{"start":{"line":17,"column":8},"end":{"line":17,"column":null}},"type":"cond-expr","locations":[{"start":{"line":17,"column":11},"end":{"line":17,"column":21}},{"start":{"line":17,"column":21},"end":{"line":17,"column":null}}]},"3":{"loc":{"start":{"line":17,"column":11},"end":{"line":17,"column":21}},"type":"cond-expr","locations":[{"start":{"line":17,"column":15},"end":{"line":17,"column":17}},{"start":{"line":17,"column":11},"end":{"line":17,"column":21}}]},"4":{"loc":{"start":{"line":17,"column":11},"end":{"line":17,"column":17}},"type":"binary-expr","locations":[{"start":{"line":17,"column":11},"end":{"line":17,"column":17}},{"start":{"line":17,"column":11},"end":{"line":17,"column":17}}]},"5":{"loc":{"start":{"line":18,"column":17},"end":{"line":18,"column":null}},"type":"cond-expr","locations":[{"start":{"line":18,"column":20},"end":{"line":18,"column":39}},{"start":{"line":18,"column":39},"end":{"line":18,"column":null}}]},"6":{"loc":{"start":{"line":18,"column":20},"end":{"line":18,"column":39}},"type":"cond-expr","locations":[{"start":{"line":18,"column":24},"end":{"line":18,"column":26}},{"start":{"line":18,"column":20},"end":{"line":18,"column":39}}]},"7":{"loc":{"start":{"line":18,"column":20},"end":{"line":18,"column":26}},"type":"binary-expr","locations":[{"start":{"line":18,"column":20},"end":{"line":18,"column":26}},{"start":{"line":18,"column":20},"end":{"line":18,"column":26}}]},"8":{"loc":{"start":{"line":19,"column":7},"end":{"line":19,"column":null}},"type":"cond-expr","locations":[{"start":{"line":19,"column":10},"end":{"line":19,"column":19}},{"start":{"line":19,"column":19},"end":{"line":19,"column":null}}]},"9":{"loc":{"start":{"line":19,"column":10},"end":{"line":19,"column":19}},"type":"cond-expr","locations":[{"start":{"line":19,"column":14},"end":{"line":19,"column":16}},{"start":{"line":19,"column":10},"end":{"line":19,"column":19}}]},"10":{"loc":{"start":{"line":19,"column":10},"end":{"line":19,"column":16}},"type":"binary-expr","locations":[{"start":{"line":19,"column":10},"end":{"line":19,"column":16}},{"start":{"line":19,"column":10},"end":{"line":19,"column":16}}]},"11":{"loc":{"start":{"line":20,"column":7},"end":{"line":20,"column":null}},"type":"cond-expr","locations":[{"start":{"line":20,"column":10},"end":{"line":20,"column":19}},{"start":{"line":20,"column":19},"end":{"line":20,"column":null}}]},"12":{"loc":{"start":{"line":20,"column":10},"end":{"line":20,"column":19}},"type":"cond-expr","locations":[{"start":{"line":20,"column":14},"end":{"line":20,"column":16}},{"start":{"line":20,"column":10},"end":{"line":20,"column":19}}]},"13":{"loc":{"start":{"line":20,"column":10},"end":{"line":20,"column":16}},"type":"binary-expr","locations":[{"start":{"line":20,"column":10},"end":{"line":20,"column":16}},{"start":{"line":20,"column":10},"end":{"line":20,"column":16}}]},"14":{"loc":{"start":{"line":21,"column":9},"end":{"line":21,"column":null}},"type":"cond-expr","locations":[{"start":{"line":21,"column":12},"end":{"line":21,"column":23}},{"start":{"line":21,"column":23},"end":{"line":21,"column":null}}]},"15":{"loc":{"start":{"line":21,"column":12},"end":{"line":21,"column":23}},"type":"cond-expr","locations":[{"start":{"line":21,"column":16},"end":{"line":21,"column":18}},{"start":{"line":21,"column":12},"end":{"line":21,"column":23}}]},"16":{"loc":{"start":{"line":21,"column":12},"end":{"line":21,"column":18}},"type":"binary-expr","locations":[{"start":{"line":21,"column":12},"end":{"line":21,"column":18}},{"start":{"line":21,"column":12},"end":{"line":21,"column":18}}]},"17":{"loc":{"start":{"line":22,"column":17},"end":{"line":22,"column":null}},"type":"cond-expr","locations":[{"start":{"line":22,"column":20},"end":{"line":22,"column":39}},{"start":{"line":22,"column":39},"end":{"line":22,"column":null}}]},"18":{"loc":{"start":{"line":22,"column":20},"end":{"line":22,"column":39}},"type":"cond-expr","locations":[{"start":{"line":22,"column":24},"end":{"line":22,"column":26}},{"start":{"line":22,"column":20},"end":{"line":22,"column":39}}]},"19":{"loc":{"start":{"line":22,"column":20},"end":{"line":22,"column":26}},"type":"binary-expr","locations":[{"start":{"line":22,"column":20},"end":{"line":22,"column":26}},{"start":{"line":22,"column":20},"end":{"line":22,"column":26}}]},"20":{"loc":{"start":{"line":23,"column":17},"end":{"line":23,"column":null}},"type":"cond-expr","locations":[{"start":{"line":23,"column":20},"end":{"line":23,"column":39}},{"start":{"line":23,"column":39},"end":{"line":23,"column":null}}]},"21":{"loc":{"start":{"line":23,"column":20},"end":{"line":23,"column":39}},"type":"cond-expr","locations":[{"start":{"line":23,"column":24},"end":{"line":23,"column":26}},{"start":{"line":23,"column":20},"end":{"line":23,"column":39}}]},"22":{"loc":{"start":{"line":23,"column":20},"end":{"line":23,"column":26}},"type":"binary-expr","locations":[{"start":{"line":23,"column":20},"end":{"line":23,"column":26}},{"start":{"line":23,"column":20},"end":{"line":23,"column":26}}]},"23":{"loc":{"start":{"line":31,"column":2},"end":{"line":33,"column":null}},"type":"if","locations":[{"start":{"line":31,"column":2},"end":{"line":33,"column":null}}]},"24":{"loc":{"start":{"line":36,"column":2},"end":{"line":38,"column":null}},"type":"if","locations":[{"start":{"line":36,"column":2},"end":{"line":38,"column":null}}]},"25":{"loc":{"start":{"line":40,"column":2},"end":{"line":42,"column":null}},"type":"if","locations":[{"start":{"line":40,"column":2},"end":{"line":42,"column":null}}]},"26":{"loc":{"start":{"line":44,"column":2},"end":{"line":46,"column":null}},"type":"if","locations":[{"start":{"line":44,"column":2},"end":{"line":46,"column":null}}]},"27":{"loc":{"start":{"line":44,"column":6},"end":{"line":44,"column":46}},"type":"binary-expr","locations":[{"start":{"line":44,"column":6},"end":{"line":44,"column":20}},{"start":{"line":44,"column":24},"end":{"line":44,"column":46}}]},"28":{"loc":{"start":{"line":53,"column":2},"end":{"line":62,"column":null}},"type":"if","locations":[{"start":{"line":53,"column":2},"end":{"line":62,"column":null}},{"start":{"line":55,"column":9},"end":{"line":62,"column":null}}]},"29":{"loc":{"start":{"line":55,"column":9},"end":{"line":62,"column":null}},"type":"if","locations":[{"start":{"line":55,"column":9},"end":{"line":62,"column":null}},{"start":{"line":58,"column":9},"end":{"line":62,"column":null}}]},"30":{"loc":{"start":{"line":58,"column":9},"end":{"line":62,"column":null}},"type":"if","locations":[{"start":{"line":58,"column":9},"end":{"line":62,"column":null}},{"start":{"line":60,"column":9},"end":{"line":62,"column":null}}]},"31":{"loc":{"start":{"line":60,"column":9},"end":{"line":62,"column":null}},"type":"if","locations":[{"start":{"line":60,"column":9},"end":{"line":62,"column":null}}]},"32":{"loc":{"start":{"line":60,"column":13},"end":{"line":60,"column":67}},"type":"binary-expr","locations":[{"start":{"line":60,"column":13},"end":{"line":60,"column":30}},{"start":{"line":60,"column":34},"end":{"line":60,"column":67}}]},"33":{"loc":{"start":{"line":60,"column":34},"end":{"line":60,"column":58}},"type":"cond-expr","locations":[{"start":{"line":60,"column":54},"end":{"line":60,"column":57}},{"start":{"line":60,"column":34},"end":{"line":60,"column":58}}]},"34":{"loc":{"start":{"line":60,"column":34},"end":{"line":60,"column":57}},"type":"binary-expr","locations":[{"start":{"line":60,"column":34},"end":{"line":60,"column":57}},{"start":{"line":60,"column":54},"end":{"line":60,"column":57}}]},"35":{"loc":{"start":{"line":63,"column":2},"end":{"line":72,"column":null}},"type":"if","locations":[{"start":{"line":63,"column":2},"end":{"line":72,"column":null}},{"start":{"line":65,"column":9},"end":{"line":72,"column":null}}]},"36":{"loc":{"start":{"line":65,"column":9},"end":{"line":72,"column":null}},"type":"if","locations":[{"start":{"line":65,"column":9},"end":{"line":72,"column":null}},{"start":{"line":68,"column":9},"end":{"line":72,"column":null}}]},"37":{"loc":{"start":{"line":68,"column":9},"end":{"line":72,"column":null}},"type":"if","locations":[{"start":{"line":68,"column":9},"end":{"line":72,"column":null}},{"start":{"line":70,"column":9},"end":{"line":72,"column":null}}]},"38":{"loc":{"start":{"line":70,"column":9},"end":{"line":72,"column":null}},"type":"if","locations":[{"start":{"line":70,"column":9},"end":{"line":72,"column":null}}]},"39":{"loc":{"start":{"line":70,"column":13},"end":{"line":70,"column":67}},"type":"binary-expr","locations":[{"start":{"line":70,"column":13},"end":{"line":70,"column":30}},{"start":{"line":70,"column":34},"end":{"line":70,"column":67}}]},"40":{"loc":{"start":{"line":70,"column":34},"end":{"line":70,"column":58}},"type":"cond-expr","locations":[{"start":{"line":70,"column":54},"end":{"line":70,"column":57}},{"start":{"line":70,"column":34},"end":{"line":70,"column":58}}]},"41":{"loc":{"start":{"line":70,"column":34},"end":{"line":70,"column":57}},"type":"binary-expr","locations":[{"start":{"line":70,"column":34},"end":{"line":70,"column":57}},{"start":{"line":70,"column":54},"end":{"line":70,"column":57}}]}},"s":{"0":1,"1":1,"2":1,"3":1,"4":1,"5":1,"6":1,"7":1,"8":1,"9":1,"10":1,"11":1,"12":81,"13":81,"14":81,"15":81,"16":81,"17":81,"18":81,"19":81,"20":81,"21":81,"22":81,"23":81,"24":81,"25":81,"26":81,"27":81,"28":81,"29":75,"30":75,"31":1,"32":75,"33":75,"34":1,"35":75,"36":73,"37":64,"38":2,"39":62,"40":60,"41":6,"42":54,"43":1,"44":1,"45":53,"46":3,"47":50,"48":2,"49":56,"50":6,"51":50,"52":1,"53":1,"54":49,"55":3,"56":46,"57":2,"58":52,"59":40,"60":38,"61":1,"62":12,"63":12,"64":12,"65":12,"66":12,"67":12,"68":12,"69":12,"70":12,"71":1,"72":64,"73":64,"74":64,"75":64,"76":64,"77":64,"78":64,"79":64,"80":64,"81":64,"82":64,"83":64,"84":64,"85":64,"86":6,"87":31,"88":28,"89":28,"90":18,"91":28,"92":28,"93":28,"94":28,"95":16,"96":16,"97":3,"98":44},"f":{"0":81,"1":12,"2":64,"3":6,"4":31,"5":28,"6":28,"7":18,"8":28,"9":28,"10":28,"11":28,"12":16,"13":16,"14":3,"15":44},"b":{"0":[44,37],"1":[81,47],"2":[50,31],"3":[30,20],"4":[50,50],"5":[80,1],"6":[60,20],"7":[80,80],"8":[71,10],"9":[51,20],"10":[71,71],"11":[71,10],"12":[51,20],"13":[71,71],"14":[80,1],"15":[60,20],"16":[80,80],"17":[79,2],"18":[59,20],"19":[79,79],"20":[79,2],"21":[59,20],"22":[79,79],"23":[1],"24":[1],"25":[73],"26":[2],"27":[64,2],"28":[6,54],"29":[1,53],"30":[3,50],"31":[2],"32":[50,5],"33":[2,3],"34":[5,5],"35":[6,50],"36":[1,49],"37":[3,46],"38":[2],"39":[46,5],"40":[2,3],"41":[5,5]}}
,"/Users/zane/playground/specify-input/src/day.mjs": {"path":"/Users/zane/playground/specify-input/src/day.mjs","statementMap":{"0":{"start":{"line":1,"column":0},"end":{"line":1,"column":null}},"1":{"start":{"line":3,"column":0},"end":{"line":3,"column":null}},"2":{"start":{"line":4,"column":0},"end":{"line":4,"column":null}},"3":{"start":{"line":5,"column":0},"end":{"line":5,"column":null}},"4":{"start":{"line":6,"column":0},"end":{"line":6,"column":null}},"5":{"start":{"line":7,"column":0},"end":{"line":7,"column":null}},"6":{"start":{"line":8,"column":0},"end":{"line":8,"column":null}},"7":{"start":{"line":10,"column":9},"end":{"line":90,"column":1}},"8":{"start":{"line":19,"column":2},"end":{"line":18,"column":8}},"9":{"start":{"line":18,"column":8},"end":{"line":13,"column":8}},"10":{"start":{"line":13,"column":8},"end":{"line":13,"column":null}},"11":{"start":{"line":13,"column":21},"end":{"line":14,"column":7}},"12":{"start":{"line":14,"column":7},"end":{"line":14,"column":null}},"13":{"start":{"line":14,"column":19},"end":{"line":15,"column":7}},"14":{"start":{"line":15,"column":7},"end":{"line":15,"column":null}},"15":{"start":{"line":15,"column":19},"end":{"line":16,"column":17}},"16":{"start":{"line":16,"column":17},"end":{"line":16,"column":null}},"17":{"start":{"line":16,"column":39},"end":{"line":17,"column":17}},"18":{"start":{"line":17,"column":17},"end":{"line":17,"column":null}},"19":{"start":{"line":20,"column":26},"end":{"line":20,"column":52}},"20":{"start":{"line":21,"column":2},"end":{"line":21,"column":null}},"21":{"start":{"line":23,"column":20},"end":{"line":23,"column":43}},"22":{"start":{"line":24,"column":18},"end":{"line":24,"column":39}},"23":{"start":{"line":25,"column":23},"end":{"line":25,"column":73}},"24":{"start":{"line":27,"column":21},"end":{"line":29,"column":35}},"25":{"start":{"line":31,"column":2},"end":{"line":35,"column":null}},"26":{"start":{"line":32,"column":4},"end":{"line":32,"column":null}},"27":{"start":{"line":33,"column":9},"end":{"line":35,"column":null}},"28":{"start":{"line":34,"column":4},"end":{"line":34,"column":null}},"29":{"start":{"line":37,"column":2},"end":{"line":37,"column":null}},"30":{"start":{"line":39,"column":22},"end":{"line":39,"column":58}},"31":{"start":{"line":40,"column":15},"end":{"line":40,"column":92}},"32":{"start":{"line":42,"column":2},"end":{"line":46,"column":null}},"33":{"start":{"line":43,"column":4},"end":{"line":43,"column":null}},"34":{"start":{"line":45,"column":4},"end":{"line":45,"column":null}},"35":{"start":{"line":47,"column":14},"end":{"line":47,"column":75}},"36":{"start":{"line":51,"column":15},"end":{"line":51,"column":45}},"37":{"start":{"line":53,"column":2},"end":{"line":61,"column":null}},"38":{"start":{"line":54,"column":4},"end":{"line":54,"column":null}},"39":{"start":{"line":55,"column":9},"end":{"line":61,"column":null}},"40":{"start":{"line":56,"column":4},"end":{"line":56,"column":null}},"41":{"start":{"line":57,"column":9},"end":{"line":61,"column":null}},"42":{"start":{"line":58,"column":4},"end":{"line":58,"column":null}},"43":{"start":{"line":59,"column":9},"end":{"line":61,"column":null}},"44":{"start":{"line":60,"column":4},"end":{"line":60,"column":null}},"45":{"start":{"line":62,"column":2},"end":{"line":70,"column":null}},"46":{"start":{"line":63,"column":4},"end":{"line":63,"column":null}},"47":{"start":{"line":64,"column":9},"end":{"line":70,"column":null}},"48":{"start":{"line":65,"column":4},"end":{"line":65,"column":null}},"49":{"start":{"line":66,"column":9},"end":{"line":70,"column":null}},"50":{"start":{"line":67,"column":4},"end":{"line":67,"column":null}},"51":{"start":{"line":68,"column":9},"end":{"line":70,"column":null}},"52":{"start":{"line":69,"column":4},"end":{"line":69,"column":null}},"53":{"start":{"line":71,"column":2},"end":{"line":78,"column":null}},"54":{"start":{"line":73,"column":26},"end":{"line":73,"column":154}},"55":{"start":{"line":81,"column":2},"end":{"line":83,"column":null}},"56":{"start":{"line":82,"column":4},"end":{"line":82,"column":null}},"57":{"start":{"line":85,"column":16},"end":{"line":85,"column":55}},"58":{"start":{"line":87,"column":2},"end":{"line":87,"column":null}},"59":{"start":{"line":89,"column":2},"end":{"line":89,"column":null}},"60":{"start":{"line":92,"column":20},"end":{"line":99,"column":2}},"61":{"start":{"line":92,"column":26},"end":{"line":92,"column":25}},"62":{"start":{"line":92,"column":33},"end":{"line":92,"column":32}},"63":{"start":{"line":92,"column":39},"end":{"line":92,"column":38}},"64":{"start":{"line":92,"column":45},"end":{"line":92,"column":44}},"65":{"start":{"line":92,"column":45},"end":{"line":99,"column":2}},"66":{"start":{"line":93,"column":18},"end":{"line":93,"column":null}},"67":{"start":{"line":94,"column":18},"end":{"line":94,"column":null}},"68":{"start":{"line":95,"column":18},"end":{"line":95,"column":null}},"69":{"start":{"line":96,"column":18},"end":{"line":96,"column":null}},"70":{"start":{"line":97,"column":18},"end":{"line":97,"column":null}},"71":{"start":{"line":98,"column":18},"end":{"line":98,"column":null}}},"fnMap":{"0":{"name":"Day","decl":{"start":{"line":10,"column":6},"end":{"line":10,"column":9}},"loc":{"start":{"line":19,"column":2},"end":{"line":90,"column":1}}},"1":{"name":"limitToString","decl":{"start":{"line":73,"column":20},"end":{"line":73,"column":21}},"loc":{"start":{"line":73,"column":26},"end":{"line":73,"column":154}}},"2":{"name":"createValue","decl":{"start":{"line":92,"column":6},"end":{"line":92,"column":17}},"loc":{"start":{"line":92,"column":17},"end":{"line":99,"column":2}}},"3":{"name":"isDayObject","decl":{"start":{"line":93,"column":18},"end":{"line":93,"column":24}},"loc":{"start":{"line":93,"column":18},"end":{"line":93,"column":null}}},"4":{"name":"getDayOfMonth","decl":{"start":{"line":94,"column":18},"end":{"line":94,"column":24}},"loc":{"start":{"line":94,"column":18},"end":{"line":94,"column":null}}},"5":{"name":"getMonth","decl":{"start":{"line":95,"column":18},"end":{"line":95,"column":24}},"loc":{"start":{"line":95,"column":18},"end":{"line":95,"column":null}}},"6":{"name":"getYear","decl":{"start":{"line":96,"column":18},"end":{"line":96,"column":24}},"loc":{"start":{"line":96,"column":18},"end":{"line":96,"column":null}}},"7":{"name":"getDate","decl":{"start":{"line":97,"column":18},"end":{"line":97,"column":24}},"loc":{"start":{"line":97,"column":18},"end":{"line":97,"column":null}}},"8":{"name":"valueOf","decl":{"start":{"line":98,"column":18},"end":{"line":98,"column":24}},"loc":{"start":{"line":98,"column":18},"end":{"line":98,"column":null}}}},"branchMap":{"0":{"loc":{"start":{"line":19,"column":2},"end":{"line":18,"column":8}},"type":"cond-expr","locations":[{"start":{"line":19,"column":2},"end":{"line":19,"column":null}},{"start":{"line":18,"column":6},"end":{"line":18,"column":8}}]},"1":{"loc":{"start":{"line":19,"column":2},"end":{"line":19,"column":null}},"type":"binary-expr","locations":[{"start":{"line":19,"column":2},"end":{"line":19,"column":null}},{"start":{"line":19,"column":2},"end":{"line":19,"column":null}}]},"2":{"loc":{"start":{"line":13,"column":8},"end":{"line":13,"column":null}},"type":"cond-expr","locations":[{"start":{"line":13,"column":11},"end":{"line":13,"column":21}},{"start":{"line":13,"column":21},"end":{"line":13,"column":null}}]},"3":{"loc":{"start":{"line":13,"column":11},"end":{"line":13,"column":21}},"type":"cond-expr","locations":[{"start":{"line":13,"column":15},"end":{"line":13,"column":17}},{"start":{"line":13,"column":11},"end":{"line":13,"column":21}}]},"4":{"loc":{"start":{"line":13,"column":11},"end":{"line":13,"column":17}},"type":"binary-expr","locations":[{"start":{"line":13,"column":11},"end":{"line":13,"column":17}},{"start":{"line":13,"column":11},"end":{"line":13,"column":17}}]},"5":{"loc":{"start":{"line":14,"column":7},"end":{"line":14,"column":null}},"type":"cond-expr","locations":[{"start":{"line":14,"column":10},"end":{"line":14,"column":19}},{"start":{"line":14,"column":19},"end":{"line":14,"column":null}}]},"6":{"loc":{"start":{"line":14,"column":10},"end":{"line":14,"column":19}},"type":"cond-expr","locations":[{"start":{"line":14,"column":14},"end":{"line":14,"column":16}},{"start":{"line":14,"column":10},"end":{"line":14,"column":19}}]},"7":{"loc":{"start":{"line":14,"column":10},"end":{"line":14,"column":16}},"type":"binary-expr","locations":[{"start":{"line":14,"column":10},"end":{"line":14,"column":16}},{"start":{"line":14,"column":10},"end":{"line":14,"column":16}}]},"8":{"loc":{"start":{"line":15,"column":7},"end":{"line":15,"column":null}},"type":"cond-expr","locations":[{"start":{"line":15,"column":10},"end":{"line":15,"column":19}},{"start":{"line":15,"column":19},"end":{"line":15,"column":null}}]},"9":{"loc":{"start":{"line":15,"column":10},"end":{"line":15,"column":19}},"type":"cond-expr","locations":[{"start":{"line":15,"column":14},"end":{"line":15,"column":16}},{"start":{"line":15,"column":10},"end":{"line":15,"column":19}}]},"10":{"loc":{"start":{"line":15,"column":10},"end":{"line":15,"column":16}},"type":"binary-expr","locations":[{"start":{"line":15,"column":10},"end":{"line":15,"column":16}},{"start":{"line":15,"column":10},"end":{"line":15,"column":16}}]},"11":{"loc":{"start":{"line":16,"column":17},"end":{"line":16,"column":null}},"type":"cond-expr","locations":[{"start":{"line":16,"column":20},"end":{"line":16,"column":39}},{"start":{"line":16,"column":39},"end":{"line":16,"column":null}}]},"12":{"loc":{"start":{"line":16,"column":20},"end":{"line":16,"column":39}},"type":"cond-expr","locations":[{"start":{"line":16,"column":24},"end":{"line":16,"column":26}},{"start":{"line":16,"column":20},"end":{"line":16,"column":39}}]},"13":{"loc":{"start":{"line":16,"column":20},"end":{"line":16,"column":26}},"type":"binary-expr","locations":[{"start":{"line":16,"column":20},"end":{"line":16,"column":26}},{"start":{"line":16,"column":20},"end":{"line":16,"column":26}}]},"14":{"loc":{"start":{"line":17,"column":17},"end":{"line":17,"column":null}},"type":"cond-expr","locations":[{"start":{"line":17,"column":20},"end":{"line":17,"column":39}},{"start":{"line":17,"column":39},"end":{"line":17,"column":null}}]},"15":{"loc":{"start":{"line":17,"column":20},"end":{"line":17,"column":39}},"type":"cond-expr","locations":[{"start":{"line":17,"column":24},"end":{"line":17,"column":26}},{"start":{"line":17,"column":20},"end":{"line":17,"column":39}}]},"16":{"loc":{"start":{"line":17,"column":20},"end":{"line":17,"column":26}},"type":"binary-expr","locations":[{"start":{"line":17,"column":20},"end":{"line":17,"column":26}},{"start":{"line":17,"column":20},"end":{"line":17,"column":26}}]},"17":{"loc":{"start":{"line":27,"column":22},"end":{"line":27,"column":48}},"type":"cond-expr","locations":[{"start":{"line":27,"column":43},"end":{"line":27,"column":44}},{"start":{"line":27,"column":47},"end":{"line":27,"column":48}}]},"18":{"loc":{"start":{"line":28,"column":5},"end":{"line":28,"column":29}},"type":"cond-expr","locations":[{"start":{"line":28,"column":24},"end":{"line":28,"column":25}},{"start":{"line":28,"column":28},"end":{"line":28,"column":29}}]},"19":{"loc":{"start":{"line":29,"column":5},"end":{"line":29,"column":34}},"type":"cond-expr","locations":[{"start":{"line":29,"column":29},"end":{"line":29,"column":30}},{"start":{"line":29,"column":33},"end":{"line":29,"column":34}}]},"20":{"loc":{"start":{"line":31,"column":2},"end":{"line":35,"column":null}},"type":"if","locations":[{"start":{"line":31,"column":2},"end":{"line":35,"column":null}},{"start":{"line":33,"column":9},"end":{"line":35,"column":null}}]},"21":{"loc":{"start":{"line":33,"column":9},"end":{"line":35,"column":null}},"type":"if","locations":[{"start":{"line":33,"column":9},"end":{"line":35,"column":null}}]},"22":{"loc":{"start":{"line":39,"column":22},"end":{"line":39,"column":58}},"type":"binary-expr","locations":[{"start":{"line":39,"column":22},"end":{"line":39,"column":36}},{"start":{"line":39,"column":40},"end":{"line":39,"column":52}},{"start":{"line":39,"column":56},"end":{"line":39,"column":58}}]},"23":{"loc":{"start":{"line":39,"column":22},"end":{"line":39,"column":36}},"type":"cond-expr","locations":[{"start":{"line":39,"column":31},"end":{"line":39,"column":34}},{"start":{"line":39,"column":22},"end":{"line":39,"column":36}}]},"24":{"loc":{"start":{"line":39,"column":22},"end":{"line":39,"column":34}},"type":"binary-expr","locations":[{"start":{"line":39,"column":22},"end":{"line":39,"column":34}},{"start":{"line":39,"column":22},"end":{"line":39,"column":34}}]},"25":{"loc":{"start":{"line":39,"column":40},"end":{"line":39,"column":52}},"type":"cond-expr","locations":[{"start":{"line":39,"column":47},"end":{"line":39,"column":50}},{"start":{"line":39,"column":40},"end":{"line":39,"column":52}}]},"26":{"loc":{"start":{"line":39,"column":40},"end":{"line":39,"column":50}},"type":"binary-expr","locations":[{"start":{"line":39,"column":40},"end":{"line":39,"column":50}},{"start":{"line":39,"column":40},"end":{"line":39,"column":50}}]},"27":{"loc":{"start":{"line":40,"column":39},"end":{"line":40,"column":91}},"type":"binary-expr","locations":[{"start":{"line":40,"column":39},"end":{"line":40,"column":53}},{"start":{"line":40,"column":57},"end":{"line":40,"column":69}},{"start":{"line":40,"column":73},"end":{"line":40,"column":90}}]},"28":{"loc":{"start":{"line":40,"column":39},"end":{"line":40,"column":53}},"type":"cond-expr","locations":[{"start":{"line":40,"column":48},"end":{"line":40,"column":51}},{"start":{"line":40,"column":39},"end":{"line":40,"column":53}}]},"29":{"loc":{"start":{"line":40,"column":39},"end":{"line":40,"column":51}},"type":"binary-expr","locations":[{"start":{"line":40,"column":39},"end":{"line":40,"column":51}},{"start":{"line":40,"column":39},"end":{"line":40,"column":51}}]},"30":{"loc":{"start":{"line":40,"column":57},"end":{"line":40,"column":69}},"type":"cond-expr","locations":[{"start":{"line":40,"column":64},"end":{"line":40,"column":67}},{"start":{"line":40,"column":57},"end":{"line":40,"column":69}}]},"31":{"loc":{"start":{"line":40,"column":57},"end":{"line":40,"column":67}},"type":"binary-expr","locations":[{"start":{"line":40,"column":57},"end":{"line":40,"column":67}},{"start":{"line":40,"column":57},"end":{"line":40,"column":67}}]},"32":{"loc":{"start":{"line":40,"column":73},"end":{"line":40,"column":90}},"type":"cond-expr","locations":[{"start":{"line":40,"column":85},"end":{"line":40,"column":88}},{"start":{"line":40,"column":73},"end":{"line":40,"column":90}}]},"33":{"loc":{"start":{"line":40,"column":73},"end":{"line":40,"column":88}},"type":"binary-expr","locations":[{"start":{"line":40,"column":73},"end":{"line":40,"column":88}},{"start":{"line":40,"column":73},"end":{"line":40,"column":88}}]},"34":{"loc":{"start":{"line":42,"column":2},"end":{"line":46,"column":null}},"type":"if","locations":[{"start":{"line":42,"column":2},"end":{"line":46,"column":null}},{"start":{"line":44,"column":9},"end":{"line":46,"column":null}}]},"35":{"loc":{"start":{"line":45,"column":21},"end":{"line":45,"column":52}},"type":"binary-expr","locations":[{"start":{"line":45,"column":21},"end":{"line":45,"column":35}},{"start":{"line":45,"column":39},"end":{"line":45,"column":51}}]},"36":{"loc":{"start":{"line":45,"column":21},"end":{"line":45,"column":35}},"type":"cond-expr","locations":[{"start":{"line":45,"column":30},"end":{"line":45,"column":33}},{"start":{"line":45,"column":21},"end":{"line":45,"column":35}}]},"37":{"loc":{"start":{"line":45,"column":21},"end":{"line":45,"column":33}},"type":"binary-expr","locations":[{"start":{"line":45,"column":21},"end":{"line":45,"column":33}},{"start":{"line":45,"column":21},"end":{"line":45,"column":33}}]},"38":{"loc":{"start":{"line":45,"column":39},"end":{"line":45,"column":51}},"type":"cond-expr","locations":[{"start":{"line":45,"column":46},"end":{"line":45,"column":49}},{"start":{"line":45,"column":39},"end":{"line":45,"column":51}}]},"39":{"loc":{"start":{"line":45,"column":39},"end":{"line":45,"column":49}},"type":"binary-expr","locations":[{"start":{"line":45,"column":39},"end":{"line":45,"column":49}},{"start":{"line":45,"column":39},"end":{"line":45,"column":49}}]},"40":{"loc":{"start":{"line":47,"column":23},"end":{"line":47,"column":75}},"type":"binary-expr","locations":[{"start":{"line":47,"column":23},"end":{"line":47,"column":37}},{"start":{"line":47,"column":41},"end":{"line":47,"column":53}},{"start":{"line":47,"column":57},"end":{"line":47,"column":74}}]},"41":{"loc":{"start":{"line":47,"column":23},"end":{"line":47,"column":37}},"type":"cond-expr","locations":[{"start":{"line":47,"column":32},"end":{"line":47,"column":35}},{"start":{"line":47,"column":23},"end":{"line":47,"column":37}}]},"42":{"loc":{"start":{"line":47,"column":23},"end":{"line":47,"column":35}},"type":"binary-expr","locations":[{"start":{"line":47,"column":23},"end":{"line":47,"column":35}},{"start":{"line":47,"column":23},"end":{"line":47,"column":35}}]},"43":{"loc":{"start":{"line":47,"column":41},"end":{"line":47,"column":53}},"type":"cond-expr","locations":[{"start":{"line":47,"column":48},"end":{"line":47,"column":51}},{"start":{"line":47,"column":41},"end":{"line":47,"column":53}}]},"44":{"loc":{"start":{"line":47,"column":41},"end":{"line":47,"column":51}},"type":"binary-expr","locations":[{"start":{"line":47,"column":41},"end":{"line":47,"column":51}},{"start":{"line":47,"column":41},"end":{"line":47,"column":51}}]},"45":{"loc":{"start":{"line":47,"column":57},"end":{"line":47,"column":74}},"type":"cond-expr","locations":[{"start":{"line":47,"column":69},"end":{"line":47,"column":72}},{"start":{"line":47,"column":57},"end":{"line":47,"column":74}}]},"46":{"loc":{"start":{"line":47,"column":57},"end":{"line":47,"column":72}},"type":"binary-expr","locations":[{"start":{"line":47,"column":57},"end":{"line":47,"column":72}},{"start":{"line":47,"column":57},"end":{"line":47,"column":72}}]},"47":{"loc":{"start":{"line":53,"column":2},"end":{"line":61,"column":null}},"type":"if","locations":[{"start":{"line":53,"column":2},"end":{"line":61,"column":null}},{"start":{"line":55,"column":9},"end":{"line":61,"column":null}}]},"48":{"loc":{"start":{"line":55,"column":9},"end":{"line":61,"column":null}},"type":"if","locations":[{"start":{"line":55,"column":9},"end":{"line":61,"column":null}},{"start":{"line":57,"column":9},"end":{"line":61,"column":null}}]},"49":{"loc":{"start":{"line":57,"column":9},"end":{"line":61,"column":null}},"type":"if","locations":[{"start":{"line":57,"column":9},"end":{"line":61,"column":null}},{"start":{"line":59,"column":9},"end":{"line":61,"column":null}}]},"50":{"loc":{"start":{"line":57,"column":13},"end":{"line":57,"column":53}},"type":"binary-expr","locations":[{"start":{"line":57,"column":13},"end":{"line":57,"column":30}},{"start":{"line":57,"column":30},"end":{"line":57,"column":52}},{"start":{"line":57,"column":49},"end":{"line":57,"column":52}},{"start":{"line":57,"column":34},"end":{"line":57,"column":53}}]},"51":{"loc":{"start":{"line":59,"column":9},"end":{"line":61,"column":null}},"type":"if","locations":[{"start":{"line":59,"column":9},"end":{"line":61,"column":null}}]},"52":{"loc":{"start":{"line":59,"column":13},"end":{"line":59,"column":56}},"type":"binary-expr","locations":[{"start":{"line":59,"column":13},"end":{"line":59,"column":30}},{"start":{"line":59,"column":34},"end":{"line":59,"column":56}}]},"53":{"loc":{"start":{"line":62,"column":2},"end":{"line":70,"column":null}},"type":"if","locations":[{"start":{"line":62,"column":2},"end":{"line":70,"column":null}},{"start":{"line":64,"column":9},"end":{"line":70,"column":null}}]},"54":{"loc":{"start":{"line":64,"column":9},"end":{"line":70,"column":null}},"type":"if","locations":[{"start":{"line":64,"column":9},"end":{"line":70,"column":null}},{"start":{"line":66,"column":9},"end":{"line":70,"column":null}}]},"55":{"loc":{"start":{"line":66,"column":9},"end":{"line":70,"column":null}},"type":"if","locations":[{"start":{"line":66,"column":9},"end":{"line":70,"column":null}},{"start":{"line":68,"column":9},"end":{"line":70,"column":null}}]},"56":{"loc":{"start":{"line":66,"column":13},"end":{"line":66,"column":53}},"type":"binary-expr","locations":[{"start":{"line":66,"column":13},"end":{"line":66,"column":30}},{"start":{"line":66,"column":30},"end":{"line":66,"column":52}},{"start":{"line":66,"column":49},"end":{"line":66,"column":52}},{"start":{"line":66,"column":34},"end":{"line":66,"column":53}}]},"57":{"loc":{"start":{"line":68,"column":9},"end":{"line":70,"column":null}},"type":"if","locations":[{"start":{"line":68,"column":9},"end":{"line":70,"column":null}}]},"58":{"loc":{"start":{"line":68,"column":13},"end":{"line":68,"column":56}},"type":"binary-expr","locations":[{"start":{"line":68,"column":13},"end":{"line":68,"column":30}},{"start":{"line":68,"column":34},"end":{"line":68,"column":56}}]},"59":{"loc":{"start":{"line":81,"column":2},"end":{"line":83,"column":null}},"type":"if","locations":[{"start":{"line":81,"column":2},"end":{"line":83,"column":null}}]}},"s":{"0":1,"1":1,"2":1,"3":1,"4":1,"5":1,"6":1,"7":1,"8":77,"9":77,"10":77,"11":77,"12":77,"13":77,"14":77,"15":77,"16":77,"17":77,"18":77,"19":77,"20":77,"21":70,"22":70,"23":70,"24":70,"25":70,"26":2,"27":68,"28":6,"29":62,"30":60,"31":60,"32":60,"33":50,"34":10,"35":60,"36":60,"37":60,"38":6,"39":54,"40":3,"41":51,"42":3,"43":48,"44":2,"45":56,"46":6,"47":50,"48":3,"49":47,"50":3,"51":44,"52":2,"53":52,"54":16,"55":36,"56":2,"57":34,"58":34,"59":32,"60":1,"61":34,"62":34,"63":34,"64":34,"65":34,"66":6,"67":19,"68":19,"69":22,"70":14,"71":1},"f":{"0":77,"1":16,"2":34,"3":6,"4":19,"5":19,"6":22,"7":14,"8":1},"b":{"0":[45,32],"1":[77,52],"2":[44,33],"3":[24,20],"4":[44,44],"5":[66,11],"6":[45,21],"7":[66,66],"8":[66,11],"9":[45,21],"10":[66,66],"11":[75,2],"12":[54,21],"13":[75,75],"14":[75,2],"15":[54,21],"16":[75,75],"17":[7,63],"18":[7,63],"19":[52,18],"20":[2,68],"21":[6],"22":[60,59,58],"23":[55,5],"24":[60,5],"25":[54,5],"26":[59,5],"27":[60,55,50],"28":[55,5],"29":[60,5],"30":[50,5],"31":[55,5],"32":[0,50],"33":[50,50],"34":[50,10],"35":[10,5],"36":[5,5],"37":[10,5],"38":[0,5],"39":[5,5],"40":[60,55,50],"41":[55,5],"42":[60,5],"43":[50,5],"44":[55,5],"45":[0,50],"46":[50,50],"47":[6,54],"48":[3,51],"49":[3,48],"50":[51,8,8,3],"51":[2],"52":[48,5],"53":[6,50],"54":[3,47],"55":[3,44],"56":[47,8,8,3],"57":[2],"58":[44,5],"59":[2]}}
,"/Users/zane/playground/specify-input/src/ein.mjs": {"path":"/Users/zane/playground/specify-input/src/ein.mjs","statementMap":{"0":{"start":{"line":1,"column":0},"end":{"line":1,"column":null}},"1":{"start":{"line":3,"column":0},"end":{"line":3,"column":null}},"2":{"start":{"line":4,"column":0},"end":{"line":4,"column":null}},"3":{"start":{"line":5,"column":0},"end":{"line":5,"column":null}},"4":{"start":{"line":6,"column":0},"end":{"line":6,"column":null}},"5":{"start":{"line":8,"column":9},"end":{"line":24,"column":1}},"6":{"start":{"line":11,"column":2},"end":{"line":10,"column":102}},"7":{"start":{"line":10,"column":102},"end":{"line":10,"column":8}},"8":{"start":{"line":10,"column":8},"end":{"line":10,"column":23}},"9":{"start":{"line":10,"column":21},"end":{"line":10,"column":36}},"10":{"start":{"line":10,"column":36},"end":{"line":10,"column":60}},"11":{"start":{"line":10,"column":58},"end":{"line":10,"column":73}},"12":{"start":{"line":10,"column":73},"end":{"line":10,"column":100}},"13":{"start":{"line":12,"column":26},"end":{"line":12,"column":52}},"14":{"start":{"line":13,"column":2},"end":{"line":13,"column":null}},"15":{"start":{"line":15,"column":19},"end":{"line":15,"column":37}},"16":{"start":{"line":16,"column":2},"end":{"line":18,"column":null}},"17":{"start":{"line":17,"column":4},"end":{"line":17,"column":null}},"18":{"start":{"line":19,"column":2},"end":{"line":19,"column":null}},"19":{"start":{"line":20,"column":16},"end":{"line":20,"column":57}},"20":{"start":{"line":21,"column":2},"end":{"line":21,"column":null}},"21":{"start":{"line":23,"column":2},"end":{"line":23,"column":null}}},"fnMap":{"0":{"name":"EIN","decl":{"start":{"line":8,"column":6},"end":{"line":8,"column":9}},"loc":{"start":{"line":11,"column":2},"end":{"line":24,"column":1}}}},"branchMap":{"0":{"loc":{"start":{"line":11,"column":2},"end":{"line":10,"column":102}},"type":"cond-expr","locations":[{"start":{"line":11,"column":2},"end":{"line":11,"column":null}},{"start":{"line":10,"column":100},"end":{"line":10,"column":102}}]},"1":{"loc":{"start":{"line":11,"column":2},"end":{"line":11,"column":null}},"type":"binary-expr","locations":[{"start":{"line":11,"column":2},"end":{"line":11,"column":null}},{"start":{"line":11,"column":2},"end":{"line":11,"column":null}}]},"2":{"loc":{"start":{"line":10,"column":8},"end":{"line":10,"column":23}},"type":"cond-expr","locations":[{"start":{"line":10,"column":11},"end":{"line":10,"column":21}},{"start":{"line":10,"column":21},"end":{"line":10,"column":23}}]},"3":{"loc":{"start":{"line":10,"column":11},"end":{"line":10,"column":21}},"type":"cond-expr","locations":[{"start":{"line":10,"column":15},"end":{"line":10,"column":17}},{"start":{"line":10,"column":11},"end":{"line":10,"column":21}}]},"4":{"loc":{"start":{"line":10,"column":11},"end":{"line":10,"column":17}},"type":"binary-expr","locations":[{"start":{"line":10,"column":11},"end":{"line":10,"column":17}},{"start":{"line":10,"column":11},"end":{"line":10,"column":17}}]},"5":{"loc":{"start":{"line":10,"column":36},"end":{"line":10,"column":60}},"type":"cond-expr","locations":[{"start":{"line":10,"column":39},"end":{"line":10,"column":58}},{"start":{"line":10,"column":58},"end":{"line":10,"column":60}}]},"6":{"loc":{"start":{"line":10,"column":39},"end":{"line":10,"column":58}},"type":"cond-expr","locations":[{"start":{"line":10,"column":43},"end":{"line":10,"column":45}},{"start":{"line":10,"column":39},"end":{"line":10,"column":58}}]},"7":{"loc":{"start":{"line":10,"column":39},"end":{"line":10,"column":45}},"type":"binary-expr","locations":[{"start":{"line":10,"column":39},"end":{"line":10,"column":45}},{"start":{"line":10,"column":39},"end":{"line":10,"column":45}}]},"8":{"loc":{"start":{"line":10,"column":73},"end":{"line":10,"column":100}},"type":"cond-expr","locations":[{"start":{"line":10,"column":76},"end":{"line":10,"column":95}},{"start":{"line":10,"column":95},"end":{"line":10,"column":100}}]},"9":{"loc":{"start":{"line":10,"column":76},"end":{"line":10,"column":95}},"type":"cond-expr","locations":[{"start":{"line":10,"column":80},"end":{"line":10,"column":82}},{"start":{"line":10,"column":76},"end":{"line":10,"column":95}}]},"10":{"loc":{"start":{"line":10,"column":76},"end":{"line":10,"column":82}},"type":"binary-expr","locations":[{"start":{"line":10,"column":76},"end":{"line":10,"column":82}},{"start":{"line":10,"column":76},"end":{"line":10,"column":82}}]},"11":{"loc":{"start":{"line":16,"column":2},"end":{"line":18,"column":null}},"type":"if","locations":[{"start":{"line":16,"column":2},"end":{"line":18,"column":null}}]}},"s":{"0":1,"1":1,"2":1,"3":1,"4":1,"5":1,"6":14,"7":14,"8":14,"9":14,"10":14,"11":14,"12":14,"13":14,"14":14,"15":14,"16":14,"17":6,"18":8,"19":6,"20":6,"21":4},"f":{"0":14},"b":{"0":[7,7],"1":[14,9],"2":[9,5],"3":[4,5],"4":[9,9],"5":[12,2],"6":[7,5],"7":[12,12],"8":[12,2],"9":[7,5],"10":[12,12],"11":[6]}}
,"/Users/zane/playground/specify-input/src/integer.mjs": {"path":"/Users/zane/playground/specify-input/src/integer.mjs","statementMap":{"0":{"start":{"line":1,"column":0},"end":{"line":1,"column":null}},"1":{"start":{"line":3,"column":0},"end":{"line":3,"column":null}},"2":{"start":{"line":4,"column":0},"end":{"line":4,"column":null}},"3":{"start":{"line":5,"column":0},"end":{"line":5,"column":null}},"4":{"start":{"line":6,"column":0},"end":{"line":6,"column":null}},"5":{"start":{"line":7,"column":0},"end":{"line":7,"column":null}},"6":{"start":{"line":9,"column":20},"end":{"line":9,"column":29}},"7":{"start":{"line":11,"column":13},"end":{"line":46,"column":1}},"8":{"start":{"line":22,"column":2},"end":{"line":21,"column":8}},"9":{"start":{"line":21,"column":8},"end":{"line":14,"column":8}},"10":{"start":{"line":14,"column":8},"end":{"line":14,"column":null}},"11":{"start":{"line":14,"column":21},"end":{"line":15,"column":21}},"12":{"start":{"line":15,"column":21},"end":{"line":15,"column":null}},"13":{"start":{"line":15,"column":47},"end":{"line":16,"column":15}},"14":{"start":{"line":16,"column":15},"end":{"line":16,"column":null}},"15":{"start":{"line":16,"column":35},"end":{"line":17,"column":7}},"16":{"start":{"line":17,"column":7},"end":{"line":17,"column":null}},"17":{"start":{"line":17,"column":19},"end":{"line":18,"column":7}},"18":{"start":{"line":18,"column":7},"end":{"line":18,"column":null}},"19":{"start":{"line":18,"column":19},"end":{"line":19,"column":17}},"20":{"start":{"line":19,"column":17},"end":{"line":19,"column":null}},"21":{"start":{"line":19,"column":39},"end":{"line":20,"column":17}},"22":{"start":{"line":20,"column":17},"end":{"line":20,"column":null}},"23":{"start":{"line":23,"column":26},"end":{"line":23,"column":56}},"24":{"start":{"line":24,"column":2},"end":{"line":24,"column":null}},"25":{"start":{"line":26,"column":2},"end":{"line":35,"column":null}},"26":{"start":{"line":27,"column":11},"end":{"line":27,"column":91}},"27":{"start":{"line":28,"column":4},"end":{"line":30,"column":null}},"28":{"start":{"line":29,"column":6},"end":{"line":29,"column":null}},"29":{"start":{"line":31,"column":4},"end":{"line":31,"column":null}},"30":{"start":{"line":32,"column":9},"end":{"line":35,"column":null}},"31":{"start":{"line":33,"column":13},"end":{"line":33,"column":117}},"32":{"start":{"line":34,"column":4},"end":{"line":34,"column":null}},"33":{"start":{"line":37,"column":2},"end":{"line":37,"column":null}},"34":{"start":{"line":38,"column":16},"end":{"line":38,"column":31}},"35":{"start":{"line":39,"column":2},"end":{"line":39,"column":null}},"36":{"start":{"line":40,"column":2},"end":{"line":42,"column":null}},"37":{"start":{"line":41,"column":4},"end":{"line":41,"column":null}},"38":{"start":{"line":43,"column":2},"end":{"line":43,"column":null}},"39":{"start":{"line":45,"column":2},"end":{"line":45,"column":null}}},"fnMap":{"0":{"name":"Integer","decl":{"start":{"line":11,"column":6},"end":{"line":11,"column":13}},"loc":{"start":{"line":22,"column":2},"end":{"line":46,"column":1}}}},"branchMap":{"0":{"loc":{"start":{"line":22,"column":2},"end":{"line":21,"column":8}},"type":"cond-expr","locations":[{"start":{"line":22,"column":2},"end":{"line":22,"column":null}},{"start":{"line":21,"column":6},"end":{"line":21,"column":8}}]},"1":{"loc":{"start":{"line":22,"column":2},"end":{"line":22,"column":null}},"type":"binary-expr","locations":[{"start":{"line":22,"column":2},"end":{"line":22,"column":null}},{"start":{"line":22,"column":2},"end":{"line":22,"column":null}}]},"2":{"loc":{"start":{"line":14,"column":8},"end":{"line":14,"column":null}},"type":"cond-expr","locations":[{"start":{"line":14,"column":11},"end":{"line":14,"column":21}},{"start":{"line":14,"column":21},"end":{"line":14,"column":null}}]},"3":{"loc":{"start":{"line":14,"column":11},"end":{"line":14,"column":21}},"type":"cond-expr","locations":[{"start":{"line":14,"column":15},"end":{"line":14,"column":17}},{"start":{"line":14,"column":11},"end":{"line":14,"column":21}}]},"4":{"loc":{"start":{"line":14,"column":11},"end":{"line":14,"column":17}},"type":"binary-expr","locations":[{"start":{"line":14,"column":11},"end":{"line":14,"column":17}},{"start":{"line":14,"column":11},"end":{"line":14,"column":17}}]},"5":{"loc":{"start":{"line":15,"column":21},"end":{"line":15,"column":null}},"type":"cond-expr","locations":[{"start":{"line":15,"column":24},"end":{"line":15,"column":47}},{"start":{"line":15,"column":47},"end":{"line":15,"column":null}}]},"6":{"loc":{"start":{"line":15,"column":24},"end":{"line":15,"column":47}},"type":"cond-expr","locations":[{"start":{"line":15,"column":28},"end":{"line":15,"column":30}},{"start":{"line":15,"column":24},"end":{"line":15,"column":47}}]},"7":{"loc":{"start":{"line":15,"column":24},"end":{"line":15,"column":30}},"type":"binary-expr","locations":[{"start":{"line":15,"column":24},"end":{"line":15,"column":30}},{"start":{"line":15,"column":24},"end":{"line":15,"column":30}}]},"8":{"loc":{"start":{"line":16,"column":15},"end":{"line":16,"column":null}},"type":"cond-expr","locations":[{"start":{"line":16,"column":18},"end":{"line":16,"column":35}},{"start":{"line":16,"column":35},"end":{"line":16,"column":null}}]},"9":{"loc":{"start":{"line":16,"column":18},"end":{"line":16,"column":35}},"type":"cond-expr","locations":[{"start":{"line":16,"column":22},"end":{"line":16,"column":24}},{"start":{"line":16,"column":18},"end":{"line":16,"column":35}}]},"10":{"loc":{"start":{"line":16,"column":18},"end":{"line":16,"column":24}},"type":"binary-expr","locations":[{"start":{"line":16,"column":18},"end":{"line":16,"column":24}},{"start":{"line":16,"column":18},"end":{"line":16,"column":24}}]},"11":{"loc":{"start":{"line":17,"column":7},"end":{"line":17,"column":null}},"type":"cond-expr","locations":[{"start":{"line":17,"column":10},"end":{"line":17,"column":19}},{"start":{"line":17,"column":19},"end":{"line":17,"column":null}}]},"12":{"loc":{"start":{"line":17,"column":10},"end":{"line":17,"column":19}},"type":"cond-expr","locations":[{"start":{"line":17,"column":14},"end":{"line":17,"column":16}},{"start":{"line":17,"column":10},"end":{"line":17,"column":19}}]},"13":{"loc":{"start":{"line":17,"column":10},"end":{"line":17,"column":16}},"type":"binary-expr","locations":[{"start":{"line":17,"column":10},"end":{"line":17,"column":16}},{"start":{"line":17,"column":10},"end":{"line":17,"column":16}}]},"14":{"loc":{"start":{"line":18,"column":7},"end":{"line":18,"column":null}},"type":"cond-expr","locations":[{"start":{"line":18,"column":10},"end":{"line":18,"column":19}},{"start":{"line":18,"column":19},"end":{"line":18,"column":null}}]},"15":{"loc":{"start":{"line":18,"column":10},"end":{"line":18,"column":19}},"type":"cond-expr","locations":[{"start":{"line":18,"column":14},"end":{"line":18,"column":16}},{"start":{"line":18,"column":10},"end":{"line":18,"column":19}}]},"16":{"loc":{"start":{"line":18,"column":10},"end":{"line":18,"column":16}},"type":"binary-expr","locations":[{"start":{"line":18,"column":10},"end":{"line":18,"column":16}},{"start":{"line":18,"column":10},"end":{"line":18,"column":16}}]},"17":{"loc":{"start":{"line":19,"column":17},"end":{"line":19,"column":null}},"type":"cond-expr","locations":[{"start":{"line":19,"column":20},"end":{"line":19,"column":39}},{"start":{"line":19,"column":39},"end":{"line":19,"column":null}}]},"18":{"loc":{"start":{"line":19,"column":20},"end":{"line":19,"column":39}},"type":"cond-expr","locations":[{"start":{"line":19,"column":24},"end":{"line":19,"column":26}},{"start":{"line":19,"column":20},"end":{"line":19,"column":39}}]},"19":{"loc":{"start":{"line":19,"column":20},"end":{"line":19,"column":26}},"type":"binary-expr","locations":[{"start":{"line":19,"column":20},"end":{"line":19,"column":26}},{"start":{"line":19,"column":20},"end":{"line":19,"column":26}}]},"20":{"loc":{"start":{"line":20,"column":17},"end":{"line":20,"column":null}},"type":"cond-expr","locations":[{"start":{"line":20,"column":20},"end":{"line":20,"column":39}},{"start":{"line":20,"column":39},"end":{"line":20,"column":null}}]},"21":{"loc":{"start":{"line":20,"column":20},"end":{"line":20,"column":39}},"type":"cond-expr","locations":[{"start":{"line":20,"column":24},"end":{"line":20,"column":26}},{"start":{"line":20,"column":20},"end":{"line":20,"column":39}}]},"22":{"loc":{"start":{"line":20,"column":20},"end":{"line":20,"column":26}},"type":"binary-expr","locations":[{"start":{"line":20,"column":20},"end":{"line":20,"column":26}},{"start":{"line":20,"column":20},"end":{"line":20,"column":26}}]},"23":{"loc":{"start":{"line":26,"column":2},"end":{"line":35,"column":null}},"type":"if","locations":[{"start":{"line":26,"column":2},"end":{"line":35,"column":null}},{"start":{"line":32,"column":9},"end":{"line":35,"column":null}}]},"24":{"loc":{"start":{"line":26,"column":6},"end":{"line":26,"column":67}},"type":"binary-expr","locations":[{"start":{"line":26,"column":6},"end":{"line":26,"column":32}},{"start":{"line":26,"column":36},"end":{"line":26,"column":67}}]},"25":{"loc":{"start":{"line":28,"column":4},"end":{"line":30,"column":null}},"type":"if","locations":[{"start":{"line":28,"column":4},"end":{"line":30,"column":null}}]},"26":{"loc":{"start":{"line":32,"column":9},"end":{"line":35,"column":null}},"type":"if","locations":[{"start":{"line":32,"column":9},"end":{"line":35,"column":null}}]},"27":{"loc":{"start":{"line":32,"column":13},"end":{"line":32,"column":76}},"type":"binary-expr","locations":[{"start":{"line":32,"column":13},"end":{"line":32,"column":39}},{"start":{"line":32,"column":43},"end":{"line":32,"column":76}}]},"28":{"loc":{"start":{"line":40,"column":2},"end":{"line":42,"column":null}},"type":"if","locations":[{"start":{"line":40,"column":2},"end":{"line":42,"column":null}}]},"29":{"loc":{"start":{"line":40,"column":6},"end":{"line":40,"column":62}},"type":"binary-expr","locations":[{"start":{"line":40,"column":6},"end":{"line":40,"column":31}},{"start":{"line":40,"column":36},"end":{"line":40,"column":62}}]}},"s":{"0":1,"1":1,"2":1,"3":1,"4":1,"5":1,"6":1,"7":1,"8":33,"9":33,"10":33,"11":33,"12":33,"13":33,"14":33,"15":33,"16":33,"17":33,"18":33,"19":33,"20":33,"21":33,"22":33,"23":33,"24":33,"25":27,"26":6,"27":6,"28":2,"29":6,"30":21,"31":2,"32":2,"33":19,"34":17,"35":17,"36":13,"37":2,"38":11,"39":9},"f":{"0":33},"b":{"0":[19,14],"1":[33,21],"2":[21,12],"3":[9,12],"4":[21,21],"5":[30,3],"6":[18,12],"7":[30,30],"8":[31,2],"9":[19,12],"10":[31,31],"11":[31,2],"12":[19,12],"13":[31,31],"14":[31,2],"15":[19,12],"16":[31,31],"17":[31,2],"18":[19,12],"19":[31,31],"20":[31,2],"21":[19,12],"22":[31,31],"23":[6,21],"24":[27,23],"25":[2],"26":[2],"27":[21,4],"28":[2],"29":[13,3]}}
,"/Users/zane/playground/specify-input/src/numeric.mjs": {"path":"/Users/zane/playground/specify-input/src/numeric.mjs","statementMap":{"0":{"start":{"line":1,"column":0},"end":{"line":1,"column":null}},"1":{"start":{"line":2,"column":0},"end":{"line":2,"column":null}},"2":{"start":{"line":3,"column":0},"end":{"line":3,"column":null}},"3":{"start":{"line":4,"column":0},"end":{"line":4,"column":null}},"4":{"start":{"line":5,"column":0},"end":{"line":5,"column":null}},"5":{"start":{"line":7,"column":22},"end":{"line":7,"column":34}},"6":{"start":{"line":9,"column":13},"end":{"line":39,"column":1}},"7":{"start":{"line":20,"column":2},"end":{"line":19,"column":8}},"8":{"start":{"line":19,"column":8},"end":{"line":12,"column":8}},"9":{"start":{"line":12,"column":8},"end":{"line":12,"column":null}},"10":{"start":{"line":12,"column":21},"end":{"line":13,"column":21}},"11":{"start":{"line":13,"column":21},"end":{"line":13,"column":null}},"12":{"start":{"line":13,"column":47},"end":{"line":14,"column":15}},"13":{"start":{"line":14,"column":15},"end":{"line":14,"column":null}},"14":{"start":{"line":14,"column":35},"end":{"line":15,"column":7}},"15":{"start":{"line":15,"column":7},"end":{"line":15,"column":null}},"16":{"start":{"line":15,"column":19},"end":{"line":16,"column":7}},"17":{"start":{"line":16,"column":7},"end":{"line":16,"column":null}},"18":{"start":{"line":16,"column":19},"end":{"line":17,"column":17}},"19":{"start":{"line":17,"column":17},"end":{"line":17,"column":null}},"20":{"start":{"line":17,"column":39},"end":{"line":18,"column":17}},"21":{"start":{"line":18,"column":17},"end":{"line":18,"column":null}},"22":{"start":{"line":21,"column":26},"end":{"line":21,"column":56}},"23":{"start":{"line":22,"column":2},"end":{"line":22,"column":null}},"24":{"start":{"line":24,"column":2},"end":{"line":28,"column":null}},"25":{"start":{"line":25,"column":4},"end":{"line":25,"column":null}},"26":{"start":{"line":26,"column":9},"end":{"line":28,"column":null}},"27":{"start":{"line":27,"column":4},"end":{"line":27,"column":null}},"28":{"start":{"line":30,"column":2},"end":{"line":30,"column":null}},"29":{"start":{"line":31,"column":16},"end":{"line":31,"column":29}},"30":{"start":{"line":32,"column":2},"end":{"line":32,"column":null}},"31":{"start":{"line":33,"column":2},"end":{"line":35,"column":null}},"32":{"start":{"line":34,"column":4},"end":{"line":34,"column":null}},"33":{"start":{"line":36,"column":2},"end":{"line":36,"column":null}},"34":{"start":{"line":38,"column":2},"end":{"line":38,"column":null}}},"fnMap":{"0":{"name":"Numeric","decl":{"start":{"line":9,"column":6},"end":{"line":9,"column":13}},"loc":{"start":{"line":20,"column":2},"end":{"line":39,"column":1}}}},"branchMap":{"0":{"loc":{"start":{"line":20,"column":2},"end":{"line":19,"column":8}},"type":"cond-expr","locations":[{"start":{"line":20,"column":2},"end":{"line":20,"column":null}},{"start":{"line":19,"column":6},"end":{"line":19,"column":8}}]},"1":{"loc":{"start":{"line":20,"column":2},"end":{"line":20,"column":null}},"type":"binary-expr","locations":[{"start":{"line":20,"column":2},"end":{"line":20,"column":null}},{"start":{"line":20,"column":2},"end":{"line":20,"column":null}}]},"2":{"loc":{"start":{"line":12,"column":8},"end":{"line":12,"column":null}},"type":"cond-expr","locations":[{"start":{"line":12,"column":11},"end":{"line":12,"column":21}},{"start":{"line":12,"column":21},"end":{"line":12,"column":null}}]},"3":{"loc":{"start":{"line":12,"column":11},"end":{"line":12,"column":21}},"type":"cond-expr","locations":[{"start":{"line":12,"column":15},"end":{"line":12,"column":17}},{"start":{"line":12,"column":11},"end":{"line":12,"column":21}}]},"4":{"loc":{"start":{"line":12,"column":11},"end":{"line":12,"column":17}},"type":"binary-expr","locations":[{"start":{"line":12,"column":11},"end":{"line":12,"column":17}},{"start":{"line":12,"column":11},"end":{"line":12,"column":17}}]},"5":{"loc":{"start":{"line":13,"column":21},"end":{"line":13,"column":null}},"type":"cond-expr","locations":[{"start":{"line":13,"column":24},"end":{"line":13,"column":47}},{"start":{"line":13,"column":47},"end":{"line":13,"column":null}}]},"6":{"loc":{"start":{"line":13,"column":24},"end":{"line":13,"column":47}},"type":"cond-expr","locations":[{"start":{"line":13,"column":28},"end":{"line":13,"column":30}},{"start":{"line":13,"column":24},"end":{"line":13,"column":47}}]},"7":{"loc":{"start":{"line":13,"column":24},"end":{"line":13,"column":30}},"type":"binary-expr","locations":[{"start":{"line":13,"column":24},"end":{"line":13,"column":30}},{"start":{"line":13,"column":24},"end":{"line":13,"column":30}}]},"8":{"loc":{"start":{"line":14,"column":15},"end":{"line":14,"column":null}},"type":"cond-expr","locations":[{"start":{"line":14,"column":18},"end":{"line":14,"column":35}},{"start":{"line":14,"column":35},"end":{"line":14,"column":null}}]},"9":{"loc":{"start":{"line":14,"column":18},"end":{"line":14,"column":35}},"type":"cond-expr","locations":[{"start":{"line":14,"column":22},"end":{"line":14,"column":24}},{"start":{"line":14,"column":18},"end":{"line":14,"column":35}}]},"10":{"loc":{"start":{"line":14,"column":18},"end":{"line":14,"column":24}},"type":"binary-expr","locations":[{"start":{"line":14,"column":18},"end":{"line":14,"column":24}},{"start":{"line":14,"column":18},"end":{"line":14,"column":24}}]},"11":{"loc":{"start":{"line":15,"column":7},"end":{"line":15,"column":null}},"type":"cond-expr","locations":[{"start":{"line":15,"column":10},"end":{"line":15,"column":19}},{"start":{"line":15,"column":19},"end":{"line":15,"column":null}}]},"12":{"loc":{"start":{"line":15,"column":10},"end":{"line":15,"column":19}},"type":"cond-expr","locations":[{"start":{"line":15,"column":14},"end":{"line":15,"column":16}},{"start":{"line":15,"column":10},"end":{"line":15,"column":19}}]},"13":{"loc":{"start":{"line":15,"column":10},"end":{"line":15,"column":16}},"type":"binary-expr","locations":[{"start":{"line":15,"column":10},"end":{"line":15,"column":16}},{"start":{"line":15,"column":10},"end":{"line":15,"column":16}}]},"14":{"loc":{"start":{"line":16,"column":7},"end":{"line":16,"column":null}},"type":"cond-expr","locations":[{"start":{"line":16,"column":10},"end":{"line":16,"column":19}},{"start":{"line":16,"column":19},"end":{"line":16,"column":null}}]},"15":{"loc":{"start":{"line":16,"column":10},"end":{"line":16,"column":19}},"type":"cond-expr","locations":[{"start":{"line":16,"column":14},"end":{"line":16,"column":16}},{"start":{"line":16,"column":10},"end":{"line":16,"column":19}}]},"16":{"loc":{"start":{"line":16,"column":10},"end":{"line":16,"column":16}},"type":"binary-expr","locations":[{"start":{"line":16,"column":10},"end":{"line":16,"column":16}},{"start":{"line":16,"column":10},"end":{"line":16,"column":16}}]},"17":{"loc":{"start":{"line":17,"column":17},"end":{"line":17,"column":null}},"type":"cond-expr","locations":[{"start":{"line":17,"column":20},"end":{"line":17,"column":39}},{"start":{"line":17,"column":39},"end":{"line":17,"column":null}}]},"18":{"loc":{"start":{"line":17,"column":20},"end":{"line":17,"column":39}},"type":"cond-expr","locations":[{"start":{"line":17,"column":24},"end":{"line":17,"column":26}},{"start":{"line":17,"column":20},"end":{"line":17,"column":39}}]},"19":{"loc":{"start":{"line":17,"column":20},"end":{"line":17,"column":26}},"type":"binary-expr","locations":[{"start":{"line":17,"column":20},"end":{"line":17,"column":26}},{"start":{"line":17,"column":20},"end":{"line":17,"column":26}}]},"20":{"loc":{"start":{"line":18,"column":17},"end":{"line":18,"column":null}},"type":"cond-expr","locations":[{"start":{"line":18,"column":20},"end":{"line":18,"column":39}},{"start":{"line":18,"column":39},"end":{"line":18,"column":null}}]},"21":{"loc":{"start":{"line":18,"column":20},"end":{"line":18,"column":39}},"type":"cond-expr","locations":[{"start":{"line":18,"column":24},"end":{"line":18,"column":26}},{"start":{"line":18,"column":20},"end":{"line":18,"column":39}}]},"22":{"loc":{"start":{"line":18,"column":20},"end":{"line":18,"column":26}},"type":"binary-expr","locations":[{"start":{"line":18,"column":20},"end":{"line":18,"column":26}},{"start":{"line":18,"column":20},"end":{"line":18,"column":26}}]},"23":{"loc":{"start":{"line":24,"column":2},"end":{"line":28,"column":null}},"type":"if","locations":[{"start":{"line":24,"column":2},"end":{"line":28,"column":null}},{"start":{"line":26,"column":9},"end":{"line":28,"column":null}}]},"24":{"loc":{"start":{"line":24,"column":6},"end":{"line":24,"column":70}},"type":"binary-expr","locations":[{"start":{"line":24,"column":6},"end":{"line":24,"column":32}},{"start":{"line":24,"column":36},"end":{"line":24,"column":70}}]},"25":{"loc":{"start":{"line":26,"column":9},"end":{"line":28,"column":null}},"type":"if","locations":[{"start":{"line":26,"column":9},"end":{"line":28,"column":null}}]},"26":{"loc":{"start":{"line":33,"column":2},"end":{"line":35,"column":null}},"type":"if","locations":[{"start":{"line":33,"column":2},"end":{"line":35,"column":null}}]},"27":{"loc":{"start":{"line":33,"column":6},"end":{"line":33,"column":62}},"type":"binary-expr","locations":[{"start":{"line":33,"column":6},"end":{"line":33,"column":31}},{"start":{"line":33,"column":36},"end":{"line":33,"column":62}}]}},"s":{"0":1,"1":1,"2":1,"3":1,"4":1,"5":1,"6":1,"7":27,"8":27,"9":27,"10":27,"11":27,"12":27,"13":27,"14":27,"15":27,"16":27,"17":27,"18":27,"19":27,"20":27,"21":27,"22":27,"23":27,"24":27,"25":2,"26":25,"27":4,"28":21,"29":21,"30":21,"31":17,"32":2,"33":15,"34":15},"f":{"0":27},"b":{"0":[14,13],"1":[27,21],"2":[21,6],"3":[15,6],"4":[21,21],"5":[2
[...]
lumn":83}},{"start":{"line":59,"column":67},"end":{"line":59,"column":85}}]},"33":{"loc":{"start":{"line":59,"column":67},"end":{"line":59,"column":83}},"type":"binary-expr","locations":[{"start":{"line":59,"column":67},"end":{"line":59,"column":83}},{"start":{"line":59,"column":67},"end":{"line":59,"column":83}}]},"34":{"loc":{"start":{"line":61,"column":16},"end":{"line":61,"column":102}},"type":"binary-expr","locations":[{"start":{"line":61,"column":16},"end":{"line":61,"column":47}},{"start":{"line":61,"column":51},"end":{"line":61,"column":93}},{"start":{"line":61,"column":97},"end":{"line":61,"column":102}}]},"35":{"loc":{"start":{"line":61,"column":16},"end":{"line":61,"column":33}},"type":"cond-expr","locations":[{"start":{"line":61,"column":28},"end":{"line":61,"column":31}},{"start":{"line":61,"column":16},"end":{"line":61,"column":33}}]},"36":{"loc":{"start":{"line":61,"column":16},"end":{"line":61,"column":31}},"type":"binary-expr","locations":[{"start":{"line":61,"column":16},"end":{"line":61,"column":31}},{"start":{"line":61,"column":16},"end":{"line":61,"column":31}}]},"37":{"loc":{"start":{"line":61,"column":51},"end":{"line":61,"column":79}},"type":"cond-expr","locations":[{"start":{"line":61,"column":74},"end":{"line":61,"column":77}},{"start":{"line":61,"column":51},"end":{"line":61,"column":79}}]},"38":{"loc":{"start":{"line":61,"column":51},"end":{"line":61,"column":77}},"type":"binary-expr","locations":[{"start":{"line":61,"column":51},"end":{"line":61,"column":77}},{"start":{"line":61,"column":51},"end":{"line":61,"column":77}}]},"39":{"loc":{"start":{"line":63,"column":2},"end":{"line":79,"column":null}},"type":"if","locations":[{"start":{"line":63,"column":2},"end":{"line":79,"column":null}},{"start":{"line":68,"column":9},"end":{"line":79,"column":null}}]},"40":{"loc":{"start":{"line":69,"column":21},"end":{"line":69,"column":89}},"type":"binary-expr","locations":[{"start":{"line":69,"column":21},"end":{"line":69,"column":38}},{"start":{"line":69,"column":42},"end":{"line":69,"column":56}},{"start":{"line":69,"column":60},"end":{"line":69,"column":88}}]},"41":{"loc":{"start":{"line":69,"column":21},"end":{"line":69,"column":38}},"type":"cond-expr","locations":[{"start":{"line":69,"column":33},"end":{"line":69,"column":36}},{"start":{"line":69,"column":21},"end":{"line":69,"column":38}}]},"42":{"loc":{"start":{"line":69,"column":21},"end":{"line":69,"column":36}},"type":"binary-expr","locations":[{"start":{"line":69,"column":21},"end":{"line":69,"column":36}},{"start":{"line":69,"column":21},"end":{"line":69,"column":36}}]},"43":{"loc":{"start":{"line":69,"column":42},"end":{"line":69,"column":56}},"type":"cond-expr","locations":[{"start":{"line":69,"column":51},"end":{"line":69,"column":54}},{"start":{"line":69,"column":42},"end":{"line":69,"column":56}}]},"44":{"loc":{"start":{"line":69,"column":42},"end":{"line":69,"column":54}},"type":"binary-expr","locations":[{"start":{"line":69,"column":42},"end":{"line":69,"column":54}},{"start":{"line":69,"column":42},"end":{"line":69,"column":54}}]},"45":{"loc":{"start":{"line":69,"column":60},"end":{"line":69,"column":88}},"type":"cond-expr","locations":[{"start":{"line":69,"column":83},"end":{"line":69,"column":86}},{"start":{"line":69,"column":60},"end":{"line":69,"column":88}}]},"46":{"loc":{"start":{"line":69,"column":60},"end":{"line":69,"column":86}},"type":"binary-expr","locations":[{"start":{"line":69,"column":60},"end":{"line":69,"column":86}},{"start":{"line":69,"column":60},"end":{"line":69,"column":86}}]},"47":{"loc":{"start":{"line":70,"column":4},"end":{"line":75,"column":null}},"type":"if","locations":[{"start":{"line":70,"column":4},"end":{"line":75,"column":null}}]},"48":{"loc":{"start":{"line":71,"column":15},"end":{"line":71,"column":59}},"type":"cond-expr","locations":[{"start":{"line":71,"column":53},"end":{"line":71,"column":54}},{"start":{"line":71,"column":57},"end":{"line":71,"column":59}}]},"49":{"loc":{"start":{"line":72,"column":6},"end":{"line":74,"column":null}},"type":"if","locations":[{"start":{"line":72,"column":6},"end":{"line":74,"column":null}}]},"50":{"loc":{"start":{"line":76,"column":23},"end":{"line":76,"column":91}},"type":"binary-expr","locations":[{"start":{"line":76,"column":23},"end":{"line":76,"column":40}},{"start":{"line":76,"column":44},"end":{"line":76,"column":58}},{"start":{"line":76,"column":62},"end":{"line":76,"column":90}}]},"51":{"loc":{"start":{"line":76,"column":23},"end":{"line":76,"column":40}},"type":"cond-expr","locations":[{"start":{"line":76,"column":35},"end":{"line":76,"column":38}},{"start":{"line":76,"column":23},"end":{"line":76,"column":40}}]},"52":{"loc":{"start":{"line":76,"column":23},"end":{"line":76,"column":38}},"type":"binary-expr","locations":[{"start":{"line":76,"column":23},"end":{"line":76,"column":38}},{"start":{"line":76,"column":23},"end":{"line":76,"column":38}}]},"53":{"loc":{"start":{"line":76,"column":44},"end":{"line":76,"column":58}},"type":"cond-expr","locations":[{"start":{"line":76,"column":53},"end":{"line":76,"column":56}},{"start":{"line":76,"column":44},"end":{"line":76,"column":58}}]},"54":{"loc":{"start":{"line":76,"column":44},"end":{"line":76,"column":56}},"type":"binary-expr","locations":[{"start":{"line":76,"column":44},"end":{"line":76,"column":56}},{"start":{"line":76,"column":44},"end":{"line":76,"column":56}}]},"55":{"loc":{"start":{"line":76,"column":62},"end":{"line":76,"column":90}},"type":"cond-expr","locations":[{"start":{"line":76,"column":85},"end":{"line":76,"column":88}},{"start":{"line":76,"column":62},"end":{"line":76,"column":90}}]},"56":{"loc":{"start":{"line":76,"column":62},"end":{"line":76,"column":88}},"type":"binary-expr","locations":[{"start":{"line":76,"column":62},"end":{"line":76,"column":88}},{"start":{"line":76,"column":62},"end":{"line":76,"column":88}}]},"57":{"loc":{"start":{"line":77,"column":23},"end":{"line":77,"column":76}},"type":"binary-expr","locations":[{"start":{"line":77,"column":23},"end":{"line":77,"column":37}},{"start":{"line":77,"column":41},"end":{"line":77,"column":69}},{"start":{"line":77,"column":73},"end":{"line":77,"column":76}}]},"58":{"loc":{"start":{"line":77,"column":23},"end":{"line":77,"column":37}},"type":"cond-expr","locations":[{"start":{"line":77,"column":32},"end":{"line":77,"column":35}},{"start":{"line":77,"column":23},"end":{"line":77,"column":37}}]},"59":{"loc":{"start":{"line":77,"column":23},"end":{"line":77,"column":35}},"type":"binary-expr","locations":[{"start":{"line":77,"column":23},"end":{"line":77,"column":35}},{"start":{"line":77,"column":23},"end":{"line":77,"column":35}}]},"60":{"loc":{"start":{"line":77,"column":41},"end":{"line":77,"column":69}},"type":"cond-expr","locations":[{"start":{"line":77,"column":64},"end":{"line":77,"column":67}},{"start":{"line":77,"column":41},"end":{"line":77,"column":69}}]},"61":{"loc":{"start":{"line":77,"column":41},"end":{"line":77,"column":67}},"type":"binary-expr","locations":[{"start":{"line":77,"column":41},"end":{"line":77,"column":67}},{"start":{"line":77,"column":41},"end":{"line":77,"column":67}}]},"62":{"loc":{"start":{"line":78,"column":39},"end":{"line":78,"column":92}},"type":"binary-expr","locations":[{"start":{"line":78,"column":39},"end":{"line":78,"column":53}},{"start":{"line":78,"column":57},"end":{"line":78,"column":85}},{"start":{"line":78,"column":89},"end":{"line":78,"column":92}}]},"63":{"loc":{"start":{"line":78,"column":39},"end":{"line":78,"column":53}},"type":"cond-expr","locations":[{"start":{"line":78,"column":48},"end":{"line":78,"column":51}},{"start":{"line":78,"column":39},"end":{"line":78,"column":53}}]},"64":{"loc":{"start":{"line":78,"column":39},"end":{"line":78,"column":51}},"type":"binary-expr","locations":[{"start":{"line":78,"column":39},"end":{"line":78,"column":51}},{"start":{"line":78,"column":39},"end":{"line":78,"column":51}}]},"65":{"loc":{"start":{"line":78,"column":57},"end":{"line":78,"column":85}},"type":"cond-expr","locations":[{"start":{"line":78,"column":80},"end":{"line":78,"column":83}},{"start":{"line":78,"column":57},"end":{"line":78,"column":85}}]},"66":{"loc":{"start":{"line":78,"column":57},"end":{"line":78,"column":83}},"type":"binary-expr","locations":[{"start":{"line":78,"column":57},"end":{"line":78,"column":83}},{"start":{"line":78,"column":57},"end":{"line":78,"column":83}}]},"67":{"loc":{"start":{"line":81,"column":19},"end":{"line":81,"column":103}},"type":"binary-expr","locations":[{"start":{"line":81,"column":19},"end":{"line":81,"column":36}},{"start":{"line":81,"column":40},"end":{"line":81,"column":54}},{"start":{"line":81,"column":58},"end":{"line":81,"column":86}},{"start":{"line":81,"column":90},"end":{"line":81,"column":103}}]},"68":{"loc":{"start":{"line":81,"column":19},"end":{"line":81,"column":36}},"type":"cond-expr","locations":[{"start":{"line":81,"column":31},"end":{"line":81,"column":34}},{"start":{"line":81,"column":19},"end":{"line":81,"column":36}}]},"69":{"loc":{"start":{"line":81,"column":19},"end":{"line":81,"column":34}},"type":"binary-expr","locations":[{"start":{"line":81,"column":19},"end":{"line":81,"column":34}},{"start":{"line":81,"column":19},"end":{"line":81,"column":34}}]},"70":{"loc":{"start":{"line":81,"column":40},"end":{"line":81,"column":54}},"type":"cond-expr","locations":[{"start":{"line":81,"column":49},"end":{"line":81,"column":52}},{"start":{"line":81,"column":40},"end":{"line":81,"column":54}}]},"71":{"loc":{"start":{"line":81,"column":40},"end":{"line":81,"column":52}},"type":"binary-expr","locations":[{"start":{"line":81,"column":40},"end":{"line":81,"column":52}},{"start":{"line":81,"column":40},"end":{"line":81,"column":52}}]},"72":{"loc":{"start":{"line":81,"column":58},"end":{"line":81,"column":86}},"type":"cond-expr","locations":[{"start":{"line":81,"column":81},"end":{"line":81,"column":84}},{"start":{"line":81,"column":58},"end":{"line":81,"column":86}}]},"73":{"loc":{"start":{"line":81,"column":58},"end":{"line":81,"column":84}},"type":"binary-expr","locations":[{"start":{"line":81,"column":58},"end":{"line":81,"column":84}},{"start":{"line":81,"column":58},"end":{"line":81,"column":84}}]}},"s":{"0":2,"1":2,"2":2,"3":2,"4":90,"5":90,"6":90,"7":90,"8":90,"9":90,"10":90,"11":90,"12":10,"13":80,"14":80,"15":80,"16":80,"17":80,"18":80,"19":80,"20":80,"21":3,"22":77,"23":1,"24":76,"25":76,"26":76,"27":6,"28":6,"29":70,"30":76,"31":76,"32":76,"33":4,"34":4,"35":4,"36":4,"37":72,"38":72,"39":2,"40":2,"41":1,"42":72,"43":72,"44":72,"45":76,"46":76,"47":76},"f":{"0":90},"b":{"0":[6,84],"1":[4,86],"2":[74,16],"3":[10],"4":[6,74],"5":[57,23],"6":[15,65],"7":[3,77],"8":[1],"9":[76,74,72],"10":[20,56],"11":[76,56],"12":[60,14],"13":[74,14],"14":[76,70,14],"15":[70,6],"16":[76,6],"17":[14,56],"18":[70,56],"19":[0,14],"20":[14,14],"21":[6,70],"22":[70,14],"23":[14,56],"24":[70,56],"25":[0,14],"26":[14,14],"27":[76,70,14],"28":[70,6],"29":[76,6],"30":[14,56],"31":[70,56],"32":[0,14],"33":[14,14],"34":[76,75,72],"35":[72,4],"36":[76,4],"37":[3,72],"38":[75,72],"39":[4,72],"40":[72,69,67],"41":[69,3],"42":[72,3],"43":[67,2],"44":[69,2],"45":[0,67],"46":[67,67],"47":[2],"48":[1,1],"49":[1],"50":[72,69,67],"51":[69,3],"52":[72,3],"53":[67,2],"54":[69,2],"55":[0,67],"56":[67,67],"57":[72,72,59],"58":[70,2],"59":[72,2],"60":[3,69],"61":[72,69],"62":[72,72,67],"63":[70,2],"64":[72,2],"65":[3,69],"66":[72,69],"67":[76,76,76,52],"68":[72,4],"69":[76,4],"70":[74,2],"71":[76,2],"72":[4,72],"73":[76,72]}}
,"/Users/zane/playground/specify-input/src/lib/date-time/process-iso-8601-date-time.mjs": {"path":"/Users/zane/playground/specify-input/src/lib/date-time/process-iso-8601-date-time.mjs","statementMap":{"0":{"start":{"line":1,"column":0},"end":{"line":1,"column":null}},"1":{"start":{"line":3,"column":29},"end":{"line":3,"column":35}},"2":{"start":{"line":5,"column":28},"end":{"line":54,"column":1}},"3":{"start":{"line":6,"column":2},"end":{"line":10,"column":null}},"4":{"start":{"line":7,"column":4},"end":{"line":7,"column":null}},"5":{"start":{"line":8,"column":9},"end":{"line":10,"column":null}},"6":{"start":{"line":9,"column":4},"end":{"line":9,"column":null}},"7":{"start":{"line":12,"column":15},"end":{"line":12,"column":40}},"8":{"start":{"line":13,"column":16},"end":{"line":13,"column":46}},"9":{"start":{"line":14,"column":14},"end":{"line":14,"column":44}},"10":{"start":{"line":15,"column":16},"end":{"line":15,"column":45}},"11":{"start":{"line":16,"column":16},"end":{"line":16,"column":64}},"12":{"start":{"line":19,"column":2},"end":{"line":47,"column":null}},"13":{"start":{"line":20,"column":4},"end":{"line":20,"column":null}},"14":{"start":{"line":21,"column":4},"end":{"line":21,"column":null}},"15":{"start":{"line":22,"column":4},"end":{"line":22,"column":null}},"16":{"start":{"line":23,"column":9},"end":{"line":47,"column":null}},"17":{"start":{"line":24,"column":22},"end":{"line":24,"column":53}},"18":{"start":{"line":25,"column":24},"end":{"line":25,"column":38}},"19":{"start":{"line":26,"column":4},"end":{"line":26,"column":null}},"20":{"start":{"line":27,"column":24},"end":{"line":27,"column":39}},"21":{"start":{"line":28,"column":24},"end":{"line":28,"column":40}},"22":{"start":{"line":29,"column":4},"end":{"line":29,"column":null}},"23":{"start":{"line":31,"column":4},"end":{"line":31,"column":null}},"24":{"start":{"line":33,"column":4},"end":{"line":33,"column":null}},"25":{"start":{"line":34,"column":4},"end":{"line":46,"column":null}},"26":{"start":{"line":35,"column":6},"end":{"line":35,"column":null}},"27":{"start":{"line":36,"column":6},"end":{"line":36,"column":null}},"28":{"start":{"line":37,"column":11},"end":{"line":46,"column":null}},"29":{"start":{"line":38,"column":26},"end":{"line":38,"column":57}},"30":{"start":{"line":39,"column":26},"end":{"line":39,"column":42}},"31":{"start":{"line":40,"column":6},"end":{"line":40,"column":null}},"32":{"start":{"line":42,"column":6},"end":{"line":42,"column":null}},"33":{"start":{"line":44,"column":6},"end":{"line":44,"column":null}},"34":{"start":{"line":45,"column":6},"end":{"line":45,"column":null}},"35":{"start":{"line":49,"column":19},"end":{"line":49,"column":52}},"36":{"start":{"line":51,"column":4},"end":{"line":51,"column":106}},"37":{"start":{"line":53,"column":2},"end":{"line":53,"column":null}},"38":{"start":{"line":56,"column":25},"end":{"line":56,"column":null}},"39":{"start":{"line":56,"column":37},"end":{"line":56,"column":null}}},"fnMap":{"0":{"name":"processISO8601DateTime","decl":{"start":{"line":5,"column":6},"end":{"line":5,"column":28}},"loc":{"start":{"line":5,"column":81},"end":{"line":54,"column":1}}},"1":{"name":"roundFracSeconds","decl":{"start":{"line":56,"column":6},"end":{"line":56,"column":22}},"loc":{"start":{"line":56,"column":37},"end":{"line":56,"column":null}}}},"branchMap":{"0":{"loc":{"start":{"line":6,"column":2},"end":{"line":10,"column":null}},"type":"if","locations":[{"start":{"line":6,"column":2},"end":{"line":10,"column":null}},{"start":{"line":8,"column":9},"end":{"line":10,"column":null}}]},"1":{"loc":{"start":{"line":8,"column":9},"end":{"line":10,"column":null}},"type":"if","locations":[{"start":{"line":8,"column":9},"end":{"line":10,"column":null}}]},"2":{"loc":{"start":{"line":13,"column":16},"end":{"line":13,"column":46}},"type":"binary-expr","locations":[{"start":{"line":13,"column":16},"end":{"line":13,"column":41}},{"start":{"line":13,"column":45},"end":{"line":13,"column":46}}]},"3":{"loc":{"start":{"line":14,"column":14},"end":{"line":14,"column":44}},"type":"binary-expr","locations":[{"start":{"line":14,"column":14},"end":{"line":14,"column":39}},{"start":{"line":14,"column":43},"end":{"line":14,"column":44}}]},"4":{"loc":{"start":{"line":16,"column":16},"end":{"line":16,"column":64}},"type":"cond-expr","locations":[{"start":{"line":16,"column":33},"end":{"line":16,"column":35}},{"start":{"line":16,"column":38},"end":{"line":16,"column":64}}]},"5":{"loc":{"start":{"line":19,"column":2},"end":{"line":47,"column":null}},"type":"if","locations":[{"start":{"line":19,"column":2},"end":{"line":47,"column":null}},{"start":{"line":23,"column":9},"end":{"line":47,"column":null}}]},"6":{"loc":{"start":{"line":19,"column":6},"end":{"line":19,"column":104}},"type":"binary-expr","locations":[{"start":{"line":19,"column":6},"end":{"line":19,"column":36}},{"start":{"line":19,"column":40},"end":{"line":19,"column":70}},{"start":{"line":19,"column":74},"end":{"line":19,"column":104}}]},"7":{"loc":{"start":{"line":23,"column":9},"end":{"line":47,"column":null}},"type":"if","locations":[{"start":{"line":23,"column":9},"end":{"line":47,"column":null}},{"start":{"line":32,"column":9},"end":{"line":47,"column":null}}]},"8":{"loc":{"start":{"line":34,"column":4},"end":{"line":46,"column":null}},"type":"if","locations":[{"start":{"line":34,"column":4},"end":{"line":46,"column":null}},{"start":{"line":37,"column":11},"end":{"line":46,"column":null}}]},"9":{"loc":{"start":{"line":34,"column":8},"end":{"line":34,"column":72}},"type":"binary-expr","locations":[{"start":{"line":34,"column":8},"end":{"line":34,"column":38}},{"start":{"line":34,"column":42},"end":{"line":34,"column":72}}]},"10":{"loc":{"start":{"line":37,"column":11},"end":{"line":46,"column":null}},"type":"if","locations":[{"start":{"line":37,"column":11},"end":{"line":46,"column":null}},{"start":{"line":43,"column":11},"end":{"line":46,"column":null}}]},"11":{"loc":{"start":{"line":45,"column":20},"end":{"line":45,"column":88}},"type":"cond-expr","locations":[{"start":{"line":45,"column":53},"end":{"line":45,"column":54}},{"start":{"line":45,"column":57},"end":{"line":45,"column":88}}]},"12":{"loc":{"start":{"line":49,"column":19},"end":{"line":49,"column":52}},"type":"binary-expr","locations":[{"start":{"line":49,"column":19},"end":{"line":49,"column":35}},{"start":{"line":49,"column":39},"end":{"line":49,"column":52}}]}},"s":{"0":2,"1":2,"2":2,"3":19,"4":1,"5":18,"6":1,"7":17,"8":17,"9":17,"10":17,"11":17,"12":17,"13":4,"14":4,"15":4,"16":13,"17":3,"18":3,"19":3,"20":3,"21":3,"22":3,"23":3,"24":10,"25":10,"26":1,"27":1,"28":9,"29":2,"30":2,"31":2,"32":2,"33":7,"34":7,"35":17,"36":17,"37":17,"38":2,"39":5},"f":{"0":19,"1":5},"b":{"0":[1,18],"1":[1],"2":[17,1],"3":[17,2],"4":[1,16],"5":[4,13],"6":[17,14,4],"7":[3,10],"8":[1,9],"9":[10,8],"10":[2,7],"11":[1,6],"12":[17,2]}}
,"/Users/zane/playground/specify-input/src/lib/date-time/process-rfc-2822-date-time.mjs": {"path":"/Users/zane/playground/specify-input/src/lib/date-time/process-rfc-2822-date-time.mjs","statementMap":{"0":{"start":{"line":1,"column":0},"end":{"line":1,"column":null}},"1":{"start":{"line":2,"column":0},"end":{"line":2,"column":null}},"2":{"start":{"line":4,"column":28},"end":{"line":18,"column":1}},"3":{"start":{"line":5,"column":15},"end":{"line":5,"column":40}},"4":{"start":{"line":6,"column":20},"end":{"line":6,"column":35}},"5":{"start":{"line":7,"column":16},"end":{"line":7,"column":43}},"6":{"start":{"line":8,"column":14},"end":{"line":8,"column":39}},"7":{"start":{"line":9,"column":16},"end":{"line":9,"column":41}},"8":{"start":{"line":10,"column":18},"end":{"line":10,"column":43}},"9":{"start":{"line":11,"column":18},"end":{"line":11,"column":43}},"10":{"start":{"line":12,"column":19},"end":{"line":12,"column":51}},"11":{"start":{"line":15,"column":4},"end":{"line":15,"column":96}},"12":{"start":{"line":17,"column":2},"end":{"line":17,"column":null}}},"fnMap":{"0":{"name":"processRFC2822DateTime","decl":{"start":{"line":4,"column":6},"end":{"line":4,"column":28}},"loc":{"start":{"line":4,"column":81},"end":{"line":18,"column":1}}}},"branchMap":{"0":{"loc":{"start":{"line":12,"column":19},"end":{"line":12,"column":51}},"type":"binary-expr","locations":[{"start":{"line":12,"column":19},"end":{"line":12,"column":34}},{"start":{"line":12,"column":38},"end":{"line":12,"column":51}}]}},"s":{"0":2,"1":2,"2":2,"3":6,"4":6,"5":6,"6":6,"7":6,"8":6,"9":6,"10":6,"11":6,"12":6},"f":{"0":6},"b":{"0":[6,2]}}
}
