{"/Users/zane/playground/string-input/src/boolean-string.mjs": {"path":"/Users/zane/playground/string-input/src/boolean-string.mjs","statementMap":{"0":{"start":{"line":1,"column":0},"end":{"line":1,"column":null}},"1":{"start":{"line":3,"column":0},"end":{"line":3,"column":null}},"2":{"start":{"line":4,"column":0},"end":{"line":4,"column":null}},"3":{"start":{"line":5,"column":0},"end":{"line":5,"column":null}},"4":{"start":{"line":6,"column":0},"end":{"line":6,"column":null}},"5":{"start":{"line":7,"column":0},"end":{"line":7,"column":null}},"6":{"start":{"line":26,"column":19},"end":{"line":75,"column":1}},"7":{"start":{"line":26,"column":46},"end":{"line":26,"column":59}},"8":{"start":{"line":33,"column":6},"end":{"line":28,"column":8}},"9":{"start":{"line":33,"column":6},"end":{"line":29,"column":19}},"10":{"start":{"line":29,"column":19},"end":{"line":29,"column":null}},"11":{"start":{"line":33,"column":6},"end":{"line":30,"column":13}},"12":{"start":{"line":30,"column":13},"end":{"line":30,"column":null}},"13":{"start":{"line":33,"column":6},"end":{"line":31,"column":11}},"14":{"start":{"line":31,"column":11},"end":{"line":31,"column":null}},"15":{"start":{"line":33,"column":6},"end":{"line":32,"column":30}},"16":{"start":{"line":32,"column":30},"end":{"line":32,"column":null}},"17":{"start":{"line":35,"column":26},"end":{"line":35,"column":56}},"18":{"start":{"line":36,"column":2},"end":{"line":36,"column":null}},"19":{"start":{"line":38,"column":2},"end":{"line":38,"column":null}},"20":{"start":{"line":40,"column":2},"end":{"line":42,"column":null}},"21":{"start":{"line":41,"column":4},"end":{"line":41,"column":null}},"22":{"start":{"line":44,"column":2},"end":{"line":46,"column":null}},"23":{"start":{"line":45,"column":4},"end":{"line":45,"column":null}},"24":{"start":{"line":49,"column":2},"end":{"line":68,"column":null}},"25":{"start":{"line":50,"column":4},"end":{"line":50,"column":null}},"26":{"start":{"line":51,"column":9},"end":{"line":68,"column":null}},"27":{"start":{"line":52,"column":4},"end":{"line":52,"column":null}},"28":{"start":{"line":54,"column":25},"end":{"line":54,"column":49}},"29":{"start":{"line":55,"column":4},"end":{"line":60,"column":null}},"30":{"start":{"line":56,"column":6},"end":{"line":56,"column":null}},"31":{"start":{"line":57,"column":11},"end":{"line":60,"column":null}},"32":{"start":{"line":59,"column":6},"end":{"line":59,"column":null}},"33":{"start":{"line":61,"column":4},"end":{"line":67,"column":null}},"34":{"start":{"line":62,"column":6},"end":{"line":62,"column":null}},"35":{"start":{"line":63,"column":11},"end":{"line":67,"column":null}},"36":{"start":{"line":64,"column":6},"end":{"line":64,"column":null}},"37":{"start":{"line":66,"column":6},"end":{"line":66,"column":null}},"38":{"start":{"line":70,"column":28},"end":{"line":70,"column":78}},"39":{"start":{"line":71,"column":2},"end":{"line":71,"column":null}},"40":{"start":{"line":72,"column":2},"end":{"line":72,"column":null}},"41":{"start":{"line":74,"column":2},"end":{"line":74,"column":null}},"42":{"start":{"line":77,"column":0},"end":{"line":77,"column":null}},"43":{"start":{"line":78,"column":0},"end":{"line":78,"column":null}},"44":{"start":{"line":78,"column":25},"end":{"line":78,"column":null}}},"fnMap":{"0":{"name":"BooleanString","decl":{"start":{"line":26,"column":6},"end":{"line":26,"column":19}},"loc":{"start":{"line":26,"column":61},"end":{"line":75,"column":1}}},"1":{"name":"(anonymous_1)","decl":{"start":{"line":78,"column":25},"end":{"line":78,"column":31}},"loc":{"start":{"line":78,"column":25},"end":{"line":78,"column":null}}}},"branchMap":{"0":{"loc":{"start":{"line":26,"column":46},"end":{"line":26,"column":59}},"type":"cond-expr","locations":[{"start":{"line":26,"column":46},"end":{"line":26,"column":49}},{"start":{"line":26,"column":49},"end":{"line":26,"column":59}}]},"1":{"loc":{"start":{"line":26,"column":46},"end":{"line":26,"column":49}},"type":"binary-expr","locations":[{"start":{"line":26,"column":46},"end":{"line":26,"column":49}},{"start":{"line":26,"column":46},"end":{"line":26,"column":49}}]},"2":{"loc":{"start":{"line":26,"column":49},"end":{"line":26,"column":59}},"type":"binary-expr","locations":[{"start":{"line":26,"column":49},"end":{"line":26,"column":53}},{"start":{"line":26,"column":57},"end":{"line":26,"column":59}}]},"3":{"loc":{"start":{"line":29,"column":19},"end":{"line":29,"column":null}},"type":"cond-expr","locations":[{"start":{"line":29,"column":22},"end":{"line":29,"column":27}},{"start":{"line":29,"column":27},"end":{"line":29,"column":null}}]},"4":{"loc":{"start":{"line":30,"column":13},"end":{"line":30,"column":null}},"type":"cond-expr","locations":[{"start":{"line":30,"column":16},"end":{"line":30,"column":21}},{"start":{"line":30,"column":21},"end":{"line":30,"column":null}}]},"5":{"loc":{"start":{"line":31,"column":11},"end":{"line":31,"column":null}},"type":"cond-expr","locations":[{"start":{"line":31,"column":14},"end":{"line":31,"column":19}},{"start":{"line":31,"column":19},"end":{"line":31,"column":null}}]},"6":{"loc":{"start":{"line":32,"column":30},"end":{"line":32,"column":null}},"type":"cond-expr","locations":[{"start":{"line":32,"column":33},"end":{"line":32,"column":38}},{"start":{"line":32,"column":38},"end":{"line":32,"column":null}}]},"7":{"loc":{"start":{"line":40,"column":2},"end":{"line":42,"column":null}},"type":"if","locations":[{"start":{"line":40,"column":2},"end":{"line":42,"column":null}}]},"8":{"loc":{"start":{"line":40,"column":6},"end":{"line":40,"column":100}},"type":"binary-expr","locations":[{"start":{"line":40,"column":6},"end":{"line":40,"column":30}},{"start":{"line":40,"column":35},"end":{"line":40,"column":48}},{"start":{"line":40,"column":52},"end":{"line":40,"column":65}},{"start":{"line":40,"column":69},"end":{"line":40,"column":82}},{"start":{"line":40,"column":86},"end":{"line":40,"column":99}}]},"9":{"loc":{"start":{"line":44,"column":2},"end":{"line":46,"column":null}},"type":"if","locations":[{"start":{"line":44,"column":2},"end":{"line":46,"column":null}}]},"10":{"loc":{"start":{"line":44,"column":6},"end":{"line":44,"column":95}},"type":"binary-expr","locations":[{"start":{"line":44,"column":6},"end":{"line":44,"column":22}},{"start":{"line":44,"column":27},"end":{"line":44,"column":42}},{"start":{"line":44,"column":46},"end":{"line":44,"column":59}},{"start":{"line":44,"column":63},"end":{"line":44,"column":77}},{"start":{"line":44,"column":81},"end":{"line":44,"column":94}}]},"11":{"loc":{"start":{"line":49,"column":2},"end":{"line":68,"column":null}},"type":"if","locations":[{"start":{"line":49,"column":2},"end":{"line":68,"column":null}},{"start":{"line":51,"column":9},"end":{"line":68,"column":null}}]},"12":{"loc":{"start":{"line":51,"column":9},"end":{"line":68,"column":null}},"type":"if","locations":[{"start":{"line":51,"column":9},"end":{"line":68,"column":null}},{"start":{"line":53,"column":9},"end":{"line":68,"column":null}}]},"13":{"loc":{"start":{"line":55,"column":4},"end":{"line":60,"column":null}},"type":"if","locations":[{"start":{"line":55,"column":4},"end":{"line":60,"column":null}},{"start":{"line":57,"column":11},"end":{"line":60,"column":null}}]},"14":{"loc":{"start":{"line":55,"column":8},"end":{"line":55,"column":66}},"type":"binary-expr","locations":[{"start":{"line":55,"column":8},"end":{"line":55,"column":26}},{"start":{"line":55,"column":30},"end":{"line":55,"column":66}}]},"15":{"loc":{"start":{"line":57,"column":11},"end":{"line":60,"column":null}},"type":"if","locations":[{"start":{"line":57,"column":11},"end":{"line":60,"column":null}}]},"16":{"loc":{"start":{"line":57,"column":15},"end":{"line":58,"column":34}},"type":"binary-expr","locations":[{"start":{"line":57,"column":15},"end":{"line":57,"column":50}},{"start":{"line":58,"column":6},"end":{"line":58,"column":34}}]},"17":{"loc":{"start":{"line":61,"column":4},"end":{"line":67,"column":null}},"type":"if","locations":[{"start":{"line":61,"column":4},"end":{"line":67,"column":null}},{"start":{"line":63,"column":11},"end":{"line":67,"column":null}}]},"18":{"loc":{"start":{"line":61,"column":8},"end":{"line":61,"column":87}},"type":"binary-expr","locations":[{"start":{"line":61,"column":8},"end":{"line":61,"column":26}},{"start":{"line":61,"column":31},"end":{"line":61,"column":66}},{"start":{"line":61,"column":70},"end":{"line":61,"column":87}}]},"19":{"loc":{"start":{"line":63,"column":11},"end":{"line":67,"column":null}},"type":"if","locations":[{"start":{"line":63,"column":11},"end":{"line":67,"column":null}},{"start":{"line":65,"column":11},"end":{"line":67,"column":null}}]}},"s":{"0":2,"1":2,"2":2,"3":2,"4":2,"5":2,"6":2,"7":34,"8":34,"9":34,"10":34,"11":34,"12":34,"13":34,"14":34,"15":34,"16":34,"17":34,"18":34,"19":34,"20":34,"21":5,"22":29,"23":5,"24":24,"25":6,"26":18,"27":5,"28":13,"29":13,"30":3,"31":10,"32":3,"33":7,"34":3,"35":4,"36":3,"37":1,"38":17,"39":17,"40":17,"41":17,"42":2,"43":2,"44":1},"f":{"0":34,"1":1},"b":{"0":[14,20],"1":[34,30],"2":[20,20],"3":[29,5],"4":[31,3],"5":[29,5],"6":[33,1],"7":[5],"8":[34,5,3,2,1],"9":[5],"10":[29,5,3,2,1],"11":[6,18],"12":[5,13],"13":[3,10],"14":[13,3],"15":[3],"16":[10,8],"17":[3,4],"18":[7,5,1],"19":[3,1]}}
,"/Users/zane/playground/string-input/src/card-number.mjs": {"path":"/Users/zane/playground/string-input/src/card-number.mjs","statementMap":{"0":{"start":{"line":1,"column":0},"end":{"line":1,"column":null}},"1":{"start":{"line":3,"column":0},"end":{"line":3,"column":null}},"2":{"start":{"line":4,"column":0},"end":{"line":4,"column":null}},"3":{"start":{"line":5,"column":0},"end":{"line":5,"column":null}},"4":{"start":{"line":6,"column":0},"end":{"line":6,"column":null}},"5":{"start":{"line":8,"column":13},"end":{"line":8,"column":19}},"6":{"start":{"line":9,"column":26},"end":{"line":9,"column":61}},"7":{"start":{"line":10,"column":20},"end":{"line":10,"column":41}},"8":{"start":{"line":28,"column":16},"end":{"line":84,"column":1}},"9":{"start":{"line":28,"column":43},"end":{"line":28,"column":56}},"10":{"start":{"line":33,"column":6},"end":{"line":30,"column":8}},"11":{"start":{"line":33,"column":6},"end":{"line":31,"column":8}},"12":{"start":{"line":33,"column":6},"end":{"line":32,"column":11}},"13":{"start":{"line":32,"column":11},"end":{"line":32,"column":null}},"14":{"start":{"line":35,"column":26},"end":{"line":35,"column":60}},"15":{"start":{"line":36,"column":2},"end":{"line":36,"column":null}},"16":{"start":{"line":38,"column":2},"end":{"line":40,"column":null}},"17":{"start":{"line":39,"column":4},"end":{"line":39,"column":null}},"18":{"start":{"line":42,"column":23},"end":{"line":42,"column":56}},"19":{"start":{"line":43,"column":2},"end":{"line":45,"column":null}},"20":{"start":{"line":44,"column":4},"end":{"line":44,"column":null}},"21":{"start":{"line":47,"column":2},"end":{"line":72,"column":null}},"22":{"start":{"line":48,"column":4},"end":{"line":53,"column":5}},"23":{"start":{"line":49,"column":6},"end":{"line":51,"column":null}},"24":{"start":{"line":50,"column":8},"end":{"line":50,"column":null}},"25":{"start":{"line":52,"column":6},"end":{"line":52,"column":null}},"26":{"start":{"line":54,"column":18},"end":{"line":54,"column":39}},"27":{"start":{"line":55,"column":4},"end":{"line":69,"column":null}},"28":{"start":{"line":56,"column":6},"end":{"line":56,"column":null}},"29":{"start":{"line":57,"column":11},"end":{"line":69,"column":null}},"30":{"start":{"line":58,"column":26},"end":{"line":58,"column":41}},"31":{"start":{"line":59,"column":6},"end":{"line":61,"column":null}},"32":{"start":{"line":60,"column":8},"end":{"line":60,"column":null}},"33":{"start":{"line":62,"column":18},"end":{"line":62,"column":36}},"34":{"start":{"line":63,"column":18},"end":{"line":63,"column":36}},"35":{"start":{"line":64,"column":23},"end":{"line":64,"column":57}},"36":{"start":{"line":65,"column":26},"end":{"line":65,"column":44}},"37":{"start":{"line":66,"column":6},"end":{"line":66,"column":null}},"38":{"start":{"line":68,"column":6},"end":{"line":68,"column":null}},"39":{"start":{"line":71,"column":4},"end":{"line":71,"column":null}},"40":{"start":{"line":74,"column":28},"end":{"line":74,"column":78}},"41":{"start":{"line":75,"column":2},"end":{"line":75,"column":null}},"42":{"start":{"line":77,"column":2},"end":{"line":79,"column":null}},"43":{"start":{"line":78,"column":4},"end":{"line":78,"column":null}},"44":{"start":{"line":81,"column":2},"end":{"line":81,"column":null}},"45":{"start":{"line":83,"column":2},"end":{"line":83,"column":null}},"46":{"start":{"line":86,"column":0},"end":{"line":86,"column":null}},"47":{"start":{"line":87,"column":0},"end":{"line":87,"column":null}},"48":{"start":{"line":87,"column":22},"end":{"line":87,"column":null}}},"fnMap":{"0":{"name":"CardNumber","decl":{"start":{"line":28,"column":6},"end":{"line":28,"column":16}},"loc":{"start":{"line":28,"column":58},"end":{"line":84,"column":1}}},"1":{"name":"(anonymous_1)","decl":{"start":{"line":47,"column":38},"end":{"line":47,"column":39}},"loc":{"start":{"line":47,"column":47},"end":{"line":70,"column":3}}},"2":{"name":"(anonymous_2)","decl":{"start":{"line":87,"column":22},"end":{"line":87,"column":28}},"loc":{"start":{"line":87,"column":22},"end":{"line":87,"column":null}}}},"branchMap":{"0":{"loc":{"start":{"line":28,"column":43},"end":{"line":28,"column":56}},"type":"cond-expr","locations":[{"start":{"line":28,"column":43},"end":{"line":28,"column":46}},{"start":{"line":28,"column":46},"end":{"line":28,"column":56}}]},"1":{"loc":{"start":{"line":28,"column":43},"end":{"line":28,"column":46}},"type":"binary-expr","locations":[{"start":{"line":28,"column":43},"end":{"line":28,"column":46}},{"start":{"line":28,"column":43},"end":{"line":28,"column":46}}]},"2":{"loc":{"start":{"line":28,"column":46},"end":{"line":28,"column":56}},"type":"binary-expr","locations":[{"start":{"line":28,"column":46},"end":{"line":28,"column":50}},{"start":{"line":28,"column":54},"end":{"line":28,"column":56}}]},"3":{"loc":{"start":{"line":32,"column":11},"end":{"line":32,"column":null}},"type":"cond-expr","locations":[{"start":{"line":32,"column":14},"end":{"line":32,"column":46}},{"start":{"line":32,"column":46},"end":{"line":32,"column":null}}]},"4":{"loc":{"start":{"line":38,"column":2},"end":{"line":40,"column":null}},"type":"if","locations":[{"start":{"line":38,"column":2},"end":{"line":40,"column":null}}]},"5":{"loc":{"start":{"line":43,"column":2},"end":{"line":45,"column":null}},"type":"if","locations":[{"start":{"line":43,"column":2},"end":{"line":45,"column":null}}]},"6":{"loc":{"start":{"line":43,"column":6},"end":{"line":43,"column":69}},"type":"binary-expr","locations":[{"start":{"line":43,"column":6},"end":{"line":43,"column":27}},{"start":{"line":43,"column":31},"end":{"line":43,"column":69}}]},"7":{"loc":{"start":{"line":47,"column":2},"end":{"line":72,"column":null}},"type":"if","locations":[{"start":{"line":47,"column":2},"end":{"line":72,"column":null}}]},"8":{"loc":{"start":{"line":47,"column":6},"end":{"line":70,"column":13}},"type":"binary-expr","locations":[{"start":{"line":47,"column":6},"end":{"line":47,"column":24}},{"start":{"line":47,"column":28},"end":{"line":70,"column":13}}]},"9":{"loc":{"start":{"line":48,"column":4},"end":{"line":53,"column":5}},"type":"if","locations":[{"start":{"line":48,"column":4},"end":{"line":53,"column":5}}]},"10":{"loc":{"start":{"line":49,"column":6},"end":{"line":51,"column":null}},"type":"if","locations":[{"start":{"line":49,"column":6},"end":{"line":51,"column":null}}]},"11":{"loc":{"start":{"line":55,"column":4},"end":{"line":69,"column":null}},"type":"if","locations":[{"start":{"line":55,"column":4},"end":{"line":69,"column":null}},{"start":{"line":57,"column":11},"end":{"line":69,"column":null}}]},"12":{"loc":{"start":{"line":57,"column":11},"end":{"line":69,"column":null}},"type":"if","locations":[{"start":{"line":57,"column":11},"end":{"line":69,"column":null}},{"start":{"line":67,"column":11},"end":{"line":69,"column":null}}]},"13":{"loc":{"start":{"line":59,"column":6},"end":{"line":61,"column":null}},"type":"if","locations":[{"start":{"line":59,"column":6},"end":{"line":61,"column":null}}]},"14":{"loc":{"start":{"line":66,"column":13},"end":{"line":66,"column":53}},"type":"binary-expr","locations":[{"start":{"line":66,"column":13},"end":{"line":66,"column":31}},{"start":{"line":66,"column":35},"end":{"line":66,"column":53}}]},"15":{"loc":{"start":{"line":77,"column":2},"end":{"line":79,"column":null}},"type":"if","locations":[{"start":{"line":77,"column":2},"end":{"line":79,"column":null}}]}},"s":{"0":2,"1":2,"2":2,"3":2,"4":2,"5":2,"6":2,"7":2,"8":2,"9":46,"10":46,"11":46,"12":46,"13":46,"14":46,"15":46,"16":42,"17":2,"18":40,"19":40,"20":4,"21":36,"22":19,"23":5,"24":2,"25":3,"26":14,"27":14,"28":6,"29":8,"30":6,"31":6,"32":2,"33":4,"34":4,"35":4,"36":4,"37":4,"38":2,"39":8,"40":22,"41":22,"42":18,"43":2,"44":16,"45":12,"46":2,"47":2,"48":1},"f":{"0":46,"1":19,"2":1},"b":{"0":[24,22],"1":[46,29],"2":[22,5],"3":[46,0],"4":[2],"5":[4],"6":[40,40],"7":[8],"8":[36,19],"9":[5],"10":[2],"11":[6,8],"12":[6,2],"13":[2],"14":[4,2],"15":[2]}}
,"/Users/zane/playground/string-input/src/date-time.mjs": {"path":"/Users/zane/playground/string-input/src/date-time.mjs","statementMap":{"0":{"start":{"line":1,"column":0},"end":{"line":1,"column":null}},"1":{"start":{"line":3,"column":0},"end":{"line":3,"column":null}},"2":{"start":{"line":4,"column":0},"end":{"line":4,"column":null}},"3":{"start":{"line":5,"column":0},"end":{"line":5,"column":null}},"4":{"start":{"line":6,"column":0},"end":{"line":6,"column":null}},"5":{"start":{"line":7,"column":0},"end":{"line":7,"column":null}},"6":{"start":{"line":8,"column":0},"end":{"line":8,"column":null}},"7":{"start":{"line":9,"column":0},"end":{"line":9,"column":null}},"8":{"start":{"line":10,"column":0},"end":{"line":10,"column":null}},"9":{"start":{"line":11,"column":0},"end":{"line":11,"column":null}},"10":{"start":{"line":12,"column":0},"end":{"line":12,"column":null}},"11":{"start":{"line":57,"column":14},"end":{"line":115,"column":1}},"12":{"start":{"line":57,"column":41},"end":{"line":57,"column":54}},"13":{"start":{"line":58,"column":41},"end":{"line":58,"column":14}},"14":{"start":{"line":58,"column":41},"end":{"line":58,"column":29}},"15":{"start":{"line":58,"column":41},"end":{"line":58,"column":36}},"16":{"start":{"line":59,"column":21},"end":{"line":59,"column":11}},"17":{"start":{"line":59,"column":21},"end":{"line":59,"column":16}},"18":{"start":{"line":61,"column":26},"end":{"line":61,"column":58}},"19":{"start":{"line":62,"column":2},"end":{"line":62,"column":null}},"20":{"start":{"line":66,"column":23},"end":{"line":66,"column":53}},"21":{"start":{"line":67,"column":2},"end":{"line":69,"column":null}},"22":{"start":{"line":68,"column":4},"end":{"line":68,"column":null}},"23":{"start":{"line":71,"column":23},"end":{"line":71,"column":49}},"24":{"start":{"line":72,"column":2},"end":{"line":74,"column":null}},"25":{"start":{"line":73,"column":4},"end":{"line":73,"column":null}},"26":{"start":{"line":76,"column":2},"end":{"line":78,"column":null}},"27":{"start":{"line":77,"column":4},"end":{"line":77,"column":null}},"28":{"start":{"line":80,"column":2},"end":{"line":82,"column":null}},"29":{"start":{"line":81,"column":4},"end":{"line":81,"column":null}},"30":{"start":{"line":84,"column":28},"end":{"line":84,"column":78}},"31":{"start":{"line":85,"column":2},"end":{"line":85,"column":null}},"32":{"start":{"line":90,"column":2},"end":{"line":99,"column":null}},"33":{"start":{"line":91,"column":4},"end":{"line":91,"column":null}},"34":{"start":{"line":92,"column":9},"end":{"line":99,"column":null}},"35":{"start":{"line":93,"column":20},"end":{"line":93,"column":33}},"36":{"start":{"line":94,"column":4},"end":{"line":94,"column":null}},"37":{"start":{"line":95,"column":9},"end":{"line":99,"column":null}},"38":{"start":{"line":96,"column":4},"end":{"line":96,"column":null}},"39":{"start":{"line":97,"column":9},"end":{"line":99,"column":null}},"40":{"start":{"line":98,"column":4},"end":{"line":98,"column":null}},"41":{"start":{"line":100,"column":2},"end":{"line":109,"column":null}},"42":{"start":{"line":101,"column":4},"end":{"line":101,"column":null}},"43":{"start":{"line":102,"column":9},"end":{"line":109,"column":null}},"44":{"start":{"line":103,"column":20},"end":{"line":103,"column":33}},"45":{"start":{"line":104,"column":4},"end":{"line":104,"column":null}},"46":{"start":{"line":105,"column":9},"end":{"line":109,"column":null}},"47":{"start":{"line":106,"column":4},"end":{"line":106,"column":null}},"48":{"start":{"line":107,"column":9},"end":{"line":109,"column":null}},"49":{"start":{"line":108,"column":4},"end":{"line":108,"column":null}},"50":{"start":{"line":110,"column":2},"end":{"line":110,"column":null}},"51":{"start":{"line":112,"column":2},"end":{"line":112,"column":null}},"52":{"start":{"line":114,"column":2},"end":{"line":114,"column":null}},"53":{"start":{"line":117,"column":0},"end":{"line":117,"column":null}},"54":{"start":{"line":118,"column":0},"end":{"line":118,"column":null}},"55":{"start":{"line":118,"column":20},"end":{"line":118,"column":null}},"56":{"start":{"line":120,"column":22},"end":{"line":131,"column":1}},"57":{"start":{"line":121,"column":15},"end":{"line":121,"column":30}},"58":{"start":{"line":122,"column":16},"end":{"line":122,"column":32}},"59":{"start":{"line":123,"column":14},"end":{"line":123,"column":35}},"60":{"start":{"line":124,"column":16},"end":{"line":124,"column":32}},"61":{"start":{"line":125,"column":18},"end":{"line":125,"column":36}},"62":{"start":{"line":126,"column":18},"end":{"line":126,"column":36}},"63":{"start":{"line":127,"column":22},"end":{"line":127,"column":50}},"64":{"start":{"line":128,"column":13},"end":{"line":128,"column":69}},"65":{"start":{"line":130,"column":2},"end":{"line":130,"column":null}},"66":{"start":{"line":133,"column":20},"end":{"line":156,"column":1}},"67":{"start":{"line":133,"column":105},"end":{"line":133,"column":null}},"68":{"start":{"line":133,"column":26},"end":{"line":133,"column":28}},"69":{"start":{"line":133,"column":33},"end":{"line":133,"column":35}},"70":{"start":{"line":133,"column":38},"end":{"line":133,"column":40}},"71":{"start":{"line":133,"column":45},"end":{"line":133,"column":47}},"72":{"start":{"line":133,"column":52},"end":{"line":133,"column":54}},"73":{"start":{"line":133,"column":61},"end":{"line":133,"column":63}},"74":{"start":{"line":133,"column":70},"end":{"line":133,"column":72}},"75":{"start":{"line":133,"column":83},"end":{"line":133,"column":85}},"76":{"start":{"line":133,"column":99},"end":{"line":133,"column":105}},"77":{"start":{"line":134,"column":13},"end":{"line":134,"column":58}},"78":{"start":{"line":135,"column":21},"end":{"line":135,"column":101}},"79":{"start":{"line":136,"column":15},"end":{"line":136,"column":35}},"80":{"start":{"line":138,"column":2},"end":{"line":155,"column":null}},"81":{"start":{"line":139,"column":20},"end":{"line":139,"column":null}},"82":{"start":{"line":140,"column":11},"end":{"line":140,"column":null}},"83":{"start":{"line":141,"column":12},"end":{"line":141,"column":null}},"84":{"start":{"line":142,"column":17},"end":{"line":142,"column":null}},"85":{"start":{"line":143,"column":9},"end":{"line":143,"column":null}},"86":{"start":{"line":144,"column":12},"end":{"line":144,"column":null}},"87":{"start":{"line":145,"column":14},"end":{"line":145,"column":null}},"88":{"start":{"line":146,"column":14},"end":{"line":146,"column":null}},"89":{"start":{"line":147,"column":24},"end":{"line":147,"column":null}},"90":{"start":{"line":148,"column":19},"end":{"line":148,"column":null}},"91":{"start":{"line":149,"column":21},"end":{"line":149,"column":null}},"92":{"start":{"line":150,"column":11},"end":{"line":150,"column":null}},"93":{"start":{"line":154,"column":11},"end":{"line":154,"column":null}}},"fnMap":{"0":{"name":"DateTime","decl":{"start":{"line":57,"column":6},"end":{"line":57,"column":14}},"loc":{"start":{"line":57,"column":56},"end":{"line":115,"column":1}}},"1":{"name":"(anonymous_1)","decl":{"start":{"line":118,"column":20},"end":{"line":118,"column":26}},"loc":{"start":{"line":118,"column":20},"end":{"line":118,"column":null}}},"2":{"name":"limitToString","decl":{"start":{"line":120,"column":6},"end":{"line":120,"column":19}},"loc":{"start":{"line":120,"column":33},"end":{"line":131,"column":1}}},"3":{"name":"createValue","decl":{"start":{"line":133,"column":6},"end":{"line":133,"column":17}},"loc":{"start":{"line":133,"column":105},"end":{"line":156,"column":1}}},"4":{"name":"isDateTimeObject","decl":{"start":{"line":139,"column":4},"end":{"line":139,"column":20}},"loc":{"start":{"line":139,"column":20},"end":{"line":139,"column":null}}},"5":{"name":"getYear","decl":{"start":{"line":140,"column":4},"end":{"line":140,"column":11}},"loc":{"start":{"line":140,"column":11},"end":{"line":140,"column":null}}},"6":{"name":"getMonth","decl":{"start":{"line":141,"column":4},"end":{"line":141,"column":12}},"loc":{"start":{"line":141,"column":12},"end":{"line":141,"column":null}}},"7":{"name":"getDayOfMonth","decl":{"start":{"line":142,"column":4},"end":{"line":142,"column":17}},"loc":{"start":{"line":142,"column":17},"end":{"line":142,"column":null}}},"8":{"name":"isEOD","decl":{"start":{"line":143,"column":4},"end":{"line":143,"column":9}},"loc":{"start":{"line":143,"column":9},"end":{"line":143,"column":null}}},"9":{"name":"getHours","decl":{"start":{"line":144,"column":4},"end":{"line":144,"column":12}},"loc":{"start":{"line":144,"column":12},"end":{"line":144,"column":null}}},"10":{"name":"getMinutes","decl":{"start":{"line":145,"column":4},"end":{"line":145,"column":14}},"loc":{"start":{"line":145,"column":14},"end":{"line":145,"column":null}}},"11":{"name":"getSeconds","decl":{"start":{"line":146,"column":4},"end":{"line":146,"column":14}},"loc":{"start":{"line":146,"column":14},"end":{"line":146,"column":null}}},"12":{"name":"getFractionalSeconds","decl":{"start":{"line":147,"column":4},"end":{"line":147,"column":24}},"loc":{"start":{"line":147,"column":24},"end":{"line":147,"column":null}}},"13":{"name":"getMilliseconds","decl":{"start":{"line":148,"column":4},"end":{"line":148,"column":19}},"loc":{"start":{"line":148,"column":19},"end":{"line":148,"column":null}}},"14":{"name":"getTimezoneOffset","decl":{"start":{"line":149,"column":4},"end":{"line":149,"column":21}},"loc":{"start":{"line":149,"column":21},"end":{"line":149,"column":null}}},"15":{"name":"getDate","decl":{"start":{"line":150,"column":4},"end":{"line":150,"column":11}},"loc":{"start":{"line":150,"column":11},"end":{"line":150,"column":null}}},"16":{"name":"valueOf","decl":{"start":{"line":154,"column":4},"end":{"line":154,"column":11}},"loc":{"start":{"line":154,"column":11},"end":{"line":154,"column":null}}}},"branchMap":{"0":{"loc":{"start":{"line":57,"column":41},"end":{"line":57,"column":54}},"type":"cond-expr","locations":[{"start":{"line":57,"column":41},"end":{"line":57,"column":44}},{"start":{"line":57,"column":44},"end":{"line":57,"column":54}}]},"1":{"loc":{"start":{"line":57,"column":41},"end":{"line":57,"column":44}},"type":"binary-expr","locations":[{"start":{"line":57,"column":41},"end":{"line":57,"column":44}},{"start":{"line":57,"column":41},"end":{"line":57,"column":44}}]},"2":{"loc":{"start":{"line":57,"column":44},"end":{"line":57,"column":54}},"type":"binary-expr","locations":[{"start":{"line":57,"column":44},"end":{"line":57,"column":48}},{"start":{"line":57,"column":52},"end":{"line":57,"column":54}}]},"3":{"loc":{"start":{"line":67,"column":2},"end":{"line":69,"column":null}},"type":"if","locations":[{"start":{"line":67,"column":2},"end":{"line":69,"column":null}}]},"4":{"loc":{"start":{"line":72,"column":2},"end":{"line":74,"column":null}},"type":"if","locations":[{"start":{"line":72,"column":2},"end":{"line":74,"column":null}}]},"5":{"loc":{"start":{"line":76,"column":2},"end":{"line":78,"column":null}},"type":"if","locations":[{"start":{"line":76,"column":2},"end":{"line":78,"column":null}}]},"6":{"loc":{"start":{"line":80,"column":2},"end":{"line":82,"column":null}},"type":"if","locations":[{"start":{"line":80,"column":2},"end":{"line":82,"column":null}}]},"7":{"loc":{"start":{"line":80,"column":6},"end":{"line":80,"column":46}},"type":"binary-expr","locations":[{"start":{"line":80,"column":6},"end":{"line":80,"column":20}},{"start":{"line":80,"column":24},"end":{"line":80,"column":46}}]},"8":{"loc":{"start":{"line":90,"column":2},"end":{"line":99,"column":null}},"type":"if","locations":[{"start":{"line":90,"column":2},"end":{"line":99,"column":null}},{"start":{"line":92,"column":9},"end":{"line":99,"column":null}}]},"9":{"loc":{"start":{"line":92,"column":9},"end":{"line":99,"column":null}},"type":"if","locations":[{"start":{"line":92,"column":9},"end":{"line":99,"column":null}},{"start":{"line":95,"column":9},"end":{"line":99,"column":null}}]},"10":{"loc":{"start":{"line":95,"column":9},"end":{"line":99,"column":null}},"type":"if","locations":[{"start":{"line":95,"column":9},"end":{"line":99,"column":null}},{"start":{"line":97,"column":9},"end":{"line":99,"column":null}}]},"11":{"loc":{"start":{"line":97,"column":9},"end":{"line":99,"column":null}},"type":"if","locations":[{"start":{"line":97,"column":9},"end":{"line":99,"column":null}}]},"12":{"loc":{"start":{"line":97,"column":13},"end":{"line":97,"column":67}},"type":"binary-expr","locations":[{"start":{"line":97,"column":13},"end":{"line":97,"column":30}},{"start":{"line":97,"column":34},"end":{"line":97,"column":67}}]},"13":{"loc":{"start":{"line":97,"column":34},"end":{"line":97,"column":58}},"type":"cond-expr","locations":[{"start":{"line":97,"column":54},"end":{"line":97,"column":57}},{"start":{"line":97,"column":34},"end":{"line":97,"column":58}}]},"14":{"loc":{"start":{"line":97,"column":34},"end":{"line":97,"column":57}},"type":"binary-expr","locations":[{"start":{"line":97,"column":34},"end":{"line":97,"column":57}},{"start":{"line":97,"column":54},"end":{"line":97,"column":57}}]},"15":{"loc":{"start":{"line":100,"column":2},"end":{"line":109,"column":null}},"type":"if","locations":[{"start":{"line":100,"column":2},"end":{"line":109,"column":null}},{"start":{"line":102,"column":9},"end":{"line":109,"column":null}}]},"16":{"loc":{"start":{"line":102,"column":9},"end":{"line":109,"column":null}},"type":"if","locations":[{"start":{"line":102,"column":9},"end":{"line":109,"column":null}},{"start":{"line":105,"column":9},"end":{"line":109,"column":null}}]},"17":{"loc":{"start":{"line":105,"column":9},"end":{"line":109,"column":null}},"type":"if","locations":[{"start":{"line":105,"column":9},"end":{"line":109,"column":null}},{"start":{"line":107,"column":9},"end":{"line":109,"column":null}}]},"18":{"loc":{"start":{"line":107,"column":9},"end":{"line":109,"column":null}},"type":"if","locations":[{"start":{"line":107,"column":9},"end":{"line":109,"column":null}}]},"19":{"loc":{"start":{"line":107,"column":13},"end":{"line":107,"column":67}},"type":"binary-expr","locations":[{"start":{"line":107,"column":13},"end":{"line":107,"column":30}},{"start":{"line":107,"column":34},"end":{"line":107,"column":67}}]},"20":{"loc":{"start":{"line":107,"column":34},"end":{"line":107,"column":58}},"type":"cond-expr","locations":[{"start":{"line":107,"column":54},"end":{"line":107,"column":57}},{"start":{"line":107,"column":34},"end":{"line":107,"column":58}}]},"21":{"loc":{"start":{"line":107,"column":34},"end":{"line":107,"column":57}},"type":"binary-expr","locations":[{"start":{"line":107,"column":34},"end":{"line":107,"column":57}},{"start":{"line":107,"column":54},"end":{"line":107,"column":57}}]}},"s":{"0":2,"1":2,"2":2,"3":2,"4":2,"5":2,"6":2,"7":2,"8":2,"9":2,"10":2,"11":2,"12":83,"13":83,"14":83,"15":83,"16":83,"17":83,"18":83,"19":83,"20":77,"21":77,"22":1,"23":77,"24":77,"25":1,"26":77,"27":75,"28":66,"29":2,"30":64,"31":64,"32":62,"33":6,"34":56,"35":1,"36":1,"37":55,"38":3,"39":52,"40":2,"41":58,"42":6,"43":52,"44":1,"45":1,"46":51,"47":3,"48":48,"49":2,"50":54,"51":42,"52":40,"53":2,"54":2,"55":1,"56":2,"57":12,"58":12,"59":12,"60":12,"61":12,"62":12,"63":12,"64":12,"65":12,"66":2,"67":66,"68":66,"69":66,"70":66,"71":66,"72":66,"73":66,"74":66,"75":66,"76":66,"77":66,"78":66,"79":66,"80":66,"81":6,"82":33,"83":30,"84":30,"85":20,"86":30,"87":30,"88":30,"89":30,"90":18,"91":18,"92":3,"93":44},"f":{"0":83,"1":1,"2":12,"3":66,"4":6,"5":33,"6":30,"7":30,"8":20,"9":30,"10":30,"11":30,"12":30,"13":18,"14":18,"15":3,"16":44},"b":{"0":[44,39],"1":[83,49],"2":[39,19],"3":[1],"4":[1],"5":[75],"6":[2],"7":[66,2],"8":[6,56],"9":[1,55],"10":[3,52],"11":[2],"12":[52,5],"13":[2,3],"14":[5,5],"15":[6,52],"16":[1,51],"17":[3,48],"18":[2],"19":[48,5],"20":[2,3],"21":[5,5]}}
,"/Users/zane/playground/string-input/src/day.mjs": {"path":"/Users/zane/playground/string-input/src/day.mjs","statementMap":{"0":{"start":{"line":1,"column":0},"end":{"line":1,"column":null}},"1":{"start":{"line":3,"column":0},"end":{"line":3,"column":null}},"2":{"start":{"line":4,"column":0},"end":{"line":4,"column":null}},"3":{"start":{"line":5,"column":0},"end":{"line":5,"column":null}},"4":{"start":{"line":6,"column":0},"end":{"line":6,"column":null}},"5":{"start":{"line":7,"column":0},"end":{"line":7,"column":null}},"6":{"start":{"line":8,"column":0},"end":{"line":8,"column":null}},"7":{"start":{"line":37,"column":9},"end":{"line":112,"column":1}},"8":{"start":{"line":37,"column":36},"end":{"line":37,"column":49}},"9":{"start":{"line":38,"column":19},"end":{"line":38,"column":14}},"10":{"start":{"line":39,"column":21},"end":{"line":39,"column":11}},"11":{"start":{"line":39,"column":21},"end":{"line":39,"column":16}},"12":{"start":{"line":41,"column":26},"end":{"line":41,"column":52}},"13":{"start":{"line":42,"column":2},"end":{"line":42,"column":null}},"14":{"start":{"line":44,"column":20},"end":{"line":44,"column":43}},"15":{"start":{"line":45,"column":18},"end":{"line":45,"column":39}},"16":{"start":{"line":46,"column":23},"end":{"line":46,"column":73}},"17":{"start":{"line":48,"column":21},"end":{"line":50,"column":35}},"18":{"start":{"line":52,"column":2},"end":{"line":56,"column":null}},"19":{"start":{"line":53,"column":4},"end":{"line":53,"column":null}},"20":{"start":{"line":54,"column":9},"end":{"line":56,"column":null}},"21":{"start":{"line":55,"column":4},"end":{"line":55,"column":null}},"22":{"start":{"line":58,"column":28},"end":{"line":58,"column":78}},"23":{"start":{"line":59,"column":2},"end":{"line":59,"column":null}},"24":{"start":{"line":61,"column":22},"end":{"line":61,"column":58}},"25":{"start":{"line":62,"column":15},"end":{"line":62,"column":92}},"26":{"start":{"line":64,"column":2},"end":{"line":68,"column":null}},"27":{"start":{"line":65,"column":4},"end":{"line":65,"column":null}},"28":{"start":{"line":67,"column":4},"end":{"line":67,"column":null}},"29":{"start":{"line":69,"column":14},"end":{"line":69,"column":75}},"30":{"start":{"line":73,"column":15},"end":{"line":73,"column":45}},"31":{"start":{"line":75,"column":2},"end":{"line":83,"column":null}},"32":{"start":{"line":76,"column":4},"end":{"line":76,"column":null}},"33":{"start":{"line":77,"column":9},"end":{"line":83,"column":null}},"34":{"start":{"line":78,"column":4},"end":{"line":78,"column":null}},"35":{"start":{"line":79,"column":9},"end":{"line":83,"column":null}},"36":{"start":{"line":80,"column":4},"end":{"line":80,"column":null}},"37":{"start":{"line":81,"column":9},"end":{"line":83,"column":null}},"38":{"start":{"line":82,"column":4},"end":{"line":82,"column":null}},"39":{"start":{"line":84,"column":2},"end":{"line":92,"column":null}},"40":{"start":{"line":85,"column":4},"end":{"line":85,"column":null}},"41":{"start":{"line":86,"column":9},"end":{"line":92,"column":null}},"42":{"start":{"line":87,"column":4},"end":{"line":87,"column":null}},"43":{"start":{"line":88,"column":9},"end":{"line":92,"column":null}},"44":{"start":{"line":89,"column":4},"end":{"line":89,"column":null}},"45":{"start":{"line":90,"column":9},"end":{"line":92,"column":null}},"46":{"start":{"line":91,"column":4},"end":{"line":91,"column":null}},"47":{"start":{"line":93,"column":2},"end":{"line":100,"column":null}},"48":{"start":{"line":95,"column":26},"end":{"line":95,"column":154}},"49":{"start":{"line":103,"column":2},"end":{"line":105,"column":null}},"50":{"start":{"line":104,"column":4},"end":{"line":104,"column":null}},"51":{"start":{"line":107,"column":16},"end":{"line":107,"column":55}},"52":{"start":{"line":109,"column":2},"end":{"line":109,"column":null}},"53":{"start":{"line":111,"column":2},"end":{"line":111,"column":null}},"54":{"start":{"line":114,"column":0},"end":{"line":114,"column":null}},"55":{"start":{"line":115,"column":0},"end":{"line":115,"column":null}},"56":{"start":{"line":115,"column":15},"end":{"line":115,"column":null}},"57":{"start":{"line":117,"column":20},"end":{"line":124,"column":2}},"58":{"start":{"line":117,"column":26},"end":{"line":117,"column":25}},"59":{"start":{"line":117,"column":33},"end":{"line":117,"column":32}},"60":{"start":{"line":117,"column":39},"end":{"line":117,"column":38}},"61":{"start":{"line":117,"column":45},"end":{"line":117,"column":44}},"62":{"start":{"line":117,"column":45},"end":{"line":124,"column":2}},"63":{"start":{"line":118,"column":13},"end":{"line":118,"column":null}},"64":{"start":{"line":119,"column":15},"end":{"line":119,"column":null}},"65":{"start":{"line":120,"column":10},"end":{"line":120,"column":null}},"66":{"start":{"line":121,"column":9},"end":{"line":121,"column":null}},"67":{"start":{"line":122,"column":9},"end":{"line":122,"column":null}},"68":{"start":{"line":123,"column":9},"end":{"line":123,"column":null}}},"fnMap":{"0":{"name":"Day","decl":{"start":{"line":37,"column":6},"end":{"line":37,"column":9}},"loc":{"start":{"line":37,"column":51},"end":{"line":112,"column":1}}},"1":{"name":"limitToString","decl":{"start":{"line":95,"column":4},"end":{"line":95,"column":17}},"loc":{"start":{"line":95,"column":26},"end":{"line":95,"column":154}}},"2":{"name":"(anonymous_2)","decl":{"start":{"line":115,"column":15},"end":{"line":115,"column":21}},"loc":{"start":{"line":115,"column":15},"end":{"line":115,"column":null}}},"3":{"name":"createValue","decl":{"start":{"line":117,"column":6},"end":{"line":117,"column":17}},"loc":{"start":{"line":117,"column":17},"end":{"line":124,"column":2}}},"4":{"name":"isDayObject","decl":{"start":{"line":118,"column":2},"end":{"line":118,"column":13}},"loc":{"start":{"line":118,"column":13},"end":{"line":118,"column":null}}},"5":{"name":"getDayOfMonth","decl":{"start":{"line":119,"column":2},"end":{"line":119,"column":15}},"loc":{"start":{"line":119,"column":15},"end":{"line":119,"column":null}}},"6":{"name":"getMonth","decl":{"start":{"line":120,"column":2},"end":{"line":120,"column":10}},"loc":{"start":{"line":120,"column":10},"end":{"line":120,"column":null}}},"7":{"name":"getYear","decl":{"start":{"line":121,"column":2},"end":{"line":121,"column":9}},"loc":{"start":{"line":121,"column":9},"end":{"line":121,"column":null}}},"8":{"name":"getDate","decl":{"start":{"line":122,"column":2},"end":{"line":122,"column":9}},"loc":{"start":{"line":122,"column":9},"end":{"line":122,"column":null}}},"9":{"name":"valueOf","decl":{"start":{"line":123,"column":2},"end":{"line":123,"column":9}},"loc":{"start":{"line":123,"column":9},"end":{"line":123,"column":null}}}},"branchMap":{"0":{"loc":{"start":{"line":37,"column":36},"end":{"line":37,"column":49}},"type":"cond-expr","locations":[{"start":{"line":37,"column":36},"end":{"line":37,"column":39}},{"start":{"line":37,"column":39},"end":{"line":37,"column":49}}]},"1":{"loc":{"start":{"line":37,"column":36},"end":{"line":37,"column":39}},"type":"binary-expr","locations":[{"start":{"line":37,"column":36},"end":{"line":37,"column":39}},{"start":{"line":37,"column":36},"end":{"line":37,"column":39}}]},"2":{"loc":{"start":{"line":37,"column":39},"end":{"line":37,"column":49}},"type":"binary-expr","locations":[{"start":{"line":37,"column":39},"end":{"line":37,"column":43}},{"start":{"line":37,"column":47},"end":{"line":37,"column":49}}]},"3":{"loc":{"start":{"line":48,"column":22},"end":{"line":48,"column":48}},"type":"cond-expr","locations":[{"start":{"line":48,"column":43},"end":{"line":48,"column":44}},{"start":{"line":48,"column":47},"end":{"line":48,"column":48}}]},"4":{"loc":{"start":{"line":49,"column":5},"end":{"line":49,"column":29}},"type":"cond-expr","locations":[{"start":{"line":49,"column":24},"end":{"line":49,"column":25}},{"start":{"line":49,"column":28},"end":{"line":49,"column":29}}]},"5":{"loc":{"start":{"line":50,"column":5},"end":{"line":50,"column":34}},"type":"cond-expr","locations":[{"start":{"line":50,"column":29},"end":{"line":50,"column":30}},{"start":{"line":50,"column":33},"end":{"line":50,"column":34}}]},"6":{"loc":{"start":{"line":52,"column":2},"end":{"line":56,"column":null}},"type":"if","locations":[{"start":{"line":52,"column":2},"end":{"line":56,"column":null}},{"start":{"line":54,"column":9},"end":{"line":56,"column":null}}]},"7":{"loc":{"start":{"line":54,"column":9},"end":{"line":56,"column":null}},"type":"if","locations":[{"start":{"line":54,"column":9},"end":{"line":56,"column":null}}]},"8":{"loc":{"start":{"line":61,"column":22},"end":{"line":61,"column":58}},"type":"binary-expr","locations":[{"start":{"line":61,"column":22},"end":{"line":61,"column":36}},{"start":{"line":61,"column":40},"end":{"line":61,"column":52}},{"start":{"line":61,"column":56},"end":{"line":61,"column":58}}]},"9":{"loc":{"start":{"line":61,"column":22},"end":{"line":61,"column":36}},"type":"cond-expr","locations":[{"start":{"line":61,"column":31},"end":{"line":61,"column":34}},{"start":{"line":61,"column":22},"end":{"line":61,"column":36}}]},"10":{"loc":{"start":{"line":61,"column":22},"end":{"line":61,"column":34}},"type":"binary-expr","locations":[{"start":{"line":61,"column":22},"end":{"line":61,"column":34}},{"start":{"line":61,"column":22},"end":{"line":61,"column":34}}]},"11":{"loc":{"start":{"line":61,"column":40},"end":{"line":61,"column":52}},"type":"cond-expr","locations":[{"start":{"line":61,"column":47},"end":{"line":61,"column":50}},{"start":{"line":61,"column":40},"end":{"line":61,"column":52}}]},"12":{"loc":{"start":{"line":61,"column":40},"end":{"line":61,"column":50}},"type":"binary-expr","locations":[{"start":{"line":61,"column":40},"end":{"line":61,"column":50}},{"start":{"line":61,"column":40},"end":{"line":61,"column":50}}]},"13":{"loc":{"start":{"line":62,"column":39},"end":{"line":62,"column":91}},"type":"binary-expr","locations":[{"start":{"line":62,"column":39},"end":{"line":62,"column":53}},{"start":{"line":62,"column":57},"end":{"line":62,"column":69}},{"start":{"line":62,"column":73},"end":{"line":62,"column":90}}]},"14":{"loc":{"start":{"line":62,"column":39},"end":{"line":62,"column":53}},"type":"cond-expr","locations":[{"start":{"line":62,"column":48},"end":{"line":62,"column":51}},{"start":{"line":62,"column":39},"end":{"line":62,"column":53}}]},"15":{"loc":{"start":{"line":62,"column":39},"end":{"line":62,"column":51}},"type":"binary-expr","locations":[{"start":{"line":62,"column":39},"end":{"line":62,"column":51}},{"start":{"line":62,"column":39},"end":{"line":62,"column":51}}]},"16":{"loc":{"start":{"line":62,"column":57},"end":{"line":62,"column":69}},"type":"cond-expr","locations":[{"start":{"line":62,"column":64},"end":{"line":62,"column":67}},{"start":{"line":62,"column":57},"end":{"line":62,"column":69}}]},"17":{"loc":{"start":{"line":62,"column":57},"end":{"line":62,"column":67}},"type":"binary-expr","locations":[{"start":{"line":62,"column":57},"end":{"line":62,"column":67}},{"start":{"line":62,"column":57},"end":{"line":62,"column":67}}]},"18":{"loc":{"start":{"line":62,"column":73},"end":{"line":62,"column":90}},"type":"cond-expr","locations":[{"start":{"line":62,"column":85},"end":{"line":62,"column":88}},{"start":{"line":62,"column":73},"end":{"line":62,"column":90}}]},"19":{"loc":{"start":{"line":62,"column":73},"end":{"line":62,"column":88}},"type":"binary-expr","locations":[{"start":{"line":62,"column":73},"end":{"line":62,"column":88}},{"start":{"line":62,"column":73},"end":{"line":62,"column":88}}]},"20":{"loc":{"start":{"line":64,"column":2},"end":{"line":68,"column":null}},"type":"if","locations":[{"start":{"line":64,"column":2},"end":{"line":68,"column":null}},{"start":{"line":66,"column":9},"end":{"line":68,"column":null}}]},"21":{"loc":{"start":{"line":67,"column":21},"end":{"line":67,"column":52}},"type":"binary-expr","locations":[{"start":{"line":67,"column":21},"end":{"line":67,"column":35}},{"start":{"line":67,"column":39},"end":{"line":67,"column":51}}]},"22":{"loc":{"start":{"line":67,"column":21},"end":{"line":67,"column":35}},"type":"cond-expr","locations":[{"start":{"line":67,"column":30},"end":{"line":67,"column":33}},{"start":{"line":67,"column":21},"end":{"line":67,"column":35}}]},"23":{"loc":{"start":{"line":67,"column":21},"end":{"line":67,"column":33}},"type":"binary-expr","locations":[{"start":{"line":67,"column":21},"end":{"line":67,"column":33}},{"start":{"line":67,"column":21},"end":{"line":67,"column":33}}]},"24":{"loc":{"start":{"line":67,"column":39},"end":{"line":67,"column":51}},"type":"cond-expr","locations":[{"start":{"line":67,"column":46},"end":{"line":67,"column":49}},{"start":{"line":67,"column":39},"end":{"line":67,"column":51}}]},"25":{"loc":{"start":{"line":67,"column":39},"end":{"line":67,"column":49}},"type":"binary-expr","locations":[{"start":{"line":67,"column":39},"end":{"line":67,"column":49}},{"start":{"line":67,"column":39},"end":{"line":67,"column":49}}]},"26":{"loc":{"start":{"line":69,"column":23},"end":{"line":69,"column":75}},"type":"binary-expr","locations":[{"start":{"line":69,"column":23},"end":{"line":69,"column":37}},{"start":{"line":69,"column":41},"end":{"line":69,"column":53}},{"start":{"line":69,"column":57},"end":{"line":69,"column":74}}]},"27":{"loc":{"start":{"line":69,"column":23},"end":{"line":69,"column":37}},"type":"cond-expr","locations":[{"start":{"line":69,"column":32},"end":{"line":69,"column":35}},{"start":{"line":69,"column":23},"end":{"line":69,"column":37}}]},"28":{"loc":{"start":{"line":69,"column":23},"end":{"line":69,"column":35}},"type":"binary-expr","locations":[{"start":{"line":69,"column":23},"end":{"line":69,"column":35}},{"start":{"line":69,"column":23},"end":{"line":69,"column":35}}]},"29":{"loc":{"start":{"line":69,"column":41},"end":{"line":69,"column":53}},"type":"cond-expr","locations":[{"start":{"line":69,"column":48},"end":{"line":69,"column":51}},{"start":{"line":69,"column":41},"end":{"line":69,"column":53}}]},"30":{"loc":{"start":{"line":69,"column":41},"end":{"line":69,"column":51}},"type":"binary-expr","locations":[{"start":{"line":69,"column":41},"end":{"line":69,"column":51}},{"start":{"line":69,"column":41},"end":{"line":69,"column":51}}]},"31":{"loc":{"start":{"line":69,"column":57},"end":{"line":69,"column":74}},"type":"cond-expr","locations":[{"start":{"line":69,"column":69},"end":{"line":69,"column":72}},{"start":{"line":69,"column":57},"end":{"line":69,"column":74}}]},"32":{"loc":{"start":{"line":69,"column":57},"end":{"line":69,"column":72}},"type":"binary-expr","locations":[{"start":{"line":69,"column":57},"end":{"line":69,"column":72}},{"start":{"line":69,"column":57},"end":{"line":69,"column":72}}]},"33":{"loc":{"start":{"line":75,"column":2},"end":{"line":83,"column":null}},"type":"if","locations":[{"start":{"line":75,"column":2},"end":{"line":83,"column":null}},{"start":{"line":77,"column":9},"end":{"line":83,"column":null}}]},"34":{"loc":{"start":{"line":77,"column":9},"end":{"line":83,"column":null}},"type":"if","locations":[{"start":{"line":77,"column":9},"end":{"line":83,"column":null}},{"start":{"line":79,"column":9},"end":{"line":83,"column":null}}]},"35":{"loc":{"start":{"line":79,"column":9},"end":{"line":83,"column":null}},"type":"if","locations":[{"start":{"line":79,"column":9},"end":{"line":83,"column":null}},{"start":{"line":81,"column":9},"end":{"line":83,"column":null}}]},"36":{"loc":{"start":{"line":79,"column":13},"end":{"line":79,"column":53}},"type":"binary-expr","locations":[{"start":{"line":79,"column":13},"end":{"line":79,"column":30}},{"start":{"line":79,"column":30},"end":{"line":79,"column":52}},{"start":{"line":79,"column":49},"end":{"line":79,"column":52}},{"start":{"line":79,"column":34},"end":{"line":79,"column":53}}]},"37":{"loc":{"start":{"line":81,"column":9},"end":{"line":83,"column":null}},"type":"if","locations":[{"start":{"line":81,"column":9},"end":{"line":83,"column":null}}]},"38":{"loc":{"start":{"line":81,"column":13},"end":{"line":81,"column":56}},"type":"binary-expr","locations":[{"start":{"line":81,"column":13},"end":{"line":81,"column":30}},{"start":{"line":81,"column":34},"end":{"line":81,"column":56}}]},"39":{"loc":{"start":{"line":84,"column":2},"end":{"line":92,"column":null}},"type":"if","locations":[{"start":{"line":84,"column":2},"end":{"line":92,"column":null}},{"start":{"line":86,"column":9},"end":{"line":92,"column":null}}]},"40":{"loc":{"start":{"line":86,"column":9},"end":{"line":92,"column":null}},"type":"if","locations":[{"start":{"line":86,"column":9},"end":{"line":92,"column":null}},{"start":{"line":88,"column":9},"end":{"line":92,"column":null}}]},"41":{"loc":{"start":{"line":88,"column":9},"end":{"line":92,"column":null}},"type":"if","locations":[{"start":{"line":88,"column":9},"end":{"line":92,"column":null}},{"start":{"line":90,"column":9},"end":{"line":92,"column":null}}]},"42":{"loc":{"start":{"line":88,"column":13},"end":{"line":88,"column":53}},"type":"binary-expr","locations":[{"start":{"line":88,"column":13},"end":{"line":88,"column":30}},{"start":{"line":88,"column":30},"end":{"line":88,"column":52}},{"start":{"line":88,"column":49},"end":{"line":88,"column":52}},{"start":{"line":88,"column":34},"end":{"line":88,"column":53}}]},"43":{"loc":{"start":{"line":90,"column":9},"end":{"line":92,"column":null}},"type":"if","locations":[{"start":{"line":90,"column":9},"end":{"line":92,"column":null}}]},"44":{"loc":{"start":{"line":90,"column":13},"end":{"line":90,"column":56}},"type":"binary-expr","locations":[{"start":{"line":90,"column":13},"end":{"line":90,"column":30}},{"start":{"line":90,"column":34},"end":{"line":90,"column":56}}]},"45":{"loc":{"start":{"line":103,"column":2},"end":{"line":105,"column":null}},"type":"if","locations":[{"start":{"line":103,"column":2},"end":{"line":105,"column":null}}]}},"s":{"0":2,"1":2,"2":2,"3":2,"4":2,"5":2,"6":2,"7":2,"8":77,"9":77,"10":77,"11":77,"12":77,"13":77,"14":70,"15":70,"16":70,"17":70,"18":70,"19":2,"20":68,"21":6,"22":62,"23":62,"24":60,"25":60,"26":60,"27":50,"28":10,"29":60,"30":60,"31":60,"32":6,"33":54,"34":3,"35":51,"36":3,"37":48,"38":2,"39":56,"40":6,"41":50,"42":3,"43":47,"44":3,"45":44,"46":2,"47":52,"48":16,"49":36,"50":2,"51":34,"52":34,"53":32,"54":2,"55":2,"56":1,"57":2,"58":34,"59":34,"60":34,"61":34,"62":34,"63":6,"64":19,"65":19,"66":22,"67":14,"68":1},"f":{"0":77,"1":16,"2":1,"3":34,"4":6,"5":19,"6":19,"7":22,"8":14,"9":1},"b":{"0":[45,32],"1":[77,52],"2":[32,12],"3":[7,63],"4":[7,63],"5":[52,18],"6":[2,68],"7":[6],"8":[60,59,58],"9":[55,5],"10":[60,5],"11":[54,5],"12":[59,5],"13":[60,55,50],"14":[55,5],"15":[60,5],"16":[50,5],"17":[55,5],"18":[0,50],"19":[50,50],"20":[50,10],"21":[10,5],"22":[5,5],"23":[10,5],"24":[0,5],"25":[5,5],"26":[60,55,50],"27":[55,5],"28":[60,5],"29":[50,5],"30":[55,5],"31":[0,50],"32":[50,50],"33":[6,54],"34":[3,51],"35":[3,48],"36":[51,8,8,3],"37":[2],"38":[48,5],"39":[6,50],"40":[3,47],"41":[3,44],"42":[47,8,8,3],"43":[2],"44":[44,5],"45":[2]}}
,"/Users/zane/playground/string-input/src/ein.mjs": {"path":"/Users/zane/playground/string-input/src/ein.mjs","statementMap":{"0":{"start":{"line":1,"column":0},"end":{"line":1,"column":null}},"1":{"start":{"line":3,"column":0},"end":{"line":3,"column":null}},"2":{"start":{"line":4,"column":0},"end":{"line":4,"column":null}},"3":{"start":{"line":5,"column":0},"end":{"line":5,"column":null}},"4":{"start":{"line":6,"column":0},"end":{"line":6,"column":null}},"5":{"start":{"line":19,"column":9},"end":{"line":37,"column":1}},"6":{"start":{"line":19,"column":36},"end":{"line":19,"column":49}},"7":{"start":{"line":20,"column":19},"end":{"line":20,"column":14}},"8":{"start":{"line":22,"column":26},"end":{"line":22,"column":52}},"9":{"start":{"line":23,"column":2},"end":{"line":23,"column":null}},"10":{"start":{"line":25,"column":19},"end":{"line":25,"column":37}},"11":{"start":{"line":26,"column":2},"end":{"line":28,"column":null}},"12":{"start":{"line":27,"column":4},"end":{"line":27,"column":null}},"13":{"start":{"line":29,"column":28},"end":{"line":29,"column":78}},"14":{"start":{"line":30,"column":2},"end":{"line":30,"column":null}},"15":{"start":{"line":32,"column":16},"end":{"line":32,"column":57}},"16":{"start":{"line":34,"column":2},"end":{"line":34,"column":null}},"17":{"start":{"line":36,"column":2},"end":{"line":36,"column":null}},"18":{"start":{"line":39,"column":0},"end":{"line":39,"column":null}},"19":{"start":{"line":40,"column":0},"end":{"line":40,"column":null}},"20":{"start":{"line":40,"column":15},"end":{"line":40,"column":null}}},"fnMap":{"0":{"name":"EIN","decl":{"start":{"line":19,"column":6},"end":{"line":19,"column":9}},"loc":{"start":{"line":19,"column":51},"end":{"line":37,"column":1}}},"1":{"name":"(anonymous_1)","decl":{"start":{"line":40,"column":15},"end":{"line":40,"column":21}},"loc":{"start":{"line":40,"column":15},"end":{"line":40,"column":null}}}},"branchMap":{"0":{"loc":{"start":{"line":19,"column":36},"end":{"line":19,"column":49}},"type":"cond-expr","locations":[{"start":{"line":19,"column":36},"end":{"line":19,"column":39}},{"start":{"line":19,"column":39},"end":{"line":19,"column":49}}]},"1":{"loc":{"start":{"line":19,"column":36},"end":{"line":19,"column":39}},"type":"binary-expr","locations":[{"start":{"line":19,"column":36},"end":{"line":19,"column":39}},{"start":{"line":19,"column":36},"end":{"line":19,"column":39}}]},"2":{"loc":{"start":{"line":19,"column":39},"end":{"line":19,"column":49}},"type":"binary-expr","locations":[{"start":{"line":19,"column":39},"end":{"line":19,"column":43}},{"start":{"line":19,"column":47},"end":{"line":19,"column":49}}]},"3":{"loc":{"start":{"line":26,"column":2},"end":{"line":28,"column":null}},"type":"if","locations":[{"start":{"line":26,"column":2},"end":{"line":28,"column":null}}]}},"s":{"0":2,"1":2,"2":2,"3":2,"4":2,"5":2,"6":18,"7":18,"8":18,"9":18,"10":18,"11":18,"12":6,"13":12,"14":12,"15":8,"16":8,"17":4,"18":2,"19":2,"20":1},"f":{"0":18,"1":1},"b":{"0":[9,9],"1":[18,11],"2":[9,2],"3":[6]}}
,"/Users/zane/playground/string-input/src/email.mjs": {"path":"/Users/zane/playground/string-input/src/email.mjs","statementMap":{"0":{"start":{"line":1,"column":0},"end":{"line":1,"column":null}},"1":{"start":{"line":3,"column":0},"end":{"line":3,"column":null}},"2":{"start":{"line":4,"column":0},"end":{"line":4,"column":null}},"3":{"start":{"line":104,"column":11},"end":{"line":128,"column":1}},"4":{"start":{"line":104,"column":38},"end":{"line":104,"column":51}},"5":{"start":{"line":105,"column":19},"end":{"line":105,"column":14}},"6":{"start":{"line":107,"column":26},"end":{"line":107,"column":54}},"7":{"start":{"line":109,"column":2},"end":{"line":109,"column":null}},"8":{"start":{"line":111,"column":2},"end":{"line":113,"column":null}},"9":{"start":{"line":112,"column":4},"end":{"line":112,"column":null}},"10":{"start":{"line":115,"column":17},"end":{"line":115,"column":46}},"11":{"start":{"line":116,"column":30},"end":{"line":116,"column":16}},"12":{"start":{"line":116,"column":30},"end":{"line":116,"column":25}},"13":{"start":{"line":117,"column":2},"end":{"line":117,"column":null}},"14":{"start":{"line":118,"column":2},"end":{"line":118,"column":null}},"15":{"start":{"line":120,"column":2},"end":{"line":125,"column":null}},"16":{"start":{"line":121,"column":4},"end":{"line":123,"column":null}},"17":{"start":{"line":122,"column":6},"end":{"line":122,"column":null}},"18":{"start":{"line":124,"column":4},"end":{"line":124,"column":null}},"19":{"start":{"line":127,"column":2},"end":{"line":127,"column":null}},"20":{"start":{"line":130,"column":0},"end":{"line":130,"column":null}},"21":{"start":{"line":131,"column":0},"end":{"line":131,"column":null}},"22":{"start":{"line":131,"column":17},"end":{"line":131,"column":null}}},"fnMap":{"0":{"name":"Email","decl":{"start":{"line":104,"column":6},"end":{"line":104,"column":11}},"loc":{"start":{"line":104,"column":53},"end":{"line":128,"column":1}}},"1":{"name":"(anonymous_2)","decl":{"start":{"line":131,"column":17},"end":{"line":131,"column":23}},"loc":{"start":{"line":131,"column":17},"end":{"line":131,"column":null}}}},"branchMap":{"0":{"loc":{"start":{"line":104,"column":38},"end":{"line":104,"column":51}},"type":"cond-expr","locations":[{"start":{"line":104,"column":38},"end":{"line":104,"column":41}},{"start":{"line":104,"column":41},"end":{"line":104,"column":51}}]},"1":{"loc":{"start":{"line":104,"column":38},"end":{"line":104,"column":41}},"type":"binary-expr","locations":[{"start":{"line":104,"column":38},"end":{"line":104,"column":41}},{"start":{"line":104,"column":38},"end":{"line":104,"column":41}}]},"2":{"loc":{"start":{"line":104,"column":41},"end":{"line":104,"column":51}},"type":"binary-expr","locations":[{"start":{"line":104,"column":41},"end":{"line":104,"column":45}},{"start":{"line":104,"column":49},"end":{"line":104,"column":51}}]},"3":{"loc":{"start":{"line":111,"column":2},"end":{"line":113,"column":null}},"type":"if","locations":[{"start":{"line":111,"column":2},"end":{"line":113,"column":null}}]},"4":{"loc":{"start":{"line":120,"column":2},"end":{"line":125,"column":null}},"type":"if","locations":[{"start":{"line":120,"column":2},"end":{"line":125,"column":null}}]},"5":{"loc":{"start":{"line":121,"column":4},"end":{"line":123,"column":null}},"type":"if","locations":[{"start":{"line":121,"column":4},"end":{"line":123,"column":null}}]}},"s":{"0":2,"1":2,"2":2,"3":2,"4":46,"5":46,"6":46,"7":46,"8":46,"9":9,"10":46,"11":46,"12":46,"13":46,"14":46,"15":46,"16":36,"17":0,"18":36,"19":10,"20":2,"21":2,"22":1},"f":{"0":46,"1":1},"b":{"0":[25,21],"1":[46,28],"2":[21,3],"3":[9],"4":[36],"5":[0]}}
,"/Users/zane/playground/string-input/src/integer.mjs": {"path":"/Users/zane/playground/string-input/src/integer.mjs","statementMap":{"0":{"start":{"line":1,"column":0},"end":{"line":1,"column":null}},"1":{"start":{"line":3,"column":0},"end":{"line":3,"column":null}},"2":{"start":{"line":4,"column":0},"end":{"line":4,"column":null}},"3":{"start":{"line":5,"column":0},"end":{"line":5,"column":null}},"4":{"start":{"line":6,"column":0},"end":{"line":6,"column":null}},"5":{"start":{"line":7,"column":0},"end":{"line":7,"column":null}},"6":{"start":{"line":9,"column":20},"end":{"line":9,"column":29}},"7":{"start":{"line":27,"column":13},"end":{"line":60,"column":1}},"8":{"start":{"line":27,"column":40},"end":{"line":27,"column":53}},"9":{"start":{"line":34,"column":6},"end":{"line":29,"column":8}},"10":{"start":{"line":34,"column":6},"end":{"line":30,"column":21}},"11":{"start":{"line":34,"column":6},"end":{"line":31,"column":15}},"12":{"start":{"line":34,"column":6},"end":{"line":32,"column":7}},"13":{"start":{"line":34,"column":6},"end":{"line":33,"column":7}},"14":{"start":{"line":36,"column":26},"end":{"line":36,"column":56}},"15":{"start":{"line":37,"column":2},"end":{"line":37,"column":null}},"16":{"start":{"line":39,"column":2},"end":{"line":48,"column":null}},"17":{"start":{"line":40,"column":11},"end":{"line":40,"column":91}},"18":{"start":{"line":41,"column":4},"end":{"line":43,"column":null}},"19":{"start":{"line":42,"column":6},"end":{"line":42,"column":null}},"20":{"start":{"line":44,"column":4},"end":{"line":44,"column":null}},"21":{"start":{"line":45,"column":9},"end":{"line":48,"column":null}},"22":{"start":{"line":46,"column":13},"end":{"line":46,"column":117}},"23":{"start":{"line":47,"column":4},"end":{"line":47,"column":null}},"24":{"start":{"line":50,"column":28},"end":{"line":50,"column":78}},"25":{"start":{"line":51,"column":2},"end":{"line":51,"column":null}},"26":{"start":{"line":52,"column":16},"end":{"line":52,"column":31}},"27":{"start":{"line":53,"column":2},"end":{"line":53,"column":null}},"28":{"start":{"line":54,"column":2},"end":{"line":56,"column":null}},"29":{"start":{"line":55,"column":4},"end":{"line":55,"column":null}},"30":{"start":{"line":57,"column":2},"end":{"line":57,"column":null}},"31":{"start":{"line":59,"column":2},"end":{"line":59,"column":null}},"32":{"start":{"line":62,"column":0},"end":{"line":62,"column":null}},"33":{"start":{"line":63,"column":0},"end":{"line":63,"column":null}},"34":{"start":{"line":63,"column":19},"end":{"line":63,"column":null}}},"fnMap":{"0":{"name":"Integer","decl":{"start":{"line":27,"column":6},"end":{"line":27,"column":13}},"loc":{"start":{"line":27,"column":55},"end":{"line":60,"column":1}}},"1":{"name":"(anonymous_1)","decl":{"start":{"line":63,"column":19},"end":{"line":63,"column":25}},"loc":{"start":{"line":63,"column":19},"end":{"line":63,"column":null}}}},"branchMap":{"0":{"loc":{"start":{"line":27,"column":40},"end":{"line":27,"column":53}},"type":"cond-expr","locations":[{"start":{"line":27,"column":40},"end":{"line":27,"column":43}},{"start":{"line":27,"column":43},"end":{"line":27,"column":53}}]},"1":{"loc":{"start":{"line":27,"column":40},"end":{"line":27,"column":43}},"type":"binary-expr","locations":[{"start":{"line":27,"column":40},"end":{"line":27,"column":43}},{"start":{"line":27,"column":40},"end":{"line":27,"column":43}}]},"2":{"loc":{"start":{"line":27,"column":43},"end":{"line":27,"column":53}},"type":"binary-expr","locations":[{"start":{"line":27,"column":43},"end":{"line":27,"column":47}},{"start":{"line":27,"column":51},"end":{"line":27,"column":53}}]},"3":{"loc":{"start":{"line":39,"column":2},"end":{"line":48,"column":null}},"type":"if","locations":[{"start":{"line":39,"column":2},"end":{"line":48,"column":null}},{"start":{"line":45,"column":9},"end":{"line":48,"column":null}}]},"4":{"loc":{"start":{"line":39,"column":6},"end":{"line":39,"column":67}},"type":"binary-expr","locations":[{"start":{"line":39,"column":6},"end":{"line":39,"column":32}},{"start":{"line":39,"column":36},"end":{"line":39,"column":67}}]},"5":{"loc":{"start":{"line":41,"column":4},"end":{"line":43,"column":null}},"type":"if","locations":[{"start":{"line":41,"column":4},"end":{"line":43,"column":null}}]},"6":{"loc":{"start":{"line":45,"column":9},"end":{"line":48,"column":null}},"type":"if","locations":[{"start":{"line":45,"column":9},"end":{"line":48,"column":null}}]},"7":{"loc":{"start":{"line":45,"column":13},"end":{"line":45,"column":76}},"type":"binary-expr","locations":[{"start":{"line":45,"column":13},"end":{"line":45,"column":39}},{"start":{"line":45,"column":43},"end":{"line":45,"column":76}}]},"8":{"loc":{"start":{"line":54,"column":2},"end":{"line":56,"column":null}},"type":"if","locations":[{"start":{"line":54,"column":2},"end":{"line":56,"column":null}}]},"9":{"loc":{"start":{"line":54,"column":6},"end":{"line":54,"column":62}},"type":"binary-expr","locations":[{"start":{"line":54,"column":6},"end":{"line":54,"column":31}},{"start":{"line":54,"column":36},"end":{"line":54,"column":62}}]}},"s":{"0":2,"1":2,"2":2,"3":2,"4":2,"5":2,"6":2,"7":2,"8":33,"9":33,"10":33,"11":33,"12":33,"13":33,"14":33,"15":33,"16":27,"17":6,"18":6,"19":2,"20":6,"21":21,"22":2,"23":2,"24":19,"25":19,"26":17,"27":17,"28":13,"29":2,"30":11,"31":9,"32":2,"33":2,"34":1},"f":{"0":33,"1":1},"b":{"0":[19,14],"1":[33,21],"2":[14,2],"3":[6,21],"4":[27,23],"5":[2],"6":[2],"7":[21,4],"8":[2],"9":[13,3]}}
,"/Users/zane/playground/string-input/src/numeric.mjs": {"path":"/Users/zane/playground/string-input/src/numeric.mjs","statementMap":{"0":{"start":{"line":1,"column":0},"end":{"line":1,"column":null}},"1":{"start":{"line":2,"column":0},"end":{"line":2,"column":null}},"2":{"start":{"line":3,"column":0},"end":{"line":3,"column":null}},"3":{"start":{"line":4,"column":0},"end":{"line":4,"column":null}},"4":{"start":{"line":5,"column":0},"end":{"line":5,"column":null}},"5":{"start":{"line":7,"column":22},"end":{"line":7,"column":34}},"6":{"start":{"line":25,"column":13},"end":{"line":49,"column":1}},"7":{"start":{"line":25,"column":40},"end":{"line":25,"column":53}},"8":{"start":{"line":26,"column":61},"end":{"line":26,"column":14}},"9":{"start":{"line":26,"column":61},"end":{"line":26,"column":33}},"10":{"start":{"line":26,"column":61},"end":{"line":26,"column":46}},"11":{"start":{"line":26,"column":61},"end":{"line":26,"column":51}},"12":{"start":{"line":26,"column":61},"end":{"line":26,"column":56}},"13":{"start":{"line":28,"column":26},"end":{"line":28,"column":56}},"14":{"start":{"line":29,"column":2},"end":{"line":29,"column":null}},"15":{"start":{"line":31,"column":2},"end":{"line":35,"column":null}},"16":{"start":{"line":32,"column":4},"end":{"line":32,"column":null}},"17":{"start":{"line":33,"column":9},"end":{"line":35,"column":null}},"18":{"start":{"line":34,"column":4},"end":{"line":34,"column":null}},"19":{"start":{"line":37,"column":28},"end":{"line":37,"column":78}},"20":{"start":{"line":38,"column":2},"end":{"line":38,"column":null}},"21":{"start":{"line":40,"column":16},"end":{"line":40,"column":29}},"22":{"start":{"line":41,"column":2},"end":{"line":41,"column":null}},"23":{"start":{"line":42,"column":2},"end":{"line":44,"column":null}},"24":{"start":{"line":43,"column":4},"end":{"line":43,"column":null}},"25":{"start":{"line":46,"column":2},"end":{"line":46,"column":null}},"26":{"start":{"line":48,"column":2},"end":{"line":48,"column":null}},"27":{"start":{"line":51,"column":0},"end":{"line":51,"column":null}},"28":{"start":{"line":52,"column":0},"end":{"line":52,"column":null}},"29":{"start":{"line":52,"column":19},"end":{"line":52,"column":null}}},"fnMap":{"0":{"name":"Numeric","decl":{"start":{"line":25,"column":6},"end":{"line":25,"column":13}},"loc":{"start":{"line":25,"column":55},"end":{"line":49,"column":1}}},"1":{"name":"(anonymous_1)","decl":{"start":{"line":52,"column":19},"end":{"line":52,"column":25}},"loc":{"start":{"line":52,"column":19},"end":{"line":52,"column":null}}}},"branchMap":{"0":{"loc":{"start":{"line":25,"column":40},"end":{"line":25,"column":53}},"type":"cond-expr","locations":[{"start":{"line":25,"column":40},"end":{"line":25,"column":43}},{"start":{"line":25,"column":43},"end":{"line":25,"column":53}}]},"1":{"loc":{"start":{"line":25,"column":40},"end":{"line":25,"column":43}},"type":"binary-expr","locations":[{"start":{"line":25,"column":40},"end":{"line":25,"column":43}},{"start":{"line":25,"column":40},"end":{"line":25,"column":43}}]},"2":{"loc":{"start":{"line":25,"column":43},"end":{"line":25,"column":53}},"type":"binary-expr","locations":[{"start":{"line":25,"column":43},"end":{"line":25,"column":47}},{"start":{"line":25,"column":51},"end":{"line":25,"column":53}}]},"3":{"loc":{"start":{"line":31,"column":2},"end":{"line":35,"column":null}},"type":"if","locations":[{"start":{"line":31,"column":2},"end":{"line":35,"column":null}},{"start":{"line":33,"column":9},"end":{"line":35,"column":null}}]},"4":{"loc":{"start":{"line":31,"column":6},"end":{"line":31,"column":70}},"type":"binary-expr","locations":[{"start":{"line":31,"column":6},"end":{"line":31,"column":32}},{"start":{"line":31,"column":36},"end":{"line":31,"column":70}}]},"5":{"loc":{"start":{"line":33,"column":9},"end":{"line":35,"column":null}},"type":"if","locations":[{"start":{"line":33,"column":9},"end":{"line":35,"column":null}}]},"6":{"loc":{"start":{"line":42,"column":2},"end":{"line":44,"column":null}},"type":"if","locations":[{"start":{"line":42,"column":2},"end":{"line":44,"column":null}}]},"7":{"loc":{"start":{"line":42,"column":6},"end":{"line":42,"column":62}},"type":"binary-expr","locations":[{"start":{"line":42,"column":6},"end":{"line":42,"column":31}},{"start":{"line":42,"column":36},"end":{"line":42,"column":62}}]}},"s":{"0":2,"1":2,"2":2,"3":2,"4":2,"5":2,"6":2,"7":27,"8":27,"9":27,"10":27,"11":27,"12":27,"13":27,"14":27,"15":27,"16":2,"17":25,"18":4,"19":21,"20":21,"21":21,"22":21,"23":17,"24":2,"25":15,"26":15,"27":2,"28":2,"29":1},"f":{"0":27,"1":1},"b":{"0":[14,13],"1":[27,21],"2":[13,7],"3":[2,25],"4":[27,26],"5":[4],"6":[2],"7":[17,3]}}
,"/Users/zane/playground/string-input/src/ssn.mjs": {"path":"/Users/zane/playground/string-input/src/ssn.mjs","statementMap":{"0":{"start":{"line":1,"column":0},"end":{"line":1,"column":null}},"1":{"start":{"line":3,"column":0},"end":{"line":3,"column":null}},"2":{"start":{"line":4,"column":0},"end":{"line":4,"column":null}},"3":{"start":{"line":5,"column":0},"end":{"line":5,"column":null}},"4":{"start":{"line":6,"column":0},"end":{"line":6,"column":null}},"5":{"start":{"line":19,"column":9},"end":{"line":37,"column":1}},"6":{"start":{"line":19,"column":36},"end":{"line":19,"column":49}},"7":{"start":{"line":20,"column":19},"end":{"line":20,"column":14}},"8":{"start":{"line":22,"column":26},"end":{"line":22,"column":52}},"9":{"start":{"line":23,"column":2},"end":{"line":23,"column":null}},"10":{"start":{"line":25,"column":19},"end":{"line":25,"column":37}},"11":{"start":{"line":26,"column":2},"end":{"line":28,"column":null}},"12":{"start":{"line":27,"column":4},"end":{"line":27,"column":null}},"13":{"start":{"line":29,"column":28},"end":{"line":29,"column":78}},"14":{"start":{"line":30,"column":2},"end":{"line":30,"column":null}},"15":{"start":{"line":32,"column":13},"end":{"line":32,"column":62}},"16":{"start":{"line":34,"column":2},"end":{"line":34,"column":null}},"17":{"start":{"line":36,"column":2},"end":{"line":36,"column":null}},"18":{"start":{"line":39,"column":0},"end":{"line":39,"column":null}},"19":{"start":{"line":40,"column":0},"end":{"line":40,"column":null}},"20":{"start":{"line":40,"column":15},"end":{"line":40,"column":null}}},"fnMap":{"0":{"name":"SSN","decl":{"start":{"line":19,"column":6},"end":{"line":19,"column":9}},"loc":{"start":{"line":19,"column":51},"end":{"line":37,"column":1}}},"1":{"name":"(anonymous_1)","decl":{"start":{"line":40,"column":15},"end":{"line":40,"column":21}},"loc":{"start":{"line":40,"column":15},"end":{"line":40,"column":null}}}},"branchMap":{"0":{"loc":{"start":{"line":19,"column":36},"end":{"line":19,"column":49}},"type":"cond-expr","locations":[{"start":{"line":19,"column":36},"end":{"line":19,"column":39}},{"start":{"line":19,"column":39},"end":{"line":19,"column":49}}]},"1":{"loc":{"start":{"line":19,"column":36},"end":{"line":19,"column":39}},"type":"binary-expr","locations":[{"start":{"line":19,"column":36},"end":{"line":19,"column":39}},{"start":{"line":19,"column":36},"end":{"line":19,"column":39}}]},"2":{"loc":{"start":{"line":19,"column":39},"end":{"line":19,"column":49}},"type":"binary-expr","locations":[{"start":{"line":19,"column":39},"end":{"line":19,"column":43}},{"start":{"line":19,"column":47},"end":{"line":19,"column":49}}]},"3":{"loc":{"start":{"line":26,"column":2},"end":{"line":28,"column":null}},"type":"if","locations":[{"start":{"line":26,"column":2},"end":{"line":28,"column":null}}]}},"s":{"0":2,"1":2,"2":2,"3":2,"4":2,"5":2,"6":18,"7":18,"8":18,"9":18,"10":18,"11":18,"12":10,"13":8,"14":8,"15":6,"16":6,"17":4,"18":2,"19":2,"20":1},"f":{"0":18,"1":1},"b":{"0":[9,9],"1":[18,11],"2":[9,2],"3":[10]}}
,"/Users/zane/playground/string-input/src/time-of-day.mjs": {"path":"/Users/zane/playground/string-input/src/time-of-day.mjs","statementMap":{"0":{"start":{"line":1,"column":0},"end":{"line":1,"column":null}},"1":{"start":{"line":3,"column":0},"end":{"line":3,"column":null}},"2":{"start":{"line":4,"column":0},"end":{"line":4,"column":null}},"3":{"start":{"line":5,"column":0},"end":{"line":5,"column":null}},"4":{"start":{"line":6,"column":0},"end":{"line":6,"column":null}},"5":{"start":{"line":7,"column":0},"end":{"line":7,"column":null}},"6":{"start":{"line":38,"column":15},"end":{"line":74,"column":1}},"7":{"start":{"line":38,"column":42},"end":{"line":38,"column":55}},"8":{"start":{"line":39,"column":26},"end":{"line":39,"column":14}},"9":{"start":{"line":39,"column":26},"end":{"line":39,"column":21}},"10":{"start":{"line":40,"column":21},"end":{"line":40,"column":11}},"11":{"start":{"line":40,"column":21},"end":{"line":40,"column":16}},"12":{"start":{"line":42,"column":26},"end":{"line":42,"column":60}},"13":{"start":{"line":43,"column":2},"end":{"line":43,"column":null}},"14":{"start":{"line":45,"column":28},"end":{"line":45,"column":55}},"15":{"start":{"line":46,"column":20},"end":{"line":46,"column":39}},"16":{"start":{"line":47,"column":34},"end":{"line":47,"column":67}},"17":{"start":{"line":49,"column":2},"end":{"line":51,"column":null}},"18":{"start":{"line":50,"column":4},"end":{"line":50,"column":null}},"19":{"start":{"line":53,"column":16},"end":{"line":53,"column":98}},"20":{"start":{"line":54,"column":2},"end":{"line":56,"column":null}},"21":{"start":{"line":55,"column":4},"end":{"line":55,"column":null}},"22":{"start":{"line":58,"column":28},"end":{"line":58,"column":78}},"23":{"start":{"line":59,"column":2},"end":{"line":59,"column":null}},"24":{"start":{"line":61,"column":16},"end":{"line":61,"column":90}},"25":{"start":{"line":63,"column":2},"end":{"line":65,"column":null}},"26":{"start":{"line":64,"column":4},"end":{"line":64,"column":null}},"27":{"start":{"line":66,"column":2},"end":{"line":68,"column":null}},"28":{"start":{"line":67,"column":4},"end":{"line":67,"column":null}},"29":{"start":{"line":69,"column":2},"end":{"line":69,"column":null}},"30":{"start":{"line":71,"column":2},"end":{"line":71,"column":null}},"31":{"start":{"line":73,"column":2},"end":{"line":73,"column":null}},"32":{"start":{"line":76,"column":24},"end":{"line":83,"column":1}},"33":{"start":{"line":77,"column":16},"end":{"line":77,"column":32}},"34":{"start":{"line":78,"column":18},"end":{"line":78,"column":36}},"35":{"start":{"line":79,"column":18},"end":{"line":79,"column":36}},"36":{"start":{"line":80,"column":22},"end":{"line":80,"column":50}},"37":{"start":{"line":82,"column":2},"end":{"line":82,"column":null}},"38":{"start":{"line":85,"column":17},"end":{"line":115,"column":1}},"39":{"start":{"line":85,"column":25},"end":{"line":85,"column":24}},"40":{"start":{"line":85,"column":44},"end":{"line":85,"column":43}},"41":{"start":{"line":85,"column":55},"end":{"line":85,"column":54}},"42":{"start":{"line":85,"column":80},"end":{"line":85,"column":79}},"43":{"start":{"line":87,"column":2},"end":{"line":105,"column":null}},"44":{"start":{"line":88,"column":4},"end":{"line":88,"column":null}},"45":{"start":{"line":89,"column":4},"end":{"line":89,"column":null}},"46":{"start":{"line":90,"column":4},"end":{"line":90,"column":null}},"47":{"start":{"line":91,"column":4},"end":{"line":91,"column":null}},"48":{"start":{"line":93,"column":4},"end":{"line":100,"column":null}},"49":{"start":{"line":94,"column":6},"end":{"line":94,"column":null}},"50":{"start":{"line":95,"column":6},"end":{"line":97,"column":null}},"51":{"start":{"line":96,"column":8},"end":{"line":96,"column":null}},"52":{"start":{"line":99,"column":6},"end":{"line":99,"column":null}},"53":{"start":{"line":101,"column":4},"end":{"line":101,"column":null}},"54":{"start":{"line":102,"column":4},"end":{"line":102,"column":null}},"55":{"start":{"line":103,"column":30},"end":{"line":103,"column":83}},"56":{"start":{"line":104,"column":4},"end":{"line":104,"column":null}},"57":{"start":{"line":107,"column":2},"end":{"line":114,"column":null}},"58":{"start":{"line":108,"column":9},"end":{"line":108,"column":null}},"59":{"start":{"line":109,"column":12},"end":{"line":109,"column":null}},"60":{"start":{"line":110,"column":14},"end":{"line":110,"column":null}},"61":{"start":{"line":111,"column":14},"end":{"line":111,"column":null}},"62":{"start":{"line":112,"column":24},"end":{"line":112,"column":null}},"63":{"start":{"line":113,"column":11},"end":{"line":113,"column":null}},"64":{"start":{"line":117,"column":0},"end":{"line":117,"column":null}},"65":{"start":{"line":118,"column":0},"end":{"line":118,"column":null}},"66":{"start":{"line":118,"column":21},"end":{"line":118,"column":null}}},"fnMap":{"0":{"name":"TimeOfDay","decl":{"start":{"line":38,"column":6},"end":{"line":38,"column":15}},"loc":{"start":{"line":38,"column":57},"end":{"line":74,"column":1}}},"1":{"name":"limitDescriptor","decl":{"start":{"line":76,"column":6},"end":{"line":76,"column":21}},"loc":{"start":{"line":76,"column":35},"end":{"line":83,"column":1}}},"2":{"name":"getValue","decl":{"start":{"line":85,"column":6},"end":{"line":85,"column":14}},"loc":{"start":{"line":85,"column":87},"end":{"line":115,"column":1}}},"3":{"name":"isEOD","decl":{"start":{"line":108,"column":4},"end":{"line":108,"column":9}},"loc":{"start":{"line":108,"column":9},"end":{"line":108,"column":null}}},"4":{"name":"getHours","decl":{"start":{"line":109,"column":4},"end":{"line":109,"column":12}},"loc":{"start":{"line":109,"column":12},"end":{"line":109,"column":null}}},"5":{"name":"getMinutes","decl":{"start":{"line":110,"column":4},"end":{"line":110,"column":14}},"loc":{"start":{"line":110,"column":14},"end":{"line":110,"column":null}}},"6":{"name":"getSeconds","decl":{"start":{"line":111,"column":4},"end":{"line":111,"column":14}},"loc":{"start":{"line":111,"column":14},"end":{"line":111,"column":null}}},"7":{"name":"getFractionalSeconds","decl":{"start":{"line":112,"column":4},"end":{"line":112,"column":24}},"loc":{"start":{"line":112,"column":24},"end":{"line":112,"column":null}}},"8":{"name":"valueOf","decl":{"start":{"line":113,"column":4},"end":{"line":113,"column":11}},"loc":{"start":{"line":113,"column":11},"end":{"line":113,"column":null}}},"9":{"name":"(anonymous_9)","decl":{"start":{"line":118,"column":21},"end":{"line":118,"column":27}},"loc":{"start":{"line":118,"column":21},"end":{"line":118,"column":null}}}},"branchMap":{"0":{"loc":{"start":{"line":38,"column":42},"end":{"line":38,"column":55}},"type":"cond-expr","locations":[{"start":{"line":38,"column":42},"end":{"line":38,"column":45}},{"start":{"line":38,"column":45},"end":{"line":38,"column":55}}]},"1":{"loc":{"start":{"line":38,"column":42},"end":{"line":38,"column":45}},"type":"binary-expr","locations":[{"start":{"line":38,"column":42},"end":{"line":38,"column":45}},{"start":{"line":38,"column":42},"end":{"line":38,"column":45}}]},"2":{"loc":{"start":{"line":38,"column":45},"end":{"line":38,"column":55}},"type":"binary-expr","locations":[{"start":{"line":38,"column":45},"end":{"line":38,"column":49}},{"start":{"line":38,"column":53},"end":{"line":38,"column":55}}]},"3":{"loc":{"start":{"line":49,"column":2},"end":{"line":51,"column":null}},"type":"if","locations":[{"start":{"line":49,"column":2},"end":{"line":51,"column":null}}]},"4":{"loc":{"start":{"line":49,"column":6},"end":{"line":49,"column":90}},"type":"binary-expr","locations":[{"start":{"line":49,"column":6},"end":{"line":49,"column":32}},{"start":{"line":49,"column":36},"end":{"line":49,"column":54}},{"start":{"line":49,"column":58},"end":{"line":49,"column":90}}]},"5":{"loc":{"start":{"line":53,"column":16},"end":{"line":53,"column":98}},"type":"binary-expr","locations":[{"start":{"line":53,"column":16},"end":{"line":53,"column":52}},{"start":{"line":53,"column":56},"end":{"line":53,"column":98}}]},"6":{"loc":{"start":{"line":53,"column":16},"end":{"line":53,"column":38}},"type":"cond-expr","locations":[{"start":{"line":53,"column":33},"end":{"line":53,"column":36}},{"start":{"line":53,"column":16},"end":{"line":53,"column":38}}]},"7":{"loc":{"start":{"line":53,"column":16},"end":{"line":53,"column":36}},"type":"binary-expr","locations":[{"start":{"line":53,"column":16},"end":{"line":53,"column":36}},{"start":{"line":53,"column":16},"end":{"line":53,"column":36}}]},"8":{"loc":{
[...]
,"column":83}},{"start":{"line":59,"column":67},"end":{"line":59,"column":85}}]},"33":{"loc":{"start":{"line":59,"column":67},"end":{"line":59,"column":83}},"type":"binary-expr","locations":[{"start":{"line":59,"column":67},"end":{"line":59,"column":83}},{"start":{"line":59,"column":67},"end":{"line":59,"column":83}}]},"34":{"loc":{"start":{"line":61,"column":16},"end":{"line":61,"column":102}},"type":"binary-expr","locations":[{"start":{"line":61,"column":16},"end":{"line":61,"column":47}},{"start":{"line":61,"column":51},"end":{"line":61,"column":93}},{"start":{"line":61,"column":97},"end":{"line":61,"column":102}}]},"35":{"loc":{"start":{"line":61,"column":16},"end":{"line":61,"column":33}},"type":"cond-expr","locations":[{"start":{"line":61,"column":28},"end":{"line":61,"column":31}},{"start":{"line":61,"column":16},"end":{"line":61,"column":33}}]},"36":{"loc":{"start":{"line":61,"column":16},"end":{"line":61,"column":31}},"type":"binary-expr","locations":[{"start":{"line":61,"column":16},"end":{"line":61,"column":31}},{"start":{"line":61,"column":16},"end":{"line":61,"column":31}}]},"37":{"loc":{"start":{"line":61,"column":51},"end":{"line":61,"column":79}},"type":"cond-expr","locations":[{"start":{"line":61,"column":74},"end":{"line":61,"column":77}},{"start":{"line":61,"column":51},"end":{"line":61,"column":79}}]},"38":{"loc":{"start":{"line":61,"column":51},"end":{"line":61,"column":77}},"type":"binary-expr","locations":[{"start":{"line":61,"column":51},"end":{"line":61,"column":77}},{"start":{"line":61,"column":51},"end":{"line":61,"column":77}}]},"39":{"loc":{"start":{"line":63,"column":2},"end":{"line":79,"column":null}},"type":"if","locations":[{"start":{"line":63,"column":2},"end":{"line":79,"column":null}},{"start":{"line":68,"column":9},"end":{"line":79,"column":null}}]},"40":{"loc":{"start":{"line":69,"column":21},"end":{"line":69,"column":89}},"type":"binary-expr","locations":[{"start":{"line":69,"column":21},"end":{"line":69,"column":38}},{"start":{"line":69,"column":42},"end":{"line":69,"column":56}},{"start":{"line":69,"column":60},"end":{"line":69,"column":88}}]},"41":{"loc":{"start":{"line":69,"column":21},"end":{"line":69,"column":38}},"type":"cond-expr","locations":[{"start":{"line":69,"column":33},"end":{"line":69,"column":36}},{"start":{"line":69,"column":21},"end":{"line":69,"column":38}}]},"42":{"loc":{"start":{"line":69,"column":21},"end":{"line":69,"column":36}},"type":"binary-expr","locations":[{"start":{"line":69,"column":21},"end":{"line":69,"column":36}},{"start":{"line":69,"column":21},"end":{"line":69,"column":36}}]},"43":{"loc":{"start":{"line":69,"column":42},"end":{"line":69,"column":56}},"type":"cond-expr","locations":[{"start":{"line":69,"column":51},"end":{"line":69,"column":54}},{"start":{"line":69,"column":42},"end":{"line":69,"column":56}}]},"44":{"loc":{"start":{"line":69,"column":42},"end":{"line":69,"column":54}},"type":"binary-expr","locations":[{"start":{"line":69,"column":42},"end":{"line":69,"column":54}},{"start":{"line":69,"column":42},"end":{"line":69,"column":54}}]},"45":{"loc":{"start":{"line":69,"column":60},"end":{"line":69,"column":88}},"type":"cond-expr","locations":[{"start":{"line":69,"column":83},"end":{"line":69,"column":86}},{"start":{"line":69,"column":60},"end":{"line":69,"column":88}}]},"46":{"loc":{"start":{"line":69,"column":60},"end":{"line":69,"column":86}},"type":"binary-expr","locations":[{"start":{"line":69,"column":60},"end":{"line":69,"column":86}},{"start":{"line":69,"column":60},"end":{"line":69,"column":86}}]},"47":{"loc":{"start":{"line":70,"column":4},"end":{"line":75,"column":null}},"type":"if","locations":[{"start":{"line":70,"column":4},"end":{"line":75,"column":null}}]},"48":{"loc":{"start":{"line":71,"column":15},"end":{"line":71,"column":59}},"type":"cond-expr","locations":[{"start":{"line":71,"column":53},"end":{"line":71,"column":54}},{"start":{"line":71,"column":57},"end":{"line":71,"column":59}}]},"49":{"loc":{"start":{"line":72,"column":6},"end":{"line":74,"column":null}},"type":"if","locations":[{"start":{"line":72,"column":6},"end":{"line":74,"column":null}}]},"50":{"loc":{"start":{"line":76,"column":23},"end":{"line":76,"column":91}},"type":"binary-expr","locations":[{"start":{"line":76,"column":23},"end":{"line":76,"column":40}},{"start":{"line":76,"column":44},"end":{"line":76,"column":58}},{"start":{"line":76,"column":62},"end":{"line":76,"column":90}}]},"51":{"loc":{"start":{"line":76,"column":23},"end":{"line":76,"column":40}},"type":"cond-expr","locations":[{"start":{"line":76,"column":35},"end":{"line":76,"column":38}},{"start":{"line":76,"column":23},"end":{"line":76,"column":40}}]},"52":{"loc":{"start":{"line":76,"column":23},"end":{"line":76,"column":38}},"type":"binary-expr","locations":[{"start":{"line":76,"column":23},"end":{"line":76,"column":38}},{"start":{"line":76,"column":23},"end":{"line":76,"column":38}}]},"53":{"loc":{"start":{"line":76,"column":44},"end":{"line":76,"column":58}},"type":"cond-expr","locations":[{"start":{"line":76,"column":53},"end":{"line":76,"column":56}},{"start":{"line":76,"column":44},"end":{"line":76,"column":58}}]},"54":{"loc":{"start":{"line":76,"column":44},"end":{"line":76,"column":56}},"type":"binary-expr","locations":[{"start":{"line":76,"column":44},"end":{"line":76,"column":56}},{"start":{"line":76,"column":44},"end":{"line":76,"column":56}}]},"55":{"loc":{"start":{"line":76,"column":62},"end":{"line":76,"column":90}},"type":"cond-expr","locations":[{"start":{"line":76,"column":85},"end":{"line":76,"column":88}},{"start":{"line":76,"column":62},"end":{"line":76,"column":90}}]},"56":{"loc":{"start":{"line":76,"column":62},"end":{"line":76,"column":88}},"type":"binary-expr","locations":[{"start":{"line":76,"column":62},"end":{"line":76,"column":88}},{"start":{"line":76,"column":62},"end":{"line":76,"column":88}}]},"57":{"loc":{"start":{"line":77,"column":23},"end":{"line":77,"column":76}},"type":"binary-expr","locations":[{"start":{"line":77,"column":23},"end":{"line":77,"column":37}},{"start":{"line":77,"column":41},"end":{"line":77,"column":69}},{"start":{"line":77,"column":73},"end":{"line":77,"column":76}}]},"58":{"loc":{"start":{"line":77,"column":23},"end":{"line":77,"column":37}},"type":"cond-expr","locations":[{"start":{"line":77,"column":32},"end":{"line":77,"column":35}},{"start":{"line":77,"column":23},"end":{"line":77,"column":37}}]},"59":{"loc":{"start":{"line":77,"column":23},"end":{"line":77,"column":35}},"type":"binary-expr","locations":[{"start":{"line":77,"column":23},"end":{"line":77,"column":35}},{"start":{"line":77,"column":23},"end":{"line":77,"column":35}}]},"60":{"loc":{"start":{"line":77,"column":41},"end":{"line":77,"column":69}},"type":"cond-expr","locations":[{"start":{"line":77,"column":64},"end":{"line":77,"column":67}},{"start":{"line":77,"column":41},"end":{"line":77,"column":69}}]},"61":{"loc":{"start":{"line":77,"column":41},"end":{"line":77,"column":67}},"type":"binary-expr","locations":[{"start":{"line":77,"column":41},"end":{"line":77,"column":67}},{"start":{"line":77,"column":41},"end":{"line":77,"column":67}}]},"62":{"loc":{"start":{"line":78,"column":39},"end":{"line":78,"column":92}},"type":"binary-expr","locations":[{"start":{"line":78,"column":39},"end":{"line":78,"column":53}},{"start":{"line":78,"column":57},"end":{"line":78,"column":85}},{"start":{"line":78,"column":89},"end":{"line":78,"column":92}}]},"63":{"loc":{"start":{"line":78,"column":39},"end":{"line":78,"column":53}},"type":"cond-expr","locations":[{"start":{"line":78,"column":48},"end":{"line":78,"column":51}},{"start":{"line":78,"column":39},"end":{"line":78,"column":53}}]},"64":{"loc":{"start":{"line":78,"column":39},"end":{"line":78,"column":51}},"type":"binary-expr","locations":[{"start":{"line":78,"column":39},"end":{"line":78,"column":51}},{"start":{"line":78,"column":39},"end":{"line":78,"column":51}}]},"65":{"loc":{"start":{"line":78,"column":57},"end":{"line":78,"column":85}},"type":"cond-expr","locations":[{"start":{"line":78,"column":80},"end":{"line":78,"column":83}},{"start":{"line":78,"column":57},"end":{"line":78,"column":85}}]},"66":{"loc":{"start":{"line":78,"column":57},"end":{"line":78,"column":83}},"type":"binary-expr","locations":[{"start":{"line":78,"column":57},"end":{"line":78,"column":83}},{"start":{"line":78,"column":57},"end":{"line":78,"column":83}}]},"67":{"loc":{"start":{"line":81,"column":19},"end":{"line":81,"column":103}},"type":"binary-expr","locations":[{"start":{"line":81,"column":19},"end":{"line":81,"column":36}},{"start":{"line":81,"column":40},"end":{"line":81,"column":54}},{"start":{"line":81,"column":58},"end":{"line":81,"column":86}},{"start":{"line":81,"column":90},"end":{"line":81,"column":103}}]},"68":{"loc":{"start":{"line":81,"column":19},"end":{"line":81,"column":36}},"type":"cond-expr","locations":[{"start":{"line":81,"column":31},"end":{"line":81,"column":34}},{"start":{"line":81,"column":19},"end":{"line":81,"column":36}}]},"69":{"loc":{"start":{"line":81,"column":19},"end":{"line":81,"column":34}},"type":"binary-expr","locations":[{"start":{"line":81,"column":19},"end":{"line":81,"column":34}},{"start":{"line":81,"column":19},"end":{"line":81,"column":34}}]},"70":{"loc":{"start":{"line":81,"column":40},"end":{"line":81,"column":54}},"type":"cond-expr","locations":[{"start":{"line":81,"column":49},"end":{"line":81,"column":52}},{"start":{"line":81,"column":40},"end":{"line":81,"column":54}}]},"71":{"loc":{"start":{"line":81,"column":40},"end":{"line":81,"column":52}},"type":"binary-expr","locations":[{"start":{"line":81,"column":40},"end":{"line":81,"column":52}},{"start":{"line":81,"column":40},"end":{"line":81,"column":52}}]},"72":{"loc":{"start":{"line":81,"column":58},"end":{"line":81,"column":86}},"type":"cond-expr","locations":[{"start":{"line":81,"column":81},"end":{"line":81,"column":84}},{"start":{"line":81,"column":58},"end":{"line":81,"column":86}}]},"73":{"loc":{"start":{"line":81,"column":58},"end":{"line":81,"column":84}},"type":"binary-expr","locations":[{"start":{"line":81,"column":58},"end":{"line":81,"column":84}},{"start":{"line":81,"column":58},"end":{"line":81,"column":84}}]}},"s":{"0":3,"1":3,"2":3,"3":3,"4":92,"5":92,"6":92,"7":92,"8":92,"9":92,"10":92,"11":92,"12":10,"13":82,"14":82,"15":82,"16":82,"17":82,"18":82,"19":82,"20":82,"21":3,"22":79,"23":1,"24":78,"25":78,"26":78,"27":8,"28":8,"29":70,"30":78,"31":78,"32":78,"33":4,"34":4,"35":4,"36":4,"37":74,"38":74,"39":2,"40":2,"41":1,"42":74,"43":74,"44":74,"45":78,"46":78,"47":78},"f":{"0":92},"b":{"0":[6,86],"1":[4,88],"2":[76,16],"3":[10],"4":[8,74],"5":[57,25],"6":[15,67],"7":[3,79],"8":[1],"9":[78,76,74],"10":[22,56],"11":[78,56],"12":[62,14],"13":[76,14],"14":[78,70,14],"15":[70,8],"16":[78,8],"17":[14,56],"18":[70,56],"19":[0,14],"20":[14,14],"21":[8,70],"22":[70,14],"23":[14,56],"24":[70,56],"25":[0,14],"26":[14,14],"27":[78,70,14],"28":[70,8],"29":[78,8],"30":[14,56],"31":[70,56],"32":[0,14],"33":[14,14],"34":[78,77,74],"35":[74,4],"36":[78,4],"37":[3,74],"38":[77,74],"39":[4,74],"40":[74,71,69],"41":[71,3],"42":[74,3],"43":[69,2],"44":[71,2],"45":[0,69],"46":[69,69],"47":[2],"48":[1,1],"49":[1],"50":[74,71,69],"51":[71,3],"52":[74,3],"53":[69,2],"54":[71,2],"55":[0,69],"56":[69,69],"57":[74,74,59],"58":[72,2],"59":[74,2],"60":[3,71],"61":[74,71],"62":[74,74,67],"63":[72,2],"64":[74,2],"65":[3,71],"66":[74,71],"67":[78,78,78,52],"68":[74,4],"69":[78,4],"70":[76,2],"71":[78,2],"72":[4,74],"73":[78,74]}}
,"/Users/zane/playground/string-input/src/lib/date-time/process-iso-8601-date-time.mjs": {"path":"/Users/zane/playground/string-input/src/lib/date-time/process-iso-8601-date-time.mjs","statementMap":{"0":{"start":{"line":1,"column":0},"end":{"line":1,"column":null}},"1":{"start":{"line":3,"column":29},"end":{"line":3,"column":35}},"2":{"start":{"line":5,"column":28},"end":{"line":54,"column":1}},"3":{"start":{"line":6,"column":2},"end":{"line":10,"column":null}},"4":{"start":{"line":7,"column":4},"end":{"line":7,"column":null}},"5":{"start":{"line":8,"column":9},"end":{"line":10,"column":null}},"6":{"start":{"line":9,"column":4},"end":{"line":9,"column":null}},"7":{"start":{"line":12,"column":15},"end":{"line":12,"column":40}},"8":{"start":{"line":13,"column":16},"end":{"line":13,"column":46}},"9":{"start":{"line":14,"column":14},"end":{"line":14,"column":44}},"10":{"start":{"line":15,"column":16},"end":{"line":15,"column":45}},"11":{"start":{"line":16,"column":16},"end":{"line":16,"column":64}},"12":{"start":{"line":19,"column":2},"end":{"line":47,"column":null}},"13":{"start":{"line":20,"column":4},"end":{"line":20,"column":null}},"14":{"start":{"line":21,"column":4},"end":{"line":21,"column":null}},"15":{"start":{"line":22,"column":4},"end":{"line":22,"column":null}},"16":{"start":{"line":23,"column":9},"end":{"line":47,"column":null}},"17":{"start":{"line":24,"column":22},"end":{"line":24,"column":53}},"18":{"start":{"line":25,"column":24},"end":{"line":25,"column":38}},"19":{"start":{"line":26,"column":4},"end":{"line":26,"column":null}},"20":{"start":{"line":27,"column":24},"end":{"line":27,"column":39}},"21":{"start":{"line":28,"column":24},"end":{"line":28,"column":40}},"22":{"start":{"line":29,"column":4},"end":{"line":29,"column":null}},"23":{"start":{"line":31,"column":4},"end":{"line":31,"column":null}},"24":{"start":{"line":33,"column":4},"end":{"line":33,"column":null}},"25":{"start":{"line":34,"column":4},"end":{"line":46,"column":null}},"26":{"start":{"line":35,"column":6},"end":{"line":35,"column":null}},"27":{"start":{"line":36,"column":6},"end":{"line":36,"column":null}},"28":{"start":{"line":37,"column":11},"end":{"line":46,"column":null}},"29":{"start":{"line":38,"column":26},"end":{"line":38,"column":57}},"30":{"start":{"line":39,"column":26},"end":{"line":39,"column":42}},"31":{"start":{"line":40,"column":6},"end":{"line":40,"column":null}},"32":{"start":{"line":42,"column":6},"end":{"line":42,"column":null}},"33":{"start":{"line":44,"column":6},"end":{"line":44,"column":null}},"34":{"start":{"line":45,"column":6},"end":{"line":45,"column":null}},"35":{"start":{"line":49,"column":19},"end":{"line":49,"column":52}},"36":{"start":{"line":51,"column":4},"end":{"line":51,"column":106}},"37":{"start":{"line":53,"column":2},"end":{"line":53,"column":null}},"38":{"start":{"line":56,"column":25},"end":{"line":56,"column":null}},"39":{"start":{"line":56,"column":37},"end":{"line":56,"column":null}}},"fnMap":{"0":{"name":"processISO8601DateTime","decl":{"start":{"line":5,"column":6},"end":{"line":5,"column":28}},"loc":{"start":{"line":5,"column":81},"end":{"line":54,"column":1}}},"1":{"name":"roundFracSeconds","decl":{"start":{"line":56,"column":6},"end":{"line":56,"column":22}},"loc":{"start":{"line":56,"column":37},"end":{"line":56,"column":null}}}},"branchMap":{"0":{"loc":{"start":{"line":6,"column":2},"end":{"line":10,"column":null}},"type":"if","locations":[{"start":{"line":6,"column":2},"end":{"line":10,"column":null}},{"start":{"line":8,"column":9},"end":{"line":10,"column":null}}]},"1":{"loc":{"start":{"line":8,"column":9},"end":{"line":10,"column":null}},"type":"if","locations":[{"start":{"line":8,"column":9},"end":{"line":10,"column":null}}]},"2":{"loc":{"start":{"line":13,"column":16},"end":{"line":13,"column":46}},"type":"binary-expr","locations":[{"start":{"line":13,"column":16},"end":{"line":13,"column":41}},{"start":{"line":13,"column":45},"end":{"line":13,"column":46}}]},"3":{"loc":{"start":{"line":14,"column":14},"end":{"line":14,"column":44}},"type":"binary-expr","locations":[{"start":{"line":14,"column":14},"end":{"line":14,"column":39}},{"start":{"line":14,"column":43},"end":{"line":14,"column":44}}]},"4":{"loc":{"start":{"line":16,"column":16},"end":{"line":16,"column":64}},"type":"cond-expr","locations":[{"start":{"line":16,"column":33},"end":{"line":16,"column":35}},{"start":{"line":16,"column":38},"end":{"line":16,"column":64}}]},"5":{"loc":{"start":{"line":19,"column":2},"end":{"line":47,"column":null}},"type":"if","locations":[{"start":{"line":19,"column":2},"end":{"line":47,"column":null}},{"start":{"line":23,"column":9},"end":{"line":47,"column":null}}]},"6":{"loc":{"start":{"line":19,"column":6},"end":{"line":19,"column":104}},"type":"binary-expr","locations":[{"start":{"line":19,"column":6},"end":{"line":19,"column":36}},{"start":{"line":19,"column":40},"end":{"line":19,"column":70}},{"start":{"line":19,"column":74},"end":{"line":19,"column":104}}]},"7":{"loc":{"start":{"line":23,"column":9},"end":{"line":47,"column":null}},"type":"if","locations":[{"start":{"line":23,"column":9},"end":{"line":47,"column":null}},{"start":{"line":32,"column":9},"end":{"line":47,"column":null}}]},"8":{"loc":{"start":{"line":34,"column":4},"end":{"line":46,"column":null}},"type":"if","locations":[{"start":{"line":34,"column":4},"end":{"line":46,"column":null}},{"start":{"line":37,"column":11},"end":{"line":46,"column":null}}]},"9":{"loc":{"start":{"line":34,"column":8},"end":{"line":34,"column":72}},"type":"binary-expr","locations":[{"start":{"line":34,"column":8},"end":{"line":34,"column":38}},{"start":{"line":34,"column":42},"end":{"line":34,"column":72}}]},"10":{"loc":{"start":{"line":37,"column":11},"end":{"line":46,"column":null}},"type":"if","locations":[{"start":{"line":37,"column":11},"end":{"line":46,"column":null}},{"start":{"line":43,"column":11},"end":{"line":46,"column":null}}]},"11":{"loc":{"start":{"line":45,"column":20},"end":{"line":45,"column":88}},"type":"cond-expr","locations":[{"start":{"line":45,"column":53},"end":{"line":45,"column":54}},{"start":{"line":45,"column":57},"end":{"line":45,"column":88}}]},"12":{"loc":{"start":{"line":49,"column":19},"end":{"line":49,"column":52}},"type":"binary-expr","locations":[{"start":{"line":49,"column":19},"end":{"line":49,"column":35}},{"start":{"line":49,"column":39},"end":{"line":49,"column":52}}]}},"s":{"0":3,"1":3,"2":3,"3":19,"4":1,"5":18,"6":1,"7":17,"8":17,"9":17,"10":17,"11":17,"12":17,"13":4,"14":4,"15":4,"16":13,"17":3,"18":3,"19":3,"20":3,"21":3,"22":3,"23":3,"24":10,"25":10,"26":1,"27":1,"28":9,"29":2,"30":2,"31":2,"32":2,"33":7,"34":7,"35":17,"36":17,"37":17,"38":3,"39":5},"f":{"0":19,"1":5},"b":{"0":[1,18],"1":[1],"2":[17,1],"3":[17,2],"4":[1,16],"5":[4,13],"6":[17,14,4],"7":[3,10],"8":[1,9],"9":[10,8],"10":[2,7],"11":[1,6],"12":[17,2]}}
,"/Users/zane/playground/string-input/src/lib/date-time/process-rfc-2822-date-time.mjs": {"path":"/Users/zane/playground/string-input/src/lib/date-time/process-rfc-2822-date-time.mjs","statementMap":{"0":{"start":{"line":1,"column":0},"end":{"line":1,"column":null}},"1":{"start":{"line":2,"column":0},"end":{"line":2,"column":null}},"2":{"start":{"line":4,"column":28},"end":{"line":18,"column":1}},"3":{"start":{"line":5,"column":15},"end":{"line":5,"column":40}},"4":{"start":{"line":6,"column":20},"end":{"line":6,"column":35}},"5":{"start":{"line":7,"column":16},"end":{"line":7,"column":43}},"6":{"start":{"line":8,"column":14},"end":{"line":8,"column":39}},"7":{"start":{"line":9,"column":16},"end":{"line":9,"column":41}},"8":{"start":{"line":10,"column":18},"end":{"line":10,"column":43}},"9":{"start":{"line":11,"column":18},"end":{"line":11,"column":43}},"10":{"start":{"line":12,"column":19},"end":{"line":12,"column":51}},"11":{"start":{"line":15,"column":4},"end":{"line":15,"column":96}},"12":{"start":{"line":17,"column":2},"end":{"line":17,"column":null}}},"fnMap":{"0":{"name":"processRFC2822DateTime","decl":{"start":{"line":4,"column":6},"end":{"line":4,"column":28}},"loc":{"start":{"line":4,"column":81},"end":{"line":18,"column":1}}}},"branchMap":{"0":{"loc":{"start":{"line":12,"column":19},"end":{"line":12,"column":51}},"type":"binary-expr","locations":[{"start":{"line":12,"column":19},"end":{"line":12,"column":34}},{"start":{"line":12,"column":38},"end":{"line":12,"column":51}}]}},"s":{"0":3,"1":3,"2":3,"3":6,"4":6,"5":6,"6":6,"7":6,"8":6,"9":6,"10":6,"11":6,"12":6},"f":{"0":6},"b":{"0":[6,2]}}
}
